2021-01-08 21:30:26,509 - mmdet - INFO - Environment info:
------------------------------------------------------------
sys.platform: linux
Python: 3.7.4 (default, Aug 13 2019, 20:35:49) [GCC 7.3.0]
CUDA available: True
GPU 0,1,2,3,4,5,6,7: GeForce GTX 1080 Ti
CUDA_HOME: /usr/local/cuda-9.2
NVCC: Cuda compilation tools, release 9.2, V9.2.148
GCC: gcc (Ubuntu 7.5.0-3ubuntu1~18.04) 7.5.0
PyTorch: 1.3.1+cu92
PyTorch compiling details: PyTorch built with:
  - GCC 7.3
  - Intel(R) Math Kernel Library Version 2019.0.4 Product Build 20190411 for Intel(R) 64 architecture applications
  - Intel(R) MKL-DNN v0.20.5 (Git Hash 0125f28c61c1f822fd48570b4c1066f96fcb9b2e)
  - OpenMP 201511 (a.k.a. OpenMP 4.5)
  - NNPACK is enabled
  - CUDA Runtime 9.2
  - NVCC architecture flags: -gencode;arch=compute_37,code=sm_37;-gencode;arch=compute_50,code=sm_50;-gencode;arch=compute_60,code=sm_60;-gencode;arch=compute_61,code=sm_61;-gencode;arch=compute_70,code=sm_70;-gencode;arch=compute_37,code=compute_37
  - CuDNN 7.6.3
  - Magma 2.5.1
  - Build settings: BLAS=MKL, BUILD_NAMEDTENSOR=OFF, BUILD_TYPE=Release, CXX_FLAGS= -Wno-deprecated -fvisibility-inlines-hidden -fopenmp -DUSE_FBGEMM -DUSE_QNNPACK -DUSE_PYTORCH_QNNPACK -O2 -fPIC -Wno-narrowing -Wall -Wextra -Wno-missing-field-initializers -Wno-type-limits -Wno-array-bounds -Wno-unknown-pragmas -Wno-sign-compare -Wno-unused-parameter -Wno-unused-variable -Wno-unused-function -Wno-unused-result -Wno-strict-overflow -Wno-strict-aliasing -Wno-error=deprecated-declarations -Wno-stringop-overflow -Wno-error=pedantic -Wno-error=redundant-decls -Wno-error=old-style-cast -fdiagnostics-color=always -faligned-new -Wno-unused-but-set-variable -Wno-maybe-uninitialized -fno-math-errno -fno-trapping-math -Wno-stringop-overflow, DISABLE_NUMA=1, PERF_WITH_AVX=1, PERF_WITH_AVX2=1, PERF_WITH_AVX512=1, USE_CUDA=True, USE_EXCEPTION_PTR=1, USE_GFLAGS=OFF, USE_GLOG=OFF, USE_MKL=ON, USE_MKLDNN=ON, USE_MPI=OFF, USE_NCCL=ON, USE_NNPACK=ON, USE_OPENMP=ON, USE_STATIC_DISPATCH=OFF, 

TorchVision: 0.4.2+cu92
OpenCV: 4.1.0
MMCV: 1.2.2
MMCV Compiler: GCC 7.3
MMCV CUDA Compiler: 9.2
MMDetection: 2.7.0+fc0a9eb
------------------------------------------------------------

2021-01-08 21:30:26,830 - mmdet - INFO - Distributed training: False
2021-01-08 21:30:27,128 - mmdet - INFO - Config:
model = dict(
    type='FasterRCNN',
    pretrained='checkpoints/faster_rcnn_r101_fpn_1x_coco_20200130-f513f705.pth',
    backbone=dict(
        type='ResNet',
        depth=101,
        num_stages=4,
        out_indices=(0, 1, 2, 3),
        frozen_stages=1,
        norm_cfg=dict(type='BN', requires_grad=True),
        norm_eval=True,
        style='pytorch'),
    neck=dict(
        type='FPN',
        in_channels=[256, 512, 1024, 2048],
        out_channels=256,
        num_outs=5),
    rpn_head=dict(
        type='RPNHead',
        in_channels=256,
        feat_channels=256,
        anchor_generator=dict(
            type='AnchorGenerator',
            scales=[8],
            ratios=[0.5, 1.0, 2.0],
            strides=[4, 8, 16, 32, 64]),
        bbox_coder=dict(
            type='DeltaXYWHBBoxCoder',
            target_means=[0.0, 0.0, 0.0, 0.0],
            target_stds=[1.0, 1.0, 1.0, 1.0]),
        loss_cls=dict(
            type='CrossEntropyLoss', use_sigmoid=True, loss_weight=1.0),
        loss_bbox=dict(type='L1Loss', loss_weight=1.0)),
    roi_head=dict(
        type='StandardRoIHead',
        bbox_roi_extractor=dict(
            type='SingleRoIExtractor',
            roi_layer=dict(type='RoIAlign', output_size=7, sampling_ratio=0),
            out_channels=256,
            featmap_strides=[4, 8, 16, 32]),
        bbox_head=dict(
            type='Shared2FCBBoxHead',
            in_channels=256,
            fc_out_channels=1024,
            roi_feat_size=7,
            num_classes=1,
            bbox_coder=dict(
                type='DeltaXYWHBBoxCoder',
                target_means=[0.0, 0.0, 0.0, 0.0],
                target_stds=[0.1, 0.1, 0.2, 0.2]),
            reg_class_agnostic=False,
            loss_cls=dict(
                type='CrossEntropyLoss', use_sigmoid=False, loss_weight=1.0),
            loss_bbox=dict(type='L1Loss', loss_weight=1.0))))
train_cfg = dict(
    rpn=dict(
        assigner=dict(
            type='MaxIoUAssigner',
            pos_iou_thr=0.7,
            neg_iou_thr=0.3,
            min_pos_iou=0.3,
            match_low_quality=True,
            ignore_iof_thr=-1),
        sampler=dict(
            type='RandomSampler',
            num=256,
            pos_fraction=0.5,
            neg_pos_ub=-1,
            add_gt_as_proposals=False),
        allowed_border=-1,
        pos_weight=-1,
        debug=False),
    rpn_proposal=dict(
        nms_across_levels=False,
        nms_pre=2000,
        nms_post=1000,
        max_num=1000,
        nms_thr=0.7,
        min_bbox_size=0),
    rcnn=dict(
        assigner=dict(
            type='MaxIoUAssigner',
            pos_iou_thr=0.5,
            neg_iou_thr=0.5,
            min_pos_iou=0.5,
            match_low_quality=False,
            ignore_iof_thr=-1),
        sampler=dict(
            type='RandomSampler',
            num=512,
            pos_fraction=0.25,
            neg_pos_ub=-1,
            add_gt_as_proposals=True),
        pos_weight=-1,
        debug=False))
test_cfg = dict(
    rpn=dict(
        nms_across_levels=False,
        nms_pre=1000,
        nms_post=1000,
        max_num=1000,
        nms_thr=0.7,
        min_bbox_size=0),
    rcnn=dict(
        score_thr=0.05,
        nms=dict(type='nms', iou_threshold=0.5),
        max_per_img=100))
dataset_type = 'CocoDataset'
data_root = 'data/coco/SSDD/'
img_norm_cfg = dict(
    mean=[123.675, 116.28, 103.53], std=[58.395, 57.12, 57.375], to_rgb=True)
train_pipeline = [
    dict(type='LoadImageFromFile'),
    dict(type='LoadAnnotations', with_bbox=True),
    dict(type='Resize', img_scale=(1333, 800), keep_ratio=True),
    dict(type='RandomFlip', flip_ratio=0.5),
    dict(
        type='Normalize',
        mean=[123.675, 116.28, 103.53],
        std=[58.395, 57.12, 57.375],
        to_rgb=True),
    dict(type='Pad', size_divisor=32),
    dict(type='DefaultFormatBundle'),
    dict(type='Collect', keys=['img', 'gt_bboxes', 'gt_labels'])
]
test_pipeline = [
    dict(type='LoadImageFromFile'),
    dict(
        type='MultiScaleFlipAug',
        img_scale=(1333, 800),
        flip=False,
        transforms=[
            dict(type='Resize', keep_ratio=True),
            dict(type='RandomFlip'),
            dict(
                type='Normalize',
                mean=[123.675, 116.28, 103.53],
                std=[58.395, 57.12, 57.375],
                to_rgb=True),
            dict(type='Pad', size_divisor=32),
            dict(type='ImageToTensor', keys=['img']),
            dict(type='Collect', keys=['img'])
        ])
]
data = dict(
    samples_per_gpu=2,
    workers_per_gpu=2,
    train=dict(
        type='CocoDataset',
        ann_file='data/coco/SSDD/annotations/voc_2007_train.json',
        img_prefix='data/coco/SSDD/train2007/',
        pipeline=[
            dict(type='LoadImageFromFile'),
            dict(type='LoadAnnotations', with_bbox=True),
            dict(type='Resize', img_scale=(1333, 800), keep_ratio=True),
            dict(type='RandomFlip', flip_ratio=0.5),
            dict(
                type='Normalize',
                mean=[123.675, 116.28, 103.53],
                std=[58.395, 57.12, 57.375],
                to_rgb=True),
            dict(type='Pad', size_divisor=32),
            dict(type='DefaultFormatBundle'),
            dict(type='Collect', keys=['img', 'gt_bboxes', 'gt_labels'])
        ]),
    val=dict(
        type='CocoDataset',
        ann_file='data/coco/SSDD/annotations/voc_2007_val.json',
        img_prefix='data/coco/SSDD/val2007/',
        pipeline=[
            dict(type='LoadImageFromFile'),
            dict(
                type='MultiScaleFlipAug',
                img_scale=(1333, 800),
                flip=False,
                transforms=[
                    dict(type='Resize', keep_ratio=True),
                    dict(type='RandomFlip'),
                    dict(
                        type='Normalize',
                        mean=[123.675, 116.28, 103.53],
                        std=[58.395, 57.12, 57.375],
                        to_rgb=True),
                    dict(type='Pad', size_divisor=32),
                    dict(type='ImageToTensor', keys=['img']),
                    dict(type='Collect', keys=['img'])
                ])
        ]),
    test=dict(
        type='CocoDataset',
        ann_file='data/coco/SSDD/annotations/voc_2007_test.json',
        img_prefix='data/coco/SSDD/test2007/',
        pipeline=[
            dict(type='LoadImageFromFile'),
            dict(
                type='MultiScaleFlipAug',
                img_scale=(1333, 800),
                flip=False,
                transforms=[
                    dict(type='Resize', keep_ratio=True),
                    dict(type='RandomFlip'),
                    dict(
                        type='Normalize',
                        mean=[123.675, 116.28, 103.53],
                        std=[58.395, 57.12, 57.375],
                        to_rgb=True),
                    dict(type='Pad', size_divisor=32),
                    dict(type='ImageToTensor', keys=['img']),
                    dict(type='Collect', keys=['img'])
                ])
        ]))
evaluation = dict(interval=1, metric='bbox')
optimizer = dict(type='SGD', lr=0.02, momentum=0.9, weight_decay=0.0001)
optimizer_config = dict(grad_clip=None)
lr_config = dict(
    policy='step',
    warmup='linear',
    warmup_iters=500,
    warmup_ratio=0.001,
    step=[8, 11])
total_epochs = 24
checkpoint_config = dict(interval=1)
log_config = dict(interval=50, hooks=[dict(type='TextLoggerHook')])
dist_params = dict(backend='nccl')
log_level = 'INFO'
load_from = None
resume_from = None
workflow = [('train', 1)]
work_dir = 'output2021010802'
gpu_ids = range(0, 1)

2021-01-08 21:30:27,634 - mmdet - INFO - load model from: checkpoints/faster_rcnn_r101_fpn_1x_coco_20200130-f513f705.pth
2021-01-08 21:30:27,800 - mmdet - WARNING - The model and loaded state dict do not match exactly

unexpected key in source state_dict: backbone.conv1.weight, backbone.bn1.weight, backbone.bn1.bias, backbone.bn1.running_mean, backbone.bn1.running_var, backbone.bn1.num_batches_tracked, backbone.layer1.0.conv1.weight, backbone.layer1.0.bn1.weight, backbone.layer1.0.bn1.bias, backbone.layer1.0.bn1.running_mean, backbone.layer1.0.bn1.running_var, backbone.layer1.0.bn1.num_batches_tracked, backbone.layer1.0.conv2.weight, backbone.layer1.0.bn2.weight, backbone.layer1.0.bn2.bias, backbone.layer1.0.bn2.running_mean, backbone.layer1.0.bn2.running_var, backbone.layer1.0.bn2.num_batches_tracked, backbone.layer1.0.conv3.weight, backbone.layer1.0.bn3.weight, backbone.layer1.0.bn3.bias, backbone.layer1.0.bn3.running_mean, backbone.layer1.0.bn3.running_var, backbone.layer1.0.bn3.num_batches_tracked, backbone.layer1.0.downsample.0.weight, backbone.layer1.0.downsample.1.weight, backbone.layer1.0.downsample.1.bias, backbone.layer1.0.downsample.1.running_mean, backbone.layer1.0.downsample.1.running_var, backbone.layer1.0.downsample.1.num_batches_tracked, backbone.layer1.1.conv1.weight, backbone.layer1.1.bn1.weight, backbone.layer1.1.bn1.bias, backbone.layer1.1.bn1.running_mean, backbone.layer1.1.bn1.running_var, backbone.layer1.1.bn1.num_batches_tracked, backbone.layer1.1.conv2.weight, backbone.layer1.1.bn2.weight, backbone.layer1.1.bn2.bias, backbone.layer1.1.bn2.running_mean, backbone.layer1.1.bn2.running_var, backbone.layer1.1.bn2.num_batches_tracked, backbone.layer1.1.conv3.weight, backbone.layer1.1.bn3.weight, backbone.layer1.1.bn3.bias, backbone.layer1.1.bn3.running_mean, backbone.layer1.1.bn3.running_var, backbone.layer1.1.bn3.num_batches_tracked, backbone.layer1.2.conv1.weight, backbone.layer1.2.bn1.weight, backbone.layer1.2.bn1.bias, backbone.layer1.2.bn1.running_mean, backbone.layer1.2.bn1.running_var, backbone.layer1.2.bn1.num_batches_tracked, backbone.layer1.2.conv2.weight, backbone.layer1.2.bn2.weight, backbone.layer1.2.bn2.bias, backbone.layer1.2.bn2.running_mean, backbone.layer1.2.bn2.running_var, backbone.layer1.2.bn2.num_batches_tracked, backbone.layer1.2.conv3.weight, backbone.layer1.2.bn3.weight, backbone.layer1.2.bn3.bias, backbone.layer1.2.bn3.running_mean, backbone.layer1.2.bn3.running_var, backbone.layer1.2.bn3.num_batches_tracked, backbone.layer2.0.conv1.weight, backbone.layer2.0.bn1.weight, backbone.layer2.0.bn1.bias, backbone.layer2.0.bn1.running_mean, backbone.layer2.0.bn1.running_var, backbone.layer2.0.bn1.num_batches_tracked, backbone.layer2.0.conv2.weight, backbone.layer2.0.bn2.weight, backbone.layer2.0.bn2.bias, backbone.layer2.0.bn2.running_mean, backbone.layer2.0.bn2.running_var, backbone.layer2.0.bn2.num_batches_tracked, backbone.layer2.0.conv3.weight, backbone.layer2.0.bn3.weight, backbone.layer2.0.bn3.bias, backbone.layer2.0.bn3.running_mean, backbone.layer2.0.bn3.running_var, backbone.layer2.0.bn3.num_batches_tracked, backbone.layer2.0.downsample.0.weight, backbone.layer2.0.downsample.1.weight, backbone.layer2.0.downsample.1.bias, backbone.layer2.0.downsample.1.running_mean, backbone.layer2.0.downsample.1.running_var, backbone.layer2.0.downsample.1.num_batches_tracked, backbone.layer2.1.conv1.weight, backbone.layer2.1.bn1.weight, backbone.layer2.1.bn1.bias, backbone.layer2.1.bn1.running_mean, backbone.layer2.1.bn1.running_var, backbone.layer2.1.bn1.num_batches_tracked, backbone.layer2.1.conv2.weight, backbone.layer2.1.bn2.weight, backbone.layer2.1.bn2.bias, backbone.layer2.1.bn2.running_mean, backbone.layer2.1.bn2.running_var, backbone.layer2.1.bn2.num_batches_tracked, backbone.layer2.1.conv3.weight, backbone.layer2.1.bn3.weight, backbone.layer2.1.bn3.bias, backbone.layer2.1.bn3.running_mean, backbone.layer2.1.bn3.running_var, backbone.layer2.1.bn3.num_batches_tracked, backbone.layer2.2.conv1.weight, backbone.layer2.2.bn1.weight, backbone.layer2.2.bn1.bias, backbone.layer2.2.bn1.running_mean, backbone.layer2.2.bn1.running_var, backbone.layer2.2.bn1.num_batches_tracked, backbone.layer2.2.conv2.weight, backbone.layer2.2.bn2.weight, backbone.layer2.2.bn2.bias, backbone.layer2.2.bn2.running_mean, backbone.layer2.2.bn2.running_var, backbone.layer2.2.bn2.num_batches_tracked, backbone.layer2.2.conv3.weight, backbone.layer2.2.bn3.weight, backbone.layer2.2.bn3.bias, backbone.layer2.2.bn3.running_mean, backbone.layer2.2.bn3.running_var, backbone.layer2.2.bn3.num_batches_tracked, backbone.layer2.3.conv1.weight, backbone.layer2.3.bn1.weight, backbone.layer2.3.bn1.bias, backbone.layer2.3.bn1.running_mean, backbone.layer2.3.bn1.running_var, backbone.layer2.3.bn1.num_batches_tracked, backbone.layer2.3.conv2.weight, backbone.layer2.3.bn2.weight, backbone.layer2.3.bn2.bias, backbone.layer2.3.bn2.running_mean, backbone.layer2.3.bn2.running_var, backbone.layer2.3.bn2.num_batches_tracked, backbone.layer2.3.conv3.weight, backbone.layer2.3.bn3.weight, backbone.layer2.3.bn3.bias, backbone.layer2.3.bn3.running_mean, backbone.layer2.3.bn3.running_var, backbone.layer2.3.bn3.num_batches_tracked, backbone.layer3.0.conv1.weight, backbone.layer3.0.bn1.weight, backbone.layer3.0.bn1.bias, backbone.layer3.0.bn1.running_mean, backbone.layer3.0.bn1.running_var, backbone.layer3.0.bn1.num_batches_tracked, backbone.layer3.0.conv2.weight, backbone.layer3.0.bn2.weight, backbone.layer3.0.bn2.bias, backbone.layer3.0.bn2.running_mean, backbone.layer3.0.bn2.running_var, backbone.layer3.0.bn2.num_batches_tracked, backbone.layer3.0.conv3.weight, backbone.layer3.0.bn3.weight, backbone.layer3.0.bn3.bias, backbone.layer3.0.bn3.running_mean, backbone.layer3.0.bn3.running_var, backbone.layer3.0.bn3.num_batches_tracked, backbone.layer3.0.downsample.0.weight, backbone.layer3.0.downsample.1.weight, backbone.layer3.0.downsample.1.bias, backbone.layer3.0.downsample.1.running_mean, backbone.layer3.0.downsample.1.running_var, backbone.layer3.0.downsample.1.num_batches_tracked, backbone.layer3.1.conv1.weight, backbone.layer3.1.bn1.weight, backbone.layer3.1.bn1.bias, backbone.layer3.1.bn1.running_mean, backbone.layer3.1.bn1.running_var, backbone.layer3.1.bn1.num_batches_tracked, backbone.layer3.1.conv2.weight, backbone.layer3.1.bn2.weight, backbone.layer3.1.bn2.bias, backbone.layer3.1.bn2.running_mean, backbone.layer3.1.bn2.running_var, backbone.layer3.1.bn2.num_batches_tracked, backbone.layer3.1.conv3.weight, backbone.layer3.1.bn3.weight, backbone.layer3.1.bn3.bias, backbone.layer3.1.bn3.running_mean, backbone.layer3.1.bn3.running_var, backbone.layer3.1.bn3.num_batches_tracked, backbone.layer3.2.conv1.weight, backbone.layer3.2.bn1.weight, backbone.layer3.2.bn1.bias, backbone.layer3.2.bn1.running_mean, backbone.layer3.2.bn1.running_var, backbone.layer3.2.bn1.num_batches_tracked, backbone.layer3.2.conv2.weight, backbone.layer3.2.bn2.weight, backbone.layer3.2.bn2.bias, backbone.layer3.2.bn2.running_mean, backbone.layer3.2.bn2.running_var, backbone.layer3.2.bn2.num_batches_tracked, backbone.layer3.2.conv3.weight, backbone.layer3.2.bn3.weight, backbone.layer3.2.bn3.bias, backbone.layer3.2.bn3.running_mean, backbone.layer3.2.bn3.running_var, backbone.layer3.2.bn3.num_batches_tracked, backbone.layer3.3.conv1.weight, backbone.layer3.3.bn1.weight, backbone.layer3.3.bn1.bias, backbone.layer3.3.bn1.running_mean, backbone.layer3.3.bn1.running_var, backbone.layer3.3.bn1.num_batches_tracked, backbone.layer3.3.conv2.weight, backbone.layer3.3.bn2.weight, backbone.layer3.3.bn2.bias, backbone.layer3.3.bn2.running_mean, backbone.layer3.3.bn2.running_var, backbone.layer3.3.bn2.num_batches_tracked, backbone.layer3.3.conv3.weight, backbone.layer3.3.bn3.weight, backbone.layer3.3.bn3.bias, backbone.layer3.3.bn3.running_mean, backbone.layer3.3.bn3.running_var, backbone.layer3.3.bn3.num_batches_tracked, backbone.layer3.4.conv1.weight, backbone.layer3.4.bn1.weight, backbone.layer3.4.bn1.bias, backbone.layer3.4.bn1.running_mean, backbone.layer3.4.bn1.running_var, backbone.layer3.4.bn1.num_batches_tracked, backbone.layer3.4.conv2.weight, backbone.layer3.4.bn2.weight, backbone.layer3.4.bn2.bias, backbone.layer3.4.bn2.running_mean, backbone.layer3.4.bn2.running_var, backbone.layer3.4.bn2.num_batches_tracked, backbone.layer3.4.conv3.weight, backbone.layer3.4.bn3.weight, backbone.layer3.4.bn3.bias, backbone.layer3.4.bn3.running_mean, backbone.layer3.4.bn3.running_var, backbone.layer3.4.bn3.num_batches_tracked, backbone.layer3.5.conv1.weight, backbone.layer3.5.bn1.weight, backbone.layer3.5.bn1.bias, backbone.layer3.5.bn1.running_mean, backbone.layer3.5.bn1.running_var, backbone.layer3.5.bn1.num_batches_tracked, backbone.layer3.5.conv2.weight, backbone.layer3.5.bn2.weight, backbone.layer3.5.bn2.bias, backbone.layer3.5.bn2.running_mean, backbone.layer3.5.bn2.running_var, backbone.layer3.5.bn2.num_batches_tracked, backbone.layer3.5.conv3.weight, backbone.layer3.5.bn3.weight, backbone.layer3.5.bn3.bias, backbone.layer3.5.bn3.running_mean, backbone.layer3.5.bn3.running_var, backbone.layer3.5.bn3.num_batches_tracked, backbone.layer3.6.conv1.weight, backbone.layer3.6.bn1.weight, backbone.layer3.6.bn1.bias, backbone.layer3.6.bn1.running_mean, backbone.layer3.6.bn1.running_var, backbone.layer3.6.bn1.num_batches_tracked, backbone.layer3.6.conv2.weight, backbone.layer3.6.bn2.weight, backbone.layer3.6.bn2.bias, backbone.layer3.6.bn2.running_mean, backbone.layer3.6.bn2.running_var, backbone.layer3.6.bn2.num_batches_tracked, backbone.layer3.6.conv3.weight, backbone.layer3.6.bn3.weight, backbone.layer3.6.bn3.bias, backbone.layer3.6.bn3.running_mean, backbone.layer3.6.bn3.running_var, backbone.layer3.6.bn3.num_batches_tracked, backbone.layer3.7.conv1.weight, backbone.layer3.7.bn1.weight, backbone.layer3.7.bn1.bias, backbone.layer3.7.bn1.running_mean, backbone.layer3.7.bn1.running_var, backbone.layer3.7.bn1.num_batches_tracked, backbone.layer3.7.conv2.weight, backbone.layer3.7.bn2.weight, backbone.layer3.7.bn2.bias, backbone.layer3.7.bn2.running_mean, backbone.layer3.7.bn2.running_var, backbone.layer3.7.bn2.num_batches_tracked, backbone.layer3.7.conv3.weight, backbone.layer3.7.bn3.weight, backbone.layer3.7.bn3.bias, backbone.layer3.7.bn3.running_mean, backbone.layer3.7.bn3.running_var, backbone.layer3.7.bn3.num_batches_tracked, backbone.layer3.8.conv1.weight, backbone.layer3.8.bn1.weight, backbone.layer3.8.bn1.bias, backbone.layer3.8.bn1.running_mean, backbone.layer3.8.bn1.running_var, backbone.layer3.8.bn1.num_batches_tracked, backbone.layer3.8.conv2.weight, backbone.layer3.8.bn2.weight, backbone.layer3.8.bn2.bias, backbone.layer3.8.bn2.running_mean, backbone.layer3.8.bn2.running_var, backbone.layer3.8.bn2.num_batches_tracked, backbone.layer3.8.conv3.weight, backbone.layer3.8.bn3.weight, backbone.layer3.8.bn3.bias, backbone.layer3.8.bn3.running_mean, backbone.layer3.8.bn3.running_var, backbone.layer3.8.bn3.num_batches_tracked, backbone.layer3.9.conv1.weight, backbone.layer3.9.bn1.weight, backbone.layer3.9.bn1.bias, backbone.layer3.9.bn1.running_mean, backbone.layer3.9.bn1.running_var, backbone.layer3.9.bn1.num_batches_tracked, backbone.layer3.9.conv2.weight, backbone.layer3.9.bn2.weight, backbone.layer3.9.bn2.bias, backbone.layer3.9.bn2.running_mean, backbone.layer3.9.bn2.running_var, backbone.layer3.9.bn2.num_batches_tracked, backbone.layer3.9.conv3.weight, backbone.layer3.9.bn3.weight, backbone.layer3.9.bn3.bias, backbone.layer3.9.bn3.running_mean, backbone.layer3.9.bn3.running_var, backbone.layer3.9.bn3.num_batches_tracked, backbone.layer3.10.conv1.weight, backbone.layer3.10.bn1.weight, backbone.layer3.10.bn1.bias, backbone.layer3.10.bn1.running_mean, backbone.layer3.10.bn1.running_var, backbone.layer3.10.bn1.num_batches_tracked, backbone.layer3.10.conv2.weight, backbone.layer3.10.bn2.weight, backbone.layer3.10.bn2.bias, backbone.layer3.10.bn2.running_mean, backbone.layer3.10.bn2.running_var, backbone.layer3.10.bn2.num_batches_tracked, backbone.layer3.10.conv3.weight, backbone.layer3.10.bn3.weight, backbone.layer3.10.bn3.bias, backbone.layer3.10.bn3.running_mean, backbone.layer3.10.bn3.running_var, backbone.layer3.10.bn3.num_batches_tracked, backbone.layer3.11.conv1.weight, backbone.layer3.11.bn1.weight, backbone.layer3.11.bn1.bias, backbone.layer3.11.bn1.running_mean, backbone.layer3.11.bn1.running_var, backbone.layer3.11.bn1.num_batches_tracked, backbone.layer3.11.conv2.weight, backbone.layer3.11.bn2.weight, backbone.layer3.11.bn2.bias, backbone.layer3.11.bn2.running_mean, backbone.layer3.11.bn2.running_var, backbone.layer3.11.bn2.num_batches_tracked, backbone.layer3.11.conv3.weight, backbone.layer3.11.bn3.weight, backbone.layer3.11.bn3.bias, backbone.layer3.11.bn3.running_mean, backbone.layer3.11.bn3.running_var, backbone.layer3.11.bn3.num_batches_tracked, backbone.layer3.12.conv1.weight, backbone.layer3.12.bn1.weight, backbone.layer3.12.bn1.bias, backbone.layer3.12.bn1.running_mean, backbone.layer3.12.bn1.running_var, backbone.layer3.12.bn1.num_batches_tracked, backbone.layer3.12.conv2.weight, backbone.layer3.12.bn2.weight, backbone.layer3.12.bn2.bias, backbone.layer3.12.bn2.running_mean, backbone.layer3.12.bn2.running_var, backbone.layer3.12.bn2.num_batches_tracked, backbone.layer3.12.conv3.weight, backbone.layer3.12.bn3.weight, backbone.layer3.12.bn3.bias, backbone.layer3.12.bn3.running_mean, backbone.layer3.12.bn3.running_var, backbone.layer3.12.bn3.num_batches_tracked, backbone.layer3.13.conv1.weight, backbone.layer3.13.bn1.weight, backbone.layer3.13.bn1.bias, backbone.layer3.13.bn1.running_mean, backbone.layer3.13.bn1.running_var, backbone.layer3.13.bn1.num_batches_tracked, backbone.layer3.13.conv2.weight, backbone.layer3.13.bn2.weight, backbone.layer3.13.bn2.bias, backbone.layer3.13.bn2.running_mean, backbone.layer3.13.bn2.running_var, backbone.layer3.13.bn2.num_batches_tracked, backbone.layer3.13.conv3.weight, backbone.layer3.13.bn3.weight, backbone.layer3.13.bn3.bias, backbone.layer3.13.bn3.running_mean, backbone.layer3.13.bn3.running_var, backbone.layer3.13.bn3.num_batches_tracked, backbone.layer3.14.conv1.weight, backbone.layer3.14.bn1.weight, backbone.layer3.14.bn1.bias, backbone.layer3.14.bn1.running_mean, backbone.layer3.14.bn1.running_var, backbone.layer3.14.bn1.num_batches_tracked, backbone.layer3.14.conv2.weight, backbone.layer3.14.bn2.weight, backbone.layer3.14.bn2.bias, backbone.layer3.14.bn2.running_mean, backbone.layer3.14.bn2.running_var, backbone.layer3.14.bn2.num_batches_tracked, backbone.layer3.14.conv3.weight, backbone.layer3.14.bn3.weight, backbone.layer3.14.bn3.bias, backbone.layer3.14.bn3.running_mean, backbone.layer3.14.bn3.running_var, backbone.layer3.14.bn3.num_batches_tracked, backbone.layer3.15.conv1.weight, backbone.layer3.15.bn1.weight, backbone.layer3.15.bn1.bias, backbone.layer3.15.bn1.running_mean, backbone.layer3.15.bn1.running_var, backbone.layer3.15.bn1.num_batches_tracked, backbone.layer3.15.conv2.weight, backbone.layer3.15.bn2.weight, backbone.layer3.15.bn2.bias, backbone.layer3.15.bn2.running_mean, backbone.layer3.15.bn2.running_var, backbone.layer3.15.bn2.num_batches_tracked, backbone.layer3.15.conv3.weight, backbone.layer3.15.bn3.weight, backbone.layer3.15.bn3.bias, backbone.layer3.15.bn3.running_mean, backbone.layer3.15.bn3.running_var, backbone.layer3.15.bn3.num_batches_tracked, backbone.layer3.16.conv1.weight, backbone.layer3.16.bn1.weight, backbone.layer3.16.bn1.bias, backbone.layer3.16.bn1.running_mean, backbone.layer3.16.bn1.running_var, backbone.layer3.16.bn1.num_batches_tracked, backbone.layer3.16.conv2.weight, backbone.layer3.16.bn2.weight, backbone.layer3.16.bn2.bias, backbone.layer3.16.bn2.running_mean, backbone.layer3.16.bn2.running_var, backbone.layer3.16.bn2.num_batches_tracked, backbone.layer3.16.conv3.weight, backbone.layer3.16.bn3.weight, backbone.layer3.16.bn3.bias, backbone.layer3.16.bn3.running_mean, backbone.layer3.16.bn3.running_var, backbone.layer3.16.bn3.num_batches_tracked, backbone.layer3.17.conv1.weight, backbone.layer3.17.bn1.weight, backbone.layer3.17.bn1.bias, backbone.layer3.17.bn1.running_mean, backbone.layer3.17.bn1.running_var, backbone.layer3.17.bn1.num_batches_tracked, backbone.layer3.17.conv2.weight, backbone.layer3.17.bn2.weight, backbone.layer3.17.bn2.bias, backbone.layer3.17.bn2.running_mean, backbone.layer3.17.bn2.running_var, backbone.layer3.17.bn2.num_batches_tracked, backbone.layer3.17.conv3.weight, backbone.layer3.17.bn3.weight, backbone.layer3.17.bn3.bias, backbone.layer3.17.bn3.running_mean, backbone.layer3.17.bn3.running_var, backbone.layer3.17.bn3.num_batches_tracked, backbone.layer3.18.conv1.weight, backbone.layer3.18.bn1.weight, backbone.layer3.18.bn1.bias, backbone.layer3.18.bn1.running_mean, backbone.layer3.18.bn1.running_var, backbone.layer3.18.bn1.num_batches_tracked, backbone.layer3.18.conv2.weight, backbone.layer3.18.bn2.weight, backbone.layer3.18.bn2.bias, backbone.layer3.18.bn2.running_mean, backbone.layer3.18.bn2.running_var, backbone.layer3.18.bn2.num_batches_tracked, backbone.layer3.18.conv3.weight, backbone.layer3.18.bn3.weight, backbone.layer3.18.bn3.bias, backbone.layer3.18.bn3.running_mean, backbone.layer3.18.bn3.running_var, backbone.layer3.18.bn3.num_batches_tracked, backbone.layer3.19.conv1.weight, backbone.layer3.19.bn1.weight, backbone.layer3.19.bn1.bias, backbone.layer3.19.bn1.running_mean, backbone.layer3.19.bn1.running_var, backbone.layer3.19.bn1.num_batches_tracked, backbone.layer3.19.conv2.weight, backbone.layer3.19.bn2.weight, backbone.layer3.19.bn2.bias, backbone.layer3.19.bn2.running_mean, backbone.layer3.19.bn2.running_var, backbone.layer3.19.bn2.num_batches_tracked, backbone.layer3.19.conv3.weight, backbone.layer3.19.bn3.weight, backbone.layer3.19.bn3.bias, backbone.layer3.19.bn3.running_mean, backbone.layer3.19.bn3.running_var, backbone.layer3.19.bn3.num_batches_tracked, backbone.layer3.20.conv1.weight, backbone.layer3.20.bn1.weight, backbone.layer3.20.bn1.bias, backbone.layer3.20.bn1.running_mean, backbone.layer3.20.bn1.running_var, backbone.layer3.20.bn1.num_batches_tracked, backbone.layer3.20.conv2.weight, backbone.layer3.20.bn2.weight, backbone.layer3.20.bn2.bias, backbone.layer3.20.bn2.running_mean, backbone.layer3.20.bn2.running_var, backbone.layer3.20.bn2.num_batches_tracked, backbone.layer3.20.conv3.weight, backbone.layer3.20.bn3.weight, backbone.layer3.20.bn3.bias, backbone.layer3.20.bn3.running_mean, backbone.layer3.20.bn3.running_var, backbone.layer3.20.bn3.num_batches_tracked, backbone.layer3.21.conv1.weight, backbone.layer3.21.bn1.weight, backbone.layer3.21.bn1.bias, backbone.layer3.21.bn1.running_mean, backbone.layer3.21.bn1.running_var, backbone.layer3.21.bn1.num_batches_tracked, backbone.layer3.21.conv2.weight, backbone.layer3.21.bn2.weight, backbone.layer3.21.bn2.bias, backbone.layer3.21.bn2.running_mean, backbone.layer3.21.bn2.running_var, backbone.layer3.21.bn2.num_batches_tracked, backbone.layer3.21.conv3.weight, backbone.layer3.21.bn3.weight, backbone.layer3.21.bn3.bias, backbone.layer3.21.bn3.running_mean, backbone.layer3.21.bn3.running_var, backbone.layer3.21.bn3.num_batches_tracked, backbone.layer3.22.conv1.weight, backbone.layer3.22.bn1.weight, backbone.layer3.22.bn1.bias, backbone.layer3.22.bn1.running_mean, backbone.layer3.22.bn1.running_var, backbone.layer3.22.bn1.num_batches_tracked, backbone.layer3.22.conv2.weight, backbone.layer3.22.bn2.weight, backbone.layer3.22.bn2.bias, backbone.layer3.22.bn2.running_mean, backbone.layer3.22.bn2.running_var, backbone.layer3.22.bn2.num_batches_tracked, backbone.layer3.22.conv3.weight, backbone.layer3.22.bn3.weight, backbone.layer3.22.bn3.bias, backbone.layer3.22.bn3.running_mean, backbone.layer3.22.bn3.running_var, backbone.layer3.22.bn3.num_batches_tracked, backbone.layer4.0.conv1.weight, backbone.layer4.0.bn1.weight, backbone.layer4.0.bn1.bias, backbone.layer4.0.bn1.running_mean, backbone.layer4.0.bn1.running_var, backbone.layer4.0.bn1.num_batches_tracked, backbone.layer4.0.conv2.weight, backbone.layer4.0.bn2.weight, backbone.layer4.0.bn2.bias, backbone.layer4.0.bn2.running_mean, backbone.layer4.0.bn2.running_var, backbone.layer4.0.bn2.num_batches_tracked, backbone.layer4.0.conv3.weight, backbone.layer4.0.bn3.weight, backbone.layer4.0.bn3.bias, backbone.layer4.0.bn3.running_mean, backbone.layer4.0.bn3.running_var, backbone.layer4.0.bn3.num_batches_tracked, backbone.layer4.0.downsample.0.weight, backbone.layer4.0.downsample.1.weight, backbone.layer4.0.downsample.1.bias, backbone.layer4.0.downsample.1.running_mean, backbone.layer4.0.downsample.1.running_var, backbone.layer4.0.downsample.1.num_batches_tracked, backbone.layer4.1.conv1.weight, backbone.layer4.1.bn1.weight, backbone.layer4.1.bn1.bias, backbone.layer4.1.bn1.running_mean, backbone.layer4.1.bn1.running_var, backbone.layer4.1.bn1.num_batches_tracked, backbone.layer4.1.conv2.weight, backbone.layer4.1.bn2.weight, backbone.layer4.1.bn2.bias, backbone.layer4.1.bn2.running_mean, backbone.layer4.1.bn2.running_var, backbone.layer4.1.bn2.num_batches_tracked, backbone.layer4.1.conv3.weight, backbone.layer4.1.bn3.weight, backbone.layer4.1.bn3.bias, backbone.layer4.1.bn3.running_mean, backbone.layer4.1.bn3.running_var, backbone.layer4.1.bn3.num_batches_tracked, backbone.layer4.2.conv1.weight, backbone.layer4.2.bn1.weight, backbone.layer4.2.bn1.bias, backbone.layer4.2.bn1.running_mean, backbone.layer4.2.bn1.running_var, backbone.layer4.2.bn1.num_batches_tracked, backbone.layer4.2.conv2.weight, backbone.layer4.2.bn2.weight, backbone.layer4.2.bn2.bias, backbone.layer4.2.bn2.running_mean, backbone.layer4.2.bn2.running_var, backbone.layer4.2.bn2.num_batches_tracked, backbone.layer4.2.conv3.weight, backbone.layer4.2.bn3.weight, backbone.layer4.2.bn3.bias, backbone.layer4.2.bn3.running_mean, backbone.layer4.2.bn3.running_var, backbone.layer4.2.bn3.num_batches_tracked, neck.lateral_convs.0.conv.weight, neck.lateral_convs.0.conv.bias, neck.lateral_convs.1.conv.weight, neck.lateral_convs.1.conv.bias, neck.lateral_convs.2.conv.weight, neck.lateral_convs.2.conv.bias, neck.lateral_convs.3.conv.weight, neck.lateral_convs.3.conv.bias, neck.fpn_convs.0.conv.weight, neck.fpn_convs.0.conv.bias, neck.fpn_convs.1.conv.weight, neck.fpn_convs.1.conv.bias, neck.fpn_convs.2.conv.weight, neck.fpn_convs.2.conv.bias, neck.fpn_convs.3.conv.weight, neck.fpn_convs.3.conv.bias, rpn_head.rpn_conv.weight, rpn_head.rpn_conv.bias, rpn_head.rpn_cls.weight, rpn_head.rpn_cls.bias, rpn_head.rpn_reg.weight, rpn_head.rpn_reg.bias, roi_head.bbox_head.fc_cls.weight, roi_head.bbox_head.fc_cls.bias, roi_head.bbox_head.fc_reg.weight, roi_head.bbox_head.fc_reg.bias, roi_head.bbox_head.shared_fcs.0.weight, roi_head.bbox_head.shared_fcs.0.bias, roi_head.bbox_head.shared_fcs.1.weight, roi_head.bbox_head.shared_fcs.1.bias

missing keys in source state_dict: conv1.weight, bn1.weight, bn1.bias, bn1.running_mean, bn1.running_var, layer1.0.conv1.weight, layer1.0.bn1.weight, layer1.0.bn1.bias, layer1.0.bn1.running_mean, layer1.0.bn1.running_var, layer1.0.conv2.weight, layer1.0.bn2.weight, layer1.0.bn2.bias, layer1.0.bn2.running_mean, layer1.0.bn2.running_var, layer1.0.conv3.weight, layer1.0.bn3.weight, layer1.0.bn3.bias, layer1.0.bn3.running_mean, layer1.0.bn3.running_var, layer1.0.downsample.0.weight, layer1.0.downsample.1.weight, layer1.0.downsample.1.bias, layer1.0.downsample.1.running_mean, layer1.0.downsample.1.running_var, layer1.1.conv1.weight, layer1.1.bn1.weight, layer1.1.bn1.bias, layer1.1.bn1.running_mean, layer1.1.bn1.running_var, layer1.1.conv2.weight, layer1.1.bn2.weight, layer1.1.bn2.bias, layer1.1.bn2.running_mean, layer1.1.bn2.running_var, layer1.1.conv3.weight, layer1.1.bn3.weight, layer1.1.bn3.bias, layer1.1.bn3.running_mean, layer1.1.bn3.running_var, layer1.2.conv1.weight, layer1.2.bn1.weight, layer1.2.bn1.bias, layer1.2.bn1.running_mean, layer1.2.bn1.running_var, layer1.2.conv2.weight, layer1.2.bn2.weight, layer1.2.bn2.bias, layer1.2.bn2.running_mean, layer1.2.bn2.running_var, layer1.2.conv3.weight, layer1.2.bn3.weight, layer1.2.bn3.bias, layer1.2.bn3.running_mean, layer1.2.bn3.running_var, layer2.0.conv1.weight, layer2.0.bn1.weight, layer2.0.bn1.bias, layer2.0.bn1.running_mean, layer2.0.bn1.running_var, layer2.0.conv2.weight, layer2.0.bn2.weight, layer2.0.bn2.bias, layer2.0.bn2.running_mean, layer2.0.bn2.running_var, layer2.0.conv3.weight, layer2.0.bn3.weight, layer2.0.bn3.bias, layer2.0.bn3.running_mean, layer2.0.bn3.running_var, layer2.0.downsample.0.weight, layer2.0.downsample.1.weight, layer2.0.downsample.1.bias, layer2.0.downsample.1.running_mean, layer2.0.downsample.1.running_var, layer2.1.conv1.weight, layer2.1.bn1.weight, layer2.1.bn1.bias, layer2.1.bn1.running_mean, layer2.1.bn1.running_var, layer2.1.conv2.weight, layer2.1.bn2.weight, layer2.1.bn2.bias, layer2.1.bn2.running_mean, layer2.1.bn2.running_var, layer2.1.conv3.weight, layer2.1.bn3.weight, layer2.1.bn3.bias, layer2.1.bn3.running_mean, layer2.1.bn3.running_var, layer2.2.conv1.weight, layer2.2.bn1.weight, layer2.2.bn1.bias, layer2.2.bn1.running_mean, layer2.2.bn1.running_var, layer2.2.conv2.weight, layer2.2.bn2.weight, layer2.2.bn2.bias, layer2.2.bn2.running_mean, layer2.2.bn2.running_var, layer2.2.conv3.weight, layer2.2.bn3.weight, layer2.2.bn3.bias, layer2.2.bn3.running_mean, layer2.2.bn3.running_var, layer2.3.conv1.weight, layer2.3.bn1.weight, layer2.3.bn1.bias, layer2.3.bn1.running_mean, layer2.3.bn1.running_var, layer2.3.conv2.weight, layer2.3.bn2.weight, layer2.3.bn2.bias, layer2.3.bn2.running_mean, layer2.3.bn2.running_var, layer2.3.conv3.weight, layer2.3.bn3.weight, layer2.3.bn3.bias, layer2.3.bn3.running_mean, layer2.3.bn3.running_var, layer3.0.conv1.weight, layer3.0.bn1.weight, layer3.0.bn1.bias, layer3.0.bn1.running_mean, layer3.0.bn1.running_var, layer3.0.conv2.weight, layer3.0.bn2.weight, layer3.0.bn2.bias, layer3.0.bn2.running_mean, layer3.0.bn2.running_var, layer3.0.conv3.weight, layer3.0.bn3.weight, layer3.0.bn3.bias, layer3.0.bn3.running_mean, layer3.0.bn3.running_var, layer3.0.downsample.0.weight, layer3.0.downsample.1.weight, layer3.0.downsample.1.bias, layer3.0.downsample.1.running_mean, layer3.0.downsample.1.running_var, layer3.1.conv1.weight, layer3.1.bn1.weight, layer3.1.bn1.bias, layer3.1.bn1.running_mean, layer3.1.bn1.running_var, layer3.1.conv2.weight, layer3.1.bn2.weight, layer3.1.bn2.bias, layer3.1.bn2.running_mean, layer3.1.bn2.running_var, layer3.1.conv3.weight, layer3.1.bn3.weight, layer3.1.bn3.bias, layer3.1.bn3.running_mean, layer3.1.bn3.running_var, layer3.2.conv1.weight, layer3.2.bn1.weight, layer3.2.bn1.bias, layer3.2.bn1.running_mean, layer3.2.bn1.running_var, layer3.2.conv2.weight, layer3.2.bn2.weight, layer3.2.bn2.bias, layer3.2.bn2.running_mean, layer3.2.bn2.running_var, layer3.2.conv3.weight, layer3.2.bn3.weight, layer3.2.bn3.bias, layer3.2.bn3.running_mean, layer3.2.bn3.running_var, layer3.3.conv1.weight, layer3.3.bn1.weight, layer3.3.bn1.bias, layer3.3.bn1.running_mean, layer3.3.bn1.running_var, layer3.3.conv2.weight, layer3.3.bn2.weight, layer3.3.bn2.bias, layer3.3.bn2.running_mean, layer3.3.bn2.running_var, layer3.3.conv3.weight, layer3.3.bn3.weight, layer3.3.bn3.bias, layer3.3.bn3.running_mean, layer3.3.bn3.running_var, layer3.4.conv1.weight, layer3.4.bn1.weight, layer3.4.bn1.bias, layer3.4.bn1.running_mean, layer3.4.bn1.running_var, layer3.4.conv2.weight, layer3.4.bn2.weight, layer3.4.bn2.bias, layer3.4.bn2.running_mean, layer3.4.bn2.running_var, layer3.4.conv3.weight, layer3.4.bn3.weight, layer3.4.bn3.bias, layer3.4.bn3.running_mean, layer3.4.bn3.running_var, layer3.5.conv1.weight, layer3.5.bn1.weight, layer3.5.bn1.bias, layer3.5.bn1.running_mean, layer3.5.bn1.running_var, layer3.5.conv2.weight, layer3.5.bn2.weight, layer3.5.bn2.bias, layer3.5.bn2.running_mean, layer3.5.bn2.running_var, layer3.5.conv3.weight, layer3.5.bn3.weight, layer3.5.bn3.bias, layer3.5.bn3.running_mean, layer3.5.bn3.running_var, layer3.6.conv1.weight, layer3.6.bn1.weight, layer3.6.bn1.bias, layer3.6.bn1.running_mean, layer3.6.bn1.running_var, layer3.6.conv2.weight, layer3.6.bn2.weight, layer3.6.bn2.bias, layer3.6.bn2.running_mean, layer3.6.bn2.running_var, layer3.6.conv3.weight, layer3.6.bn3.weight, layer3.6.bn3.bias, layer3.6.bn3.running_mean, layer3.6.bn3.running_var, layer3.7.conv1.weight, layer3.7.bn1.weight, layer3.7.bn1.bias, layer3.7.bn1.running_mean, layer3.7.bn1.running_var, layer3.7.conv2.weight, layer3.7.bn2.weight, layer3.7.bn2.bias, layer3.7.bn2.running_mean, layer3.7.bn2.running_var, layer3.7.conv3.weight, layer3.7.bn3.weight, layer3.7.bn3.bias, layer3.7.bn3.running_mean, layer3.7.bn3.running_var, layer3.8.conv1.weight, layer3.8.bn1.weight, layer3.8.bn1.bias, layer3.8.bn1.running_mean, layer3.8.bn1.running_var, layer3.8.conv2.weight, layer3.8.bn2.weight, layer3.8.bn2.bias, layer3.8.bn2.running_mean, layer3.8.bn2.running_var, layer3.8.conv3.weight, layer3.8.bn3.weight, layer3.8.bn3.bias, layer3.8.bn3.running_mean, layer3.8.bn3.running_var, layer3.9.conv1.weight, layer3.9.bn1.weight, layer3.9.bn1.bias, layer3.9.bn1.running_mean, layer3.9.bn1.running_var, layer3.9.conv2.weight, layer3.9.bn2.weight, layer3.9.bn2.bias, layer3.9.bn2.running_mean, layer3.9.bn2.running_var, layer3.9.conv3.weight, layer3.9.bn3.weight, layer3.9.bn3.bias, layer3.9.bn3.running_mean, layer3.9.bn3.running_var, layer3.10.conv1.weight, layer3.10.bn1.weight, layer3.10.bn1.bias, layer3.10.bn1.running_mean, layer3.10.bn1.running_var, layer3.10.conv2.weight, layer3.10.bn2.weight, layer3.10.bn2.bias, layer3.10.bn2.running_mean, layer3.10.bn2.running_var, layer3.10.conv3.weight, layer3.10.bn3.weight, layer3.10.bn3.bias, layer3.10.bn3.running_mean, layer3.10.bn3.running_var, layer3.11.conv1.weight, layer3.11.bn1.weight, layer3.11.bn1.bias, layer3.11.bn1.running_mean, layer3.11.bn1.running_var, layer3.11.conv2.weight, layer3.11.bn2.weight, layer3.11.bn2.bias, layer3.11.bn2.running_mean, layer3.11.bn2.running_var, layer3.11.conv3.weight, layer3.11.bn3.weight, layer3.11.bn3.bias, layer3.11.bn3.running_mean, layer3.11.bn3.running_var, layer3.12.conv1.weight, layer3.12.bn1.weight, layer3.12.bn1.bias, layer3.12.bn1.running_mean, layer3.12.bn1.running_var, layer3.12.conv2.weight, layer3.12.bn2.weight, layer3.12.bn2.bias, layer3.12.bn2.running_mean, layer3.12.bn2.running_var, layer3.12.conv3.weight, layer3.12.bn3.weight, layer3.12.bn3.bias, layer3.12.bn3.running_mean, layer3.12.bn3.running_var, layer3.13.conv1.weight, layer3.13.bn1.weight, layer3.13.bn1.bias, layer3.13.bn1.running_mean, layer3.13.bn1.running_var, layer3.13.conv2.weight, layer3.13.bn2.weight, layer3.13.bn2.bias, layer3.13.bn2.running_mean, layer3.13.bn2.running_var, layer3.13.conv3.weight, layer3.13.bn3.weight, layer3.13.bn3.bias, layer3.13.bn3.running_mean, layer3.13.bn3.running_var, layer3.14.conv1.weight, layer3.14.bn1.weight, layer3.14.bn1.bias, layer3.14.bn1.running_mean, layer3.14.bn1.running_var, layer3.14.conv2.weight, layer3.14.bn2.weight, layer3.14.bn2.bias, layer3.14.bn2.running_mean, layer3.14.bn2.running_var, layer3.14.conv3.weight, layer3.14.bn3.weight, layer3.14.bn3.bias, layer3.14.bn3.running_mean, layer3.14.bn3.running_var, layer3.15.conv1.weight, layer3.15.bn1.weight, layer3.15.bn1.bias, layer3.15.bn1.running_mean, layer3.15.bn1.running_var, layer3.15.conv2.weight, layer3.15.bn2.weight, layer3.15.bn2.bias, layer3.15.bn2.running_mean, layer3.15.bn2.running_var, layer3.15.conv3.weight, layer3.15.bn3.weight, layer3.15.bn3.bias, layer3.15.bn3.running_mean, layer3.15.bn3.running_var, layer3.16.conv1.weight, layer3.16.bn1.weight, layer3.16.bn1.bias, layer3.16.bn1.running_mean, layer3.16.bn1.running_var, layer3.16.conv2.weight, layer3.16.bn2.weight, layer3.16.bn2.bias, layer3.16.bn2.running_mean, layer3.16.bn2.running_var, layer3.16.conv3.weight, layer3.16.bn3.weight, layer3.16.bn3.bias, layer3.16.bn3.running_mean, layer3.16.bn3.running_var, layer3.17.conv1.weight, layer3.17.bn1.weight, layer3.17.bn1.bias, layer3.17.bn1.running_mean, layer3.17.bn1.running_var, layer3.17.conv2.weight, layer3.17.bn2.weight, layer3.17.bn2.bias, layer3.17.bn2.running_mean, layer3.17.bn2.running_var, layer3.17.conv3.weight, layer3.17.bn3.weight, layer3.17.bn3.bias, layer3.17.bn3.running_mean, layer3.17.bn3.running_var, layer3.18.conv1.weight, layer3.18.bn1.weight, layer3.18.bn1.bias, layer3.18.bn1.running_mean, layer3.18.bn1.running_var, layer3.18.conv2.weight, layer3.18.bn2.weight, layer3.18.bn2.bias, layer3.18.bn2.running_mean, layer3.18.bn2.running_var, layer3.18.conv3.weight, layer3.18.bn3.weight, layer3.18.bn3.bias, layer3.18.bn3.running_mean, layer3.18.bn3.running_var, layer3.19.conv1.weight, layer3.19.bn1.weight, layer3.19.bn1.bias, layer3.19.bn1.running_mean, layer3.19.bn1.running_var, layer3.19.conv2.weight, layer3.19.bn2.weight, layer3.19.bn2.bias, layer3.19.bn2.running_mean, layer3.19.bn2.running_var, layer3.19.conv3.weight, layer3.19.bn3.weight, layer3.19.bn3.bias, layer3.19.bn3.running_mean, layer3.19.bn3.running_var, layer3.20.conv1.weight, layer3.20.bn1.weight, layer3.20.bn1.bias, layer3.20.bn1.running_mean, layer3.20.bn1.running_var, layer3.20.conv2.weight, layer3.20.bn2.weight, layer3.20.bn2.bias, layer3.20.bn2.running_mean, layer3.20.bn2.running_var, layer3.20.conv3.weight, layer3.20.bn3.weight, layer3.20.bn3.bias, layer3.20.bn3.running_mean, layer3.20.bn3.running_var, layer3.21.conv1.weight, layer3.21.bn1.weight, layer3.21.bn1.bias, layer3.21.bn1.running_mean, layer3.21.bn1.running_var, layer3.21.conv2.weight, layer3.21.bn2.weight, layer3.21.bn2.bias, layer3.21.bn2.running_mean, layer3.21.bn2.running_var, layer3.21.conv3.weight, layer3.21.bn3.weight, layer3.21.bn3.bias, layer3.21.bn3.running_mean, layer3.21.bn3.running_var, layer3.22.conv1.weight, layer3.22.bn1.weight, layer3.22.bn1.bias, layer3.22.bn1.running_mean, layer3.22.bn1.running_var, layer3.22.conv2.weight, layer3.22.bn2.weight, layer3.22.bn2.bias, layer3.22.bn2.running_mean, layer3.22.bn2.running_var, layer3.22.conv3.weight, layer3.22.bn3.weight, layer3.22.bn3.bias, layer3.22.bn3.running_mean, layer3.22.bn3.running_var, layer4.0.conv1.weight, layer4.0.bn1.weight, layer4.0.bn1.bias, layer4.0.bn1.running_mean, layer4.0.bn1.running_var, layer4.0.conv2.weight, layer4.0.bn2.weight, layer4.0.bn2.bias, layer4.0.bn2.running_mean, layer4.0.bn2.running_var, layer4.0.conv3.weight, layer4.0.bn3.weight, layer4.0.bn3.bias, layer4.0.bn3.running_mean, layer4.0.bn3.running_var, layer4.0.downsample.0.weight, layer4.0.downsample.1.weight, layer4.0.downsample.1.bias, layer4.0.downsample.1.running_mean, layer4.0.downsample.1.running_var, layer4.1.conv1.weight, layer4.1.bn1.weight, layer4.1.bn1.bias, layer4.1.bn1.running_mean, layer4.1.bn1.running_var, layer4.1.conv2.weight, layer4.1.bn2.weight, layer4.1.bn2.bias, layer4.1.bn2.running_mean, layer4.1.bn2.running_var, layer4.1.conv3.weight, layer4.1.bn3.weight, layer4.1.bn3.bias, layer4.1.bn3.running_mean, layer4.1.bn3.running_var, layer4.2.conv1.weight, layer4.2.bn1.weight, layer4.2.bn1.bias, layer4.2.bn1.running_mean, layer4.2.bn1.running_var, layer4.2.conv2.weight, layer4.2.bn2.weight, layer4.2.bn2.bias, layer4.2.bn2.running_mean, layer4.2.bn2.running_var, layer4.2.conv3.weight, layer4.2.bn3.weight, layer4.2.bn3.bias, layer4.2.bn3.running_mean, layer4.2.bn3.running_var, custom_conv1_1.weight, custom_conv1_2.weight, custom_conv2_2.weight, custom_conv2_3.weight, custom_conv3_3.weight, custom_conv512_32.weight, custom_conv64_1024.weight, custom_conv96_1024.weight, custom_conv32_1024.weight

2021-01-08 21:30:28,108 - mmdet - INFO - Start running, host: kemove@kemove-SYS-4028GR-TR, work_dir: /home/kemove/nmq/20201224/mmdetection/output2021010802
2021-01-08 21:30:28,108 - mmdet - INFO - workflow: [('train', 1)], max: 24 epochs
2021-01-08 21:30:54,194 - mmdet - INFO - Epoch [1][50/349]	lr: 1.978e-03, eta: 1:12:22, time: 0.522, data_time: 0.050, memory: 5683, loss_rpn_cls: 0.6354, loss_rpn_bbox: 0.0254, loss_cls: 0.3346, acc: 91.0293, loss_bbox: 0.0144, loss: 1.0098
2021-01-08 21:31:18,198 - mmdet - INFO - Epoch [1][100/349]	lr: 3.976e-03, eta: 1:09:04, time: 0.480, data_time: 0.005, memory: 5683, loss_rpn_cls: 0.1771, loss_rpn_bbox: 0.0228, loss_cls: 0.1221, acc: 99.4199, loss_bbox: 0.0060, loss: 0.3280
2021-01-08 21:31:42,449 - mmdet - INFO - Epoch [1][150/349]	lr: 5.974e-03, eta: 1:07:56, time: 0.485, data_time: 0.005, memory: 5683, loss_rpn_cls: 0.1075, loss_rpn_bbox: 0.0186, loss_cls: 0.0886, acc: 99.2168, loss_bbox: 0.0163, loss: 0.2311
2021-01-08 21:32:06,211 - mmdet - INFO - Epoch [1][200/349]	lr: 7.972e-03, eta: 1:06:50, time: 0.475, data_time: 0.006, memory: 5683, loss_rpn_cls: 0.0816, loss_rpn_bbox: 0.0198, loss_cls: 0.1093, acc: 98.0059, loss_bbox: 0.0681, loss: 0.2787
2021-01-08 21:32:30,088 - mmdet - INFO - Epoch [1][250/349]	lr: 9.970e-03, eta: 1:06:04, time: 0.478, data_time: 0.005, memory: 5683, loss_rpn_cls: 0.0785, loss_rpn_bbox: 0.0201, loss_cls: 0.1000, acc: 97.6641, loss_bbox: 0.0810, loss: 0.2797
2021-01-08 21:32:53,687 - mmdet - INFO - Epoch [1][300/349]	lr: 1.197e-02, eta: 1:05:18, time: 0.472, data_time: 0.005, memory: 5683, loss_rpn_cls: 0.0938, loss_rpn_bbox: 0.0230, loss_cls: 0.0887, acc: 97.5312, loss_bbox: 0.0898, loss: 0.2953
2021-01-08 21:33:16,956 - mmdet - INFO - Saving checkpoint at 1 epochs
2021-01-08 21:33:39,044 - mmdet - INFO - Evaluating bbox...
2021-01-08 21:33:39,835 - mmdet - INFO - Exp name: faster_rcnn_r101_fpn_1x_coco.py
2021-01-08 21:33:39,836 - mmdet - INFO - Epoch(val) [1][349]	bbox_mAP: 0.1530, bbox_mAP_50: 0.4880, bbox_mAP_75: 0.0480, bbox_mAP_s: 0.1990, bbox_mAP_m: 0.0990, bbox_mAP_l: 0.0270, bbox_mAP_copypaste: 0.153 0.488 0.048 0.199 0.099 0.027
2021-01-08 21:34:06,164 - mmdet - INFO - Epoch [2][50/349]	lr: 1.592e-02, eta: 0:57:16, time: 0.526, data_time: 0.050, memory: 5683, loss_rpn_cls: 0.0500, loss_rpn_bbox: 0.0209, loss_cls: 0.0904, acc: 96.9121, loss_bbox: 0.1058, loss: 0.2672
2021-01-08 21:34:29,959 - mmdet - INFO - Epoch [2][100/349]	lr: 1.792e-02, eta: 0:57:34, time: 0.476, data_time: 0.005, memory: 5683, loss_rpn_cls: 0.0556, loss_rpn_bbox: 0.0181, loss_cls: 0.0985, acc: 96.8379, loss_bbox: 0.0989, loss: 0.2711
2021-01-08 21:34:54,113 - mmdet - INFO - Epoch [2][150/349]	lr: 1.992e-02, eta: 0:57:50, time: 0.483, data_time: 0.005, memory: 5683, loss_rpn_cls: 0.0412, loss_rpn_bbox: 0.0246, loss_cls: 0.0923, acc: 96.9238, loss_bbox: 0.1020, loss: 0.2602
2021-01-08 21:35:18,599 - mmdet - INFO - Epoch [2][200/349]	lr: 2.000e-02, eta: 0:58:03, time: 0.490, data_time: 0.005, memory: 5683, loss_rpn_cls: 0.0482, loss_rpn_bbox: 0.0213, loss_cls: 0.0872, acc: 97.1934, loss_bbox: 0.0899, loss: 0.2465
2021-01-08 21:35:42,782 - mmdet - INFO - Epoch [2][250/349]	lr: 2.000e-02, eta: 0:58:06, time: 0.484, data_time: 0.005, memory: 5683, loss_rpn_cls: 0.0397, loss_rpn_bbox: 0.0263, loss_cls: 0.1085, acc: 96.7031, loss_bbox: 0.0982, loss: 0.2728
2021-01-08 21:36:07,110 - mmdet - INFO - Epoch [2][300/349]	lr: 2.000e-02, eta: 0:58:06, time: 0.487, data_time: 0.005, memory: 5683, loss_rpn_cls: 0.0287, loss_rpn_bbox: 0.0196, loss_cls: 0.0850, acc: 97.0352, loss_bbox: 0.0949, loss: 0.2282
2021-01-08 21:36:30,664 - mmdet - INFO - Saving checkpoint at 2 epochs
2021-01-08 21:36:52,928 - mmdet - INFO - Evaluating bbox...
2021-01-08 21:36:53,485 - mmdet - INFO - Exp name: faster_rcnn_r101_fpn_1x_coco.py
2021-01-08 21:36:53,485 - mmdet - INFO - Epoch(val) [2][349]	bbox_mAP: 0.2100, bbox_mAP_50: 0.5800, bbox_mAP_75: 0.0590, bbox_mAP_s: 0.2420, bbox_mAP_m: 0.2030, bbox_mAP_l: 0.1630, bbox_mAP_copypaste: 0.210 0.580 0.059 0.242 0.203 0.163
2021-01-08 21:37:19,995 - mmdet - INFO - Epoch [3][50/349]	lr: 2.000e-02, eta: 0:54:16, time: 0.530, data_time: 0.050, memory: 5683, loss_rpn_cls: 0.0272, loss_rpn_bbox: 0.0215, loss_cls: 0.0828, acc: 96.9004, loss_bbox: 0.1083, loss: 0.2398
2021-01-08 21:37:44,304 - mmdet - INFO - Epoch [3][100/349]	lr: 2.000e-02, eta: 0:54:23, time: 0.486, data_time: 0.005, memory: 5683, loss_rpn_cls: 0.0451, loss_rpn_bbox: 0.0256, loss_cls: 0.0793, acc: 97.2168, loss_bbox: 0.0905, loss: 0.2404
2021-01-08 21:38:08,377 - mmdet - INFO - Epoch [3][150/349]	lr: 2.000e-02, eta: 0:54:24, time: 0.481, data_time: 0.005, memory: 5683, loss_rpn_cls: 0.0316, loss_rpn_bbox: 0.0225, loss_cls: 0.0785, acc: 97.1270, loss_bbox: 0.0993, loss: 0.2319
2021-01-08 21:38:32,665 - mmdet - INFO - Epoch [3][200/349]	lr: 2.000e-02, eta: 0:54:24, time: 0.486, data_time: 0.005, memory: 5683, loss_rpn_cls: 0.0169, loss_rpn_bbox: 0.0159, loss_cls: 0.0843, acc: 96.6836, loss_bbox: 0.1026, loss: 0.2198
2021-01-08 21:38:56,994 - mmdet - INFO - Epoch [3][250/349]	lr: 2.000e-02, eta: 0:54:22, time: 0.487, data_time: 0.005, memory: 5683, loss_rpn_cls: 0.0192, loss_rpn_bbox: 0.0192, loss_cls: 0.0842, acc: 96.6797, loss_bbox: 0.1130, loss: 0.2356
2021-01-08 21:39:21,440 - mmdet - INFO - Epoch [3][300/349]	lr: 2.000e-02, eta: 0:54:18, time: 0.489, data_time: 0.005, memory: 5683, loss_rpn_cls: 0.0296, loss_rpn_bbox: 0.0210, loss_cls: 0.0896, acc: 96.6074, loss_bbox: 0.1207, loss: 0.2608
2021-01-08 21:39:44,864 - mmdet - INFO - Saving checkpoint at 3 epochs
2021-01-08 21:40:07,073 - mmdet - INFO - Evaluating bbox...
2021-01-08 21:40:07,540 - mmdet - INFO - Exp name: faster_rcnn_r101_fpn_1x_coco.py
2021-01-08 21:40:07,540 - mmdet - INFO - Epoch(val) [3][349]	bbox_mAP: 0.3480, bbox_mAP_50: 0.7440, bbox_mAP_75: 0.2130, bbox_mAP_s: 0.3920, bbox_mAP_m: 0.2910, bbox_mAP_l: 0.3250, bbox_mAP_copypaste: 0.348 0.744 0.213 0.392 0.291 0.325
2021-01-08 21:40:34,174 - mmdet - INFO - Epoch [4][50/349]	lr: 2.000e-02, eta: 0:51:41, time: 0.532, data_time: 0.051, memory: 5683, loss_rpn_cls: 0.0220, loss_rpn_bbox: 0.0186, loss_cls: 0.0764, acc: 97.1270, loss_bbox: 0.1061, loss: 0.2231
2021-01-08 21:40:58,168 - mmdet - INFO - Epoch [4][100/349]	lr: 2.000e-02, eta: 0:51:36, time: 0.480, data_time: 0.005, memory: 5683, loss_rpn_cls: 0.0182, loss_rpn_bbox: 0.0195, loss_cls: 0.0937, acc: 96.4980, loss_bbox: 0.1134, loss: 0.2447
2021-01-08 21:41:22,510 - mmdet - INFO - Epoch [4][150/349]	lr: 2.000e-02, eta: 0:51:33, time: 0.487, data_time: 0.005, memory: 5683, loss_rpn_cls: 0.0275, loss_rpn_bbox: 0.0187, loss_cls: 0.0873, acc: 96.8164, loss_bbox: 0.1133, loss: 0.2468
2021-01-08 21:41:46,573 - mmdet - INFO - Epoch [4][200/349]	lr: 2.000e-02, eta: 0:51:25, time: 0.481, data_time: 0.005, memory: 5683, loss_rpn_cls: 0.0237, loss_rpn_bbox: 0.0195, loss_cls: 0.0789, acc: 96.9512, loss_bbox: 0.1070, loss: 0.2291
2021-01-08 21:42:10,485 - mmdet - INFO - Epoch [4][250/349]	lr: 2.000e-02, eta: 0:51:16, time: 0.478, data_time: 0.005, memory: 5683, loss_rpn_cls: 0.0214, loss_rpn_bbox: 0.0187, loss_cls: 0.0820, acc: 96.8203, loss_bbox: 0.1084, loss: 0.2305
2021-01-08 21:42:35,342 - mmdet - INFO - Epoch [4][300/349]	lr: 2.000e-02, eta: 0:51:11, time: 0.497, data_time: 0.005, memory: 5683, loss_rpn_cls: 0.0181, loss_rpn_bbox: 0.0205, loss_cls: 0.0953, acc: 96.2305, loss_bbox: 0.1303, loss: 0.2641
2021-01-08 21:42:58,966 - mmdet - INFO - Saving checkpoint at 4 epochs
2021-01-08 21:43:21,113 - mmdet - INFO - Evaluating bbox...
2021-01-08 21:43:21,562 - mmdet - INFO - Exp name: faster_rcnn_r101_fpn_1x_coco.py
2021-01-08 21:43:21,562 - mmdet - INFO - Epoch(val) [4][349]	bbox_mAP: 0.3140, bbox_mAP_50: 0.7140, bbox_mAP_75: 0.1810, bbox_mAP_s: 0.3260, bbox_mAP_m: 0.3030, bbox_mAP_l: 0.3420, bbox_mAP_copypaste: 0.314 0.714 0.181 0.326 0.303 0.342
2021-01-08 21:43:48,103 - mmdet - INFO - Epoch [5][50/349]	lr: 2.000e-02, eta: 0:49:07, time: 0.531, data_time: 0.050, memory: 5683, loss_rpn_cls: 0.0182, loss_rpn_bbox: 0.0162, loss_cls: 0.0778, acc: 97.1172, loss_bbox: 0.0965, loss: 0.2088
2021-01-08 21:44:11,995 - mmdet - INFO - Epoch [5][100/349]	lr: 2.000e-02, eta: 0:48:58, time: 0.478, data_time: 0.005, memory: 5683, loss_rpn_cls: 0.0238, loss_rpn_bbox: 0.0191, loss_cls: 0.0699, acc: 97.3359, loss_bbox: 0.0963, loss: 0.2091
2021-01-08 21:44:36,242 - mmdet - INFO - Epoch [5][150/349]	lr: 2.000e-02, eta: 0:48:50, time: 0.485, data_time: 0.005, memory: 5683, loss_rpn_cls: 0.0160, loss_rpn_bbox: 0.0164, loss_cls: 0.0779, acc: 96.8438, loss_bbox: 0.1153, loss: 0.2256
2021-01-08 21:45:00,428 - mmdet - INFO - Epoch [5][200/349]	lr: 2.000e-02, eta: 0:48:40, time: 0.484, data_time: 0.005, memory: 5683, loss_rpn_cls: 0.0158, loss_rpn_bbox: 0.0166, loss_cls: 0.0837, acc: 96.7715, loss_bbox: 0.1112, loss: 0.2273
2021-01-08 21:45:24,769 - mmdet - INFO - Epoch [5][250/349]	lr: 2.000e-02, eta: 0:48:30, time: 0.487, data_time: 0.005, memory: 5683, loss_rpn_cls: 0.0180, loss_rpn_bbox: 0.0178, loss_cls: 0.0942, acc: 96.2734, loss_bbox: 0.1288, loss: 0.2588
2021-01-08 21:45:48,853 - mmdet - INFO - Epoch [5][300/349]	lr: 2.000e-02, eta: 0:48:18, time: 0.482, data_time: 0.005, memory: 5683, loss_rpn_cls: 0.0185, loss_rpn_bbox: 0.0185, loss_cls: 0.0803, acc: 96.7461, loss_bbox: 0.1325, loss: 0.2499
2021-01-08 21:46:12,610 - mmdet - INFO - Saving checkpoint at 5 epochs
2021-01-08 21:46:35,141 - mmdet - INFO - Evaluating bbox...
2021-01-08 21:46:35,654 - mmdet - INFO - Exp name: faster_rcnn_r101_fpn_1x_coco.py
2021-01-08 21:46:35,654 - mmdet - INFO - Epoch(val) [5][349]	bbox_mAP: 0.3620, bbox_mAP_50: 0.7830, bbox_mAP_75: 0.2460, bbox_mAP_s: 0.3880, bbox_mAP_m: 0.3310, bbox_mAP_l: 0.2860, bbox_mAP_copypaste: 0.362 0.783 0.246 0.388 0.331 0.286
2021-01-08 21:47:02,153 - mmdet - INFO - Epoch [6][50/349]	lr: 2.000e-02, eta: 0:46:34, time: 0.530, data_time: 0.051, memory: 5683, loss_rpn_cls: 0.0155, loss_rpn_bbox: 0.0179, loss_cls: 0.0648, acc: 97.4180, loss_bbox: 0.1006, loss: 0.1988
2021-01-08 21:47:26,553 - mmdet - INFO - Epoch [6][100/349]	lr: 2.000e-02, eta: 0:46:24, time: 0.488, data_time: 0.005, memory: 5683, loss_rpn_cls: 0.0174, loss_rpn_bbox: 0.0196, loss_cls: 0.0793, acc: 96.8398, loss_bbox: 0.0966, loss: 0.2128
2021-01-08 21:47:50,980 - mmdet - INFO - Epoch [6][150/349]	lr: 2.000e-02, eta: 0:46:14, time: 0.489, data_time: 0.005, memory: 5683, loss_rpn_cls: 0.0202, loss_rpn_bbox: 0.0204, loss_cls: 0.0739, acc: 97.1387, loss_bbox: 0.1102, loss: 0.2246
2021-01-08 21:48:15,304 - mmdet - INFO - Epoch [6][200/349]	lr: 2.000e-02, eta: 0:46:02, time: 0.486, data_time: 0.005, memory: 5683, loss_rpn_cls: 0.0144, loss_rpn_bbox: 0.0200, loss_cls: 0.0848, acc: 96.6445, loss_bbox: 0.1256, loss: 0.2448
2021-01-08 21:48:39,565 - mmdet - INFO - Epoch [6][250/349]	lr: 2.000e-02, eta: 0:45:49, time: 0.485, data_time: 0.005, memory: 5683, loss_rpn_cls: 0.0158, loss_rpn_bbox: 0.0130, loss_cls: 0.0711, acc: 97.1270, loss_bbox: 0.1017, loss: 0.2016
2021-01-08 21:49:03,783 - mmdet - INFO - Epoch [6][300/349]	lr: 2.000e-02, eta: 0:45:36, time: 0.484, data_time: 0.006, memory: 5683, loss_rpn_cls: 0.0113, loss_rpn_bbox: 0.0158, loss_cls: 0.0739, acc: 97.0156, loss_bbox: 0.1029, loss: 0.2040
2021-01-08 21:49:27,348 - mmdet - INFO - Saving checkpoint at 6 epochs
2021-01-08 21:49:50,072 - mmdet - INFO - Evaluating bbox...
2021-01-08 21:49:50,624 - mmdet - INFO - Exp name: faster_rcnn_r101_fpn_1x_coco.py
2021-01-08 21:49:50,625 - mmdet - INFO - Epoch(val) [6][349]	bbox_mAP: 0.3700, bbox_mAP_50: 0.7920, bbox_mAP_75: 0.2410, bbox_mAP_s: 0.4120, bbox_mAP_m: 0.3220, bbox_mAP_l: 0.2860, bbox_mAP_copypaste: 0.370 0.792 0.241 0.412 0.322 0.286
2021-01-08 21:50:17,716 - mmdet - INFO - Epoch [7][50/349]	lr: 2.000e-02, eta: 0:44:08, time: 0.542, data_time: 0.052, memory: 5683, loss_rpn_cls: 0.0233, loss_rpn_bbox: 0.0193, loss_cls: 0.0907, acc: 96.5059, loss_bbox: 0.1260, loss: 0.2593
2021-01-08 21:50:41,932 - mmdet - INFO - Epoch [7][100/349]	lr: 2.000e-02, eta: 0:43:55, time: 0.484, data_time: 0.006, memory: 5683, loss_rpn_cls: 0.0147, loss_rpn_bbox: 0.0203, loss_cls: 0.0891, acc: 96.2832, loss_bbox: 0.1489, loss: 0.2730
2021-01-08 21:51:06,104 - mmdet - INFO - Epoch [7][150/349]	lr: 2.000e-02, eta: 0:43:41, time: 0.483, data_time: 0.006, memory: 5683, loss_rpn_cls: 0.0137, loss_rpn_bbox: 0.0170, loss_cls: 0.0929, acc: 96.2305, loss_bbox: 0.1220, loss: 0.2456
2021-01-08 21:51:30,552 - mmdet - INFO - Epoch [7][200/349]	lr: 2.000e-02, eta: 0:43:28, time: 0.489, data_time: 0.006, memory: 5683, loss_rpn_cls: 0.0188, loss_rpn_bbox: 0.0189, loss_cls: 0.0746, acc: 97.1484, loss_bbox: 0.1122, loss: 0.2245
2021-01-08 21:51:54,859 - mmdet - INFO - Epoch [7][250/349]	lr: 2.000e-02, eta: 0:43:14, time: 0.486, data_time: 0.006, memory: 5683, loss_rpn_cls: 0.0126, loss_rpn_bbox: 0.0195, loss_cls: 0.0764, acc: 96.9473, loss_bbox: 0.1133, loss: 0.2218
2021-01-08 21:52:19,311 - mmdet - INFO - Epoch [7][300/349]	lr: 2.000e-02, eta: 0:43:00, time: 0.489, data_time: 0.006, memory: 5683, loss_rpn_cls: 0.0139, loss_rpn_bbox: 0.0164, loss_cls: 0.0682, acc: 97.2773, loss_bbox: 0.0978, loss: 0.1964
2021-01-08 21:52:43,466 - mmdet - INFO - Saving checkpoint at 7 epochs
2021-01-08 21:53:06,263 - mmdet - INFO - Evaluating bbox...
2021-01-08 21:53:06,706 - mmdet - INFO - Exp name: faster_rcnn_r101_fpn_1x_coco.py
2021-01-08 21:53:06,706 - mmdet - INFO - Epoch(val) [7][349]	bbox_mAP: 0.3910, bbox_mAP_50: 0.8170, bbox_mAP_75: 0.2870, bbox_mAP_s: 0.3930, bbox_mAP_m: 0.3940, bbox_mAP_l: 0.4250, bbox_mAP_copypaste: 0.391 0.817 0.287 0.393 0.394 0.425
2021-01-08 21:53:33,269 - mmdet - INFO - Epoch [8][50/349]	lr: 2.000e-02, eta: 0:41:39, time: 0.531, data_time: 0.050, memory: 5683, loss_rpn_cls: 0.0179, loss_rpn_bbox: 0.0164, loss_cls: 0.0739, acc: 97.2109, loss_bbox: 0.1060, loss: 0.2142
2021-01-08 21:53:57,792 - mmdet - INFO - Epoch [8][100/349]	lr: 2.000e-02, eta: 0:41:25, time: 0.490, data_time: 0.005, memory: 5683, loss_rpn_cls: 0.0159, loss_rpn_bbox: 0.0188, loss_cls: 0.0819, acc: 96.7812, loss_bbox: 0.1181, loss: 0.2346
2021-01-08 21:54:21,794 - mmdet - INFO - Epoch [8][150/349]	lr: 2.000e-02, eta: 0:41:10, time: 0.480, data_time: 0.005, memory: 5683, loss_rpn_cls: 0.0196, loss_rpn_bbox: 0.0165, loss_cls: 0.0718, acc: 97.1621, loss_bbox: 0.1043, loss: 0.2121
2021-01-08 21:54:46,406 - mmdet - INFO - Epoch [8][200/349]	lr: 2.000e-02, eta: 0:40:56, time: 0.492, data_time: 0.005, memory: 5683, loss_rpn_cls: 0.0187, loss_rpn_bbox: 0.0189, loss_cls: 0.0795, acc: 96.9141, loss_bbox: 0.1182, loss: 0.2352
2021-01-08 21:55:10,423 - mmdet - INFO - Epoch [8][250/349]	lr: 2.000e-02, eta: 0:40:40, time: 0.480, data_time: 0.005, memory: 5683, loss_rpn_cls: 0.0173, loss_rpn_bbox: 0.0162, loss_cls: 0.0652, acc: 97.3633, loss_bbox: 0.0967, loss: 0.1954
2021-01-08 21:55:34,818 - mmdet - INFO - Epoch [8][300/349]	lr: 2.000e-02, eta: 0:40:24, time: 0.488, data_time: 0.005, memory: 5683, loss_rpn_cls: 0.0079, loss_rpn_bbox: 0.0125, loss_cls: 0.0662, acc: 97.3105, loss_bbox: 0.1076, loss: 0.1942
2021-01-08 21:55:58,764 - mmdet - INFO - Saving checkpoint at 8 epochs
2021-01-08 21:56:21,412 - mmdet - INFO - Evaluating bbox...
2021-01-08 21:56:21,721 - mmdet - INFO - Exp name: faster_rcnn_r101_fpn_1x_coco.py
2021-01-08 21:56:21,722 - mmdet - INFO - Epoch(val) [8][349]	bbox_mAP: 0.4540, bbox_mAP_50: 0.8350, bbox_mAP_75: 0.4750, bbox_mAP_s: 0.4640, bbox_mAP_m: 0.4490, bbox_mAP_l: 0.4620, bbox_mAP_copypaste: 0.454 0.835 0.475 0.464 0.449 0.462
2021-01-08 21:56:48,611 - mmdet - INFO - Epoch [9][50/349]	lr: 2.000e-03, eta: 0:39:11, time: 0.538, data_time: 0.050, memory: 5683, loss_rpn_cls: 0.0102, loss_rpn_bbox: 0.0136, loss_cls: 0.0635, acc: 97.3672, loss_bbox: 0.1005, loss: 0.1878
2021-01-08 21:57:12,692 - mmdet - INFO - Epoch [9][100/349]	lr: 2.000e-03, eta: 0:38:55, time: 0.482, data_time: 0.005, memory: 5683, loss_rpn_cls: 0.0162, loss_rpn_bbox: 0.0145, loss_cls: 0.0729, acc: 97.0078, loss_bbox: 0.1201, loss: 0.2237
2021-01-08 21:57:37,103 - mmdet - INFO - Epoch [9][150/349]	lr: 2.000e-03, eta: 0:38:40, time: 0.488, data_time: 0.005, memory: 5683, loss_rpn_cls: 0.0115, loss_rpn_bbox: 0.0151, loss_cls: 0.0797, acc: 96.8926, loss_bbox: 0.1240, loss: 0.2304
2021-01-08 21:58:01,949 - mmdet - INFO - Epoch [9][200/349]	lr: 2.000e-03, eta: 0:38:25, time: 0.497, data_time: 0.005, memory: 5683, loss_rpn_cls: 0.0159, loss_rpn_bbox: 0.0149, loss_cls: 0.0665, acc: 97.3105, loss_bbox: 0.1135, loss: 0.2108
2021-01-08 21:58:26,349 - mmdet - INFO - Epoch [9][250/349]	lr: 2.000e-03, eta: 0:38:08, time: 0.488, data_time: 0.005, memory: 5683, loss_rpn_cls: 0.0095, loss_rpn_bbox: 0.0126, loss_cls: 0.0624, acc: 97.3594, loss_bbox: 0.1036, loss: 0.1881
2021-01-08 21:58:50,915 - mmdet - INFO - Epoch [9][300/349]	lr: 2.000e-03, eta: 0:37:52, time: 0.491, data_time: 0.005, memory: 5683, loss_rpn_cls: 0.0115, loss_rpn_bbox: 0.0129, loss_cls: 0.0647, acc: 97.2695, loss_bbox: 0.1029, loss: 0.1919
2021-01-08 21:59:14,701 - mmdet - INFO - Saving checkpoint at 9 epochs
2021-01-08 21:59:36,972 - mmdet - INFO - Evaluating bbox...
2021-01-08 21:59:37,323 - mmdet - INFO - Exp name: faster_rcnn_r101_fpn_1x_coco.py
2021-01-08 21:59:37,323 - mmdet - INFO - Epoch(val) [9][349]	bbox_mAP: 0.5020, bbox_mAP_50: 0.8710, bbox_mAP_75: 0.5430, bbox_mAP_s: 0.4920, bbox_mAP_m: 0.5160, bbox_mAP_l: 0.5240, bbox_mAP_copypaste: 0.502 0.871 0.543 0.492 0.516 0.524
2021-01-08 22:00:04,024 - mmdet - INFO - Epoch [10][50/349]	lr: 2.000e-03, eta: 0:36:44, time: 0.534, data_time: 0.051, memory: 5683, loss_rpn_cls: 0.0082, loss_rpn_bbox: 0.0107, loss_cls: 0.0584, acc: 97.5488, loss_bbox: 0.1026, loss: 0.1800
2021-01-08 22:00:28,370 - mmdet - INFO - Epoch [10][100/349]	lr: 2.000e-03, eta: 0:36:27, time: 0.487, data_time: 0.005, memory: 5683, loss_rpn_cls: 0.0118, loss_rpn_bbox: 0.0120, loss_cls: 0.0659, acc: 97.2754, loss_bbox: 0.1061, loss: 0.1958
2021-01-08 22:00:52,555 - mmdet - INFO - Epoch [10][150/349]	lr: 2.000e-03, eta: 0:36:11, time: 0.484, data_time: 0.005, memory: 5683, loss_rpn_cls: 0.0154, loss_rpn_bbox: 0.0150, loss_cls: 0.0606, acc: 97.5293, loss_bbox: 0.1036, loss: 0.1947
2021-01-08 22:01:16,839 - mmdet - INFO - Epoch [10][200/349]	lr: 2.000e-03, eta: 0:35:54, time: 0.486, data_time: 0.005, memory: 5683, loss_rpn_cls: 0.0092, loss_rpn_bbox: 0.0125, loss_cls: 0.0666, acc: 97.3359, loss_bbox: 0.1095, loss: 0.1979
2021-01-08 22:01:41,160 - mmdet - INFO - Epoch [10][250/349]	lr: 2.000e-03, eta: 0:35:37, time: 0.486, data_time: 0.005, memory: 5683, loss_rpn_cls: 0.0142, loss_rpn_bbox: 0.0160, loss_cls: 0.0681, acc: 97.2715, loss_bbox: 0.1100, loss: 0.2083
2021-01-08 22:02:05,987 - mmdet - INFO - Epoch [10][300/349]	lr: 2.000e-03, eta: 0:35:20, time: 0.497, data_time: 0.006, memory: 5683, loss_rpn_cls: 0.0068, loss_rpn_bbox: 0.0122, loss_cls: 0.0639, acc: 97.2949, loss_bbox: 0.1163, loss: 0.1992
2021-01-08 22:02:29,910 - mmdet - INFO - Saving checkpoint at 10 epochs
2021-01-08 22:02:52,146 - mmdet - INFO - Evaluating bbox...
2021-01-08 22:02:52,476 - mmdet - INFO - Exp name: faster_rcnn_r101_fpn_1x_coco.py
2021-01-08 22:02:52,477 - mmdet - INFO - Epoch(val) [10][349]	bbox_mAP: 0.5030, bbox_mAP_50: 0.8740, bbox_mAP_75: 0.5460, bbox_mAP_s: 0.4960, bbox_mAP_m: 0.5200, bbox_mAP_l: 0.5030, bbox_mAP_copypaste: 0.503 0.874 0.546 0.496 0.520 0.503
2021-01-08 22:03:19,157 - mmdet - INFO - Epoch [11][50/349]	lr: 2.000e-03, eta: 0:34:16, time: 0.533, data_time: 0.050, memory: 5683, loss_rpn_cls: 0.0150, loss_rpn_bbox: 0.0160, loss_cls: 0.0756, acc: 96.8770, loss_bbox: 0.1333, loss: 0.2400
2021-01-08 22:03:43,463 - mmdet - INFO - Epoch [11][100/349]	lr: 2.000e-03, eta: 0:33:59, time: 0.486, data_time: 0.005, memory: 5683, loss_rpn_cls: 0.0103, loss_rpn_bbox: 0.0117, loss_cls: 0.0580, acc: 97.6348, loss_bbox: 0.0941, loss: 0.1742
2021-01-08 22:04:07,530 - mmdet - INFO - Epoch [11][150/349]	lr: 2.000e-03, eta: 0:33:41, time: 0.481, data_time: 0.005, memory: 5683, loss_rpn_cls: 0.0122, loss_rpn_bbox: 0.0138, loss_cls: 0.0617, acc: 97.4297, loss_bbox: 0.1052, loss: 0.1929
2021-01-08 22:04:31,836 - mmdet - INFO - Epoch [11][200/349]	lr: 2.000e-03, eta: 0:33:23, time: 0.486, data_time: 0.005, memory: 5683, loss_rpn_cls: 0.0099, loss_rpn_bbox: 0.0123, loss_cls: 0.0597, acc: 97.4766, loss_bbox: 0.1024, loss: 0.1843
2021-01-08 22:04:56,154 - mmdet - INFO - Epoch [11][250/349]	lr: 2.000e-03, eta: 0:33:06, time: 0.486, data_time: 0.005, memory: 5683, loss_rpn_cls: 0.0092, loss_rpn_bbox: 0.0134, loss_cls: 0.0638, acc: 97.4707, loss_bbox: 0.1065, loss: 0.1930
2021-01-08 22:05:20,522 - mmdet - INFO - Epoch [11][300/349]	lr: 2.000e-03, eta: 0:32:48, time: 0.487, data_time: 0.005, memory: 5683, loss_rpn_cls: 0.0093, loss_rpn_bbox: 0.0111, loss_cls: 0.0649, acc: 97.3066, loss_bbox: 0.1057, loss: 0.1910
2021-01-08 22:05:44,353 - mmdet - INFO - Saving checkpoint at 11 epochs
2021-01-08 22:06:06,582 - mmdet - INFO - Evaluating bbox...
2021-01-08 22:06:06,905 - mmdet - INFO - Exp name: faster_rcnn_r101_fpn_1x_coco.py
2021-01-08 22:06:06,905 - mmdet - INFO - Epoch(val) [11][349]	bbox_mAP: 0.5080, bbox_mAP_50: 0.8800, bbox_mAP_75: 0.5510, bbox_mAP_s: 0.5000, bbox_mAP_m: 0.5240, bbox_mAP_l: 0.4870, bbox_mAP_copypaste: 0.508 0.880 0.551 0.500 0.524 0.487
2021-01-08 22:06:33,383 - mmdet - INFO - Epoch [12][50/349]	lr: 2.000e-04, eta: 0:31:47, time: 0.529, data_time: 0.050, memory: 5683, loss_rpn_cls: 0.0131, loss_rpn_bbox: 0.0142, loss_cls: 0.0613, acc: 97.4258, loss_bbox: 0.0991, loss: 0.1877
2021-01-08 22:06:57,384 - mmdet - INFO - Epoch [12][100/349]	lr: 2.000e-04, eta: 0:31:29, time: 0.480, data_time: 0.005, memory: 5683, loss_rpn_cls: 0.0089, loss_rpn_bbox: 0.0125, loss_cls: 0.0631, acc: 97.2520, loss_bbox: 0.1170, loss: 0.2016
2021-01-08 22:07:21,861 - mmdet - INFO - Epoch [12][150/349]	lr: 2.000e-04, eta: 0:31:11, time: 0.490, data_time: 0.005, memory: 5683, loss_rpn_cls: 0.0119, loss_rpn_bbox: 0.0129, loss_cls: 0.0590, acc: 97.5742, loss_bbox: 0.1017, loss: 0.1855
2021-01-08 22:07:46,252 - mmdet - INFO - Epoch [12][200/349]	lr: 2.000e-04, eta: 0:30:53, time: 0.488, data_time: 0.005, memory: 5683, loss_rpn_cls: 0.0136, loss_rpn_bbox: 0.0142, loss_cls: 0.0613, acc: 97.4941, loss_bbox: 0.1083, loss: 0.1975
2021-01-08 22:08:10,744 - mmdet - INFO - Epoch [12][250/349]	lr: 2.000e-04, eta: 0:30:35, time: 0.490, data_time: 0.005, memory: 5683, loss_rpn_cls: 0.0090, loss_rpn_bbox: 0.0126, loss_cls: 0.0655, acc: 97.2734, loss_bbox: 0.1121, loss: 0.1991
2021-01-08 22:08:34,549 - mmdet - INFO - Epoch [12][300/349]	lr: 2.000e-04, eta: 0:30:16, time: 0.476, data_time: 0.005, memory: 5683, loss_rpn_cls: 0.0095, loss_rpn_bbox: 0.0129, loss_cls: 0.0592, acc: 97.6348, loss_bbox: 0.1021, loss: 0.1837
2021-01-08 22:08:58,421 - mmdet - INFO - Saving checkpoint at 12 epochs
2021-01-08 22:09:20,763 - mmdet - INFO - Evaluating bbox...
2021-01-08 22:09:21,073 - mmdet - INFO - Exp name: faster_rcnn_r101_fpn_1x_coco.py
2021-01-08 22:09:21,073 - mmdet - INFO - Epoch(val) [12][349]	bbox_mAP: 0.5070, bbox_mAP_50: 0.8770, bbox_mAP_75: 0.5480, bbox_mAP_s: 0.4980, bbox_mAP_m: 0.5240, bbox_mAP_l: 0.5190, bbox_mAP_copypaste: 0.507 0.877 0.548 0.498 0.524 0.519
2021-01-08 22:09:47,619 - mmdet - INFO - Epoch [13][50/349]	lr: 2.000e-04, eta: 0:29:18, time: 0.531, data_time: 0.050, memory: 5683, loss_rpn_cls: 0.0104, loss_rpn_bbox: 0.0118, loss_cls: 0.0600, acc: 97.5859, loss_bbox: 0.1016, loss: 0.1838
2021-01-08 22:10:12,412 - mmdet - INFO - Epoch [13][100/349]	lr: 2.000e-04, eta: 0:29:00, time: 0.496, data_time: 0.005, memory: 5683, loss_rpn_cls: 0.0127, loss_rpn_bbox: 0.0119, loss_cls: 0.0646, acc: 97.2676, loss_bbox: 0.1107, loss: 0.1999
2021-01-08 22:10:37,624 - mmdet - INFO - Epoch [13][150/349]	lr: 2.000e-04, eta: 0:28:42, time: 0.504, data_time: 0.005, memory: 5683, loss_rpn_cls: 0.0135, loss_rpn_bbox: 0.0143, loss_cls: 0.0591, acc: 97.6113, loss_bbox: 0.0957, loss: 0.1826
2021-01-08 22:11:02,072 - mmdet - INFO - Epoch [13][200/349]	lr: 2.000e-04, eta: 0:28:24, time: 0.489, data_time: 0.005, memory: 5683, loss_rpn_cls: 0.0079, loss_rpn_bbox: 0.0118, loss_cls: 0.0575, acc: 97.6113, loss_bbox: 0.1008, loss: 0.1781
2021-01-08 22:11:26,658 - mmdet - INFO - Epoch [13][250/349]	lr: 2.000e-04, eta: 0:28:05, time: 0.492, data_time: 0.005, memory: 5683, loss_rpn_cls: 0.0080, loss_rpn_bbox: 0.0124, loss_cls: 0.0623, acc: 97.3789, loss_bbox: 0.1138, loss: 0.1965
2021-01-08 22:11:51,312 - mmdet - INFO - Epoch [13][300/349]	lr: 2.000e-04, eta: 0:27:47, time: 0.493, data_time: 0.005, memory: 5683, loss_rpn_cls: 0.0115, loss_rpn_bbox: 0.0145, loss_cls: 0.0679, acc: 97.1660, loss_bbox: 0.1179, loss: 0.2117
2021-01-08 22:12:14,804 - mmdet - INFO - Saving checkpoint at 13 epochs
2021-01-08 22:12:37,131 - mmdet - INFO - Evaluating bbox...
2021-01-08 22:12:37,441 - mmdet - INFO - Exp name: faster_rcnn_r101_fpn_1x_coco.py
2021-01-08 22:12:37,441 - mmdet - INFO - Epoch(val) [13][349]	bbox_mAP: 0.5100, bbox_mAP_50: 0.8780, bbox_mAP_75: 0.5480, bbox_mAP_s: 0.5040, bbox_mAP_m: 0.5210, bbox_mAP_l: 0.5180, bbox_mAP_copypaste: 0.510 0.878 0.548 0.504 0.521 0.518
2021-01-08 22:13:04,107 - mmdet - INFO - Epoch [14][50/349]	lr: 2.000e-04, eta: 0:26:51, time: 0.533, data_time: 0.050, memory: 5683, loss_rpn_cls: 0.0114, loss_rpn_bbox: 0.0145, loss_cls: 0.0639, acc: 97.3770, loss_bbox: 0.1107, loss: 0.2006
2021-01-08 22:13:28,575 - mmdet - INFO - Epoch [14][100/349]	lr: 2.000e-04, eta: 0:26:32, time: 0.489, data_time: 0.005, memory: 5683, loss_rpn_cls: 0.0169, loss_rpn_bbox: 0.0152, loss_cls: 0.0649, acc: 97.3906, loss_bbox: 0.1044, loss: 0.2013
2021-01-08 22:13:52,973 - mmdet - INFO - Epoch [14][150/349]	lr: 2.000e-04, eta: 0:26:14, time: 0.488, data_time: 0.005, memory: 5683, loss_rpn_cls: 0.0084, loss_rpn_bbox: 0.0117, loss_cls: 0.0605, acc: 97.5332, loss_bbox: 0.1092, loss: 0.1898
2021-01-08 22:14:17,120 - mmdet - INFO - Epoch [14][200/349]	lr: 2.000e-04, eta: 0:25:54, time: 0.483, data_time: 0.005, memory: 5683, loss_rpn_cls: 0.0071, loss_rpn_bbox: 0.0116, loss_cls: 0.0648, acc: 97.3066, loss_bbox: 0.1204, loss: 0.2039
2021-01-08 22:14:41,377 - mmdet - INFO - Epoch [14][250/349]	lr: 2.000e-04, eta: 0:25:35, time: 0.485, data_time: 0.005, memory: 5683, loss_rpn_cls: 0.0084, loss_rpn_bbox: 0.0123, loss_cls: 0.0655, acc: 97.2129, loss_bbox: 0.1143, loss: 0.2006
2021-01-08 22:15:05,590 - mmdet - INFO - Epoch [14][300/349]	lr: 2.000e-04, eta: 0:25:16, time: 0.484, data_time: 0.005, memory: 5683, loss_rpn_cls: 0.0154, loss_rpn_bbox: 0.0118, loss_cls: 0.0525, acc: 97.8770, loss_bbox: 0.0841, loss: 0.1638
2021-01-08 22:15:28,927 - mmdet - INFO - Saving checkpoint at 14 epochs
2021-01-08 22:15:51,302 - mmdet - INFO - Evaluating bbox...
2021-01-08 22:15:51,695 - mmdet - INFO - Exp name: faster_rcnn_r101_fpn_1x_coco.py
2021-01-08 22:15:51,696 - mmdet - INFO - Epoch(val) [14][349]	bbox_mAP: 0.5100, bbox_mAP_50: 0.8760, bbox_mAP_75: 0.5540, bbox_mAP_s: 0.5030, bbox_mAP_m: 0.5280, bbox_mAP_l: 0.5070, bbox_mAP_copypaste: 0.510 0.876 0.554 0.503 0.528 0.507
2021-01-08 22:16:18,348 - mmdet - INFO - Epoch [15][50/349]	lr: 2.000e-04, eta: 0:24:22, time: 0.533, data_time: 0.051, memory: 5683, loss_rpn_cls: 0.0126, loss_rpn_bbox: 0.0134, loss_cls: 0.0620, acc: 97.3848, loss_bbox: 0.1107, loss: 0.1988
2021-01-08 22:16:42,957 - mmdet - INFO - Epoch [15][100/349]	lr: 2.000e-04, eta: 0:24:04, time: 0.492, data_time: 0.005, memory: 5683, loss_rpn_cls: 0.0111, loss_rpn_bbox: 0.0147, loss_cls: 0.0727, acc: 97.0332, loss_bbox: 0.1246, loss: 0.2232
2021-01-08 22:17:06,831 - mmdet - INFO - Epoch [15][150/349]	lr: 2.000e-04, eta: 0:23:44, time: 0.477, data_time: 0.005, memory: 5683, loss_rpn_cls: 0.0093, loss_rpn_bbox: 0.0121, loss_cls: 0.0629, acc: 97.4336, loss_bbox: 0.1088, loss: 0.1932
2021-01-08 22:17:31,440 - mmdet - INFO - Epoch [15][200/349]	lr: 2.000e-04, eta: 0:23:25, time: 0.492, data_time: 0.005, memory: 5683, loss_rpn_cls: 0.0092, loss_rpn_bbox: 0.0119, loss_cls: 0.0556, acc: 97.7285, loss_bbox: 0.0926, loss: 0.1692
2021-01-08 22:17:55,487 - mmdet - INFO - Epoch [15][250/349]	lr: 2.000e-04, eta: 0:23:05, time: 0.481, data_time: 0.005, memory: 5683, loss_rpn_cls: 0.0065, loss_rpn_bbox: 0.0092, loss_cls: 0.0528, acc: 97.8223, loss_bbox: 0.0911, loss: 0.1597
2021-01-08 22:18:20,072 - mmdet - INFO - Epoch [15][300/349]	lr: 2.000e-04, eta: 0:22:46, time: 0.492, data_time: 0.005, memory: 5683, loss_rpn_cls: 0.0124, loss_rpn_bbox: 0.0143, loss_cls: 0.0667, acc: 97.1797, loss_bbox: 0.1160, loss: 0.2095
2021-01-08 22:18:43,671 - mmdet - INFO - Saving checkpoint at 15 epochs
2021-01-08 22:19:06,109 - mmdet - INFO - Evaluating bbox...
2021-01-08 22:19:06,417 - mmdet - INFO - Exp name: faster_rcnn_r101_fpn_1x_coco.py
2021-01-08 22:19:06,417 - mmdet - INFO - Epoch(val) [15][349]	bbox_mAP: 0.5100, bbox_mAP_50: 0.8770, bbox_mAP_75: 0.5490, bbox_mAP_s: 0.5010, bbox_mAP_m: 0.5270, bbox_mAP_l: 0.4930, bbox_mAP_copypaste: 0.510 0.877 0.549 0.501 0.527 0.493
2021-01-08 22:19:33,017 - mmdet - INFO - Epoch [16][50/349]	lr: 2.000e-04, eta: 0:21:54, time: 0.532, data_time: 0.050, memory: 5683, loss_rpn_cls: 0.0093, loss_rpn_bbox: 0.0126, loss_cls: 0.0649, acc: 97.3262, loss_bbox: 0.1039, loss: 0.1907
2021-01-08 22:19:57,063 - mmdet - INFO - Epoch [16][100/349]	lr: 2.000e-04, eta: 0:21:34, time: 0.481, data_time: 0.005, memory: 5683, loss_rpn_cls: 0.0119, loss_rpn_bbox: 0.0133, loss_cls: 0.0662, acc: 97.2676, loss_bbox: 0.1146, loss: 0.2059
2021-01-08 22:20:21,386 - mmdet - INFO - Epoch [16][150/349]	lr: 2.000e-04, eta: 0:21:15, time: 0.486, data_time: 0.005, memory: 5683, loss_rpn_cls: 0.0117, loss_rpn_bbox: 0.0148, loss_cls: 0.0651, acc: 97.3750, loss_bbox: 0.1113, loss: 0.2029
2021-01-08 22:20:45,236 - mmdet - INFO - Epoch [16][200/349]	lr: 2.000e-04, eta: 0:20:55, time: 0.477, data_time: 0.005, memory: 5683, loss_rpn_cls: 0.0086, loss_rpn_bbox: 0.0118, loss_cls: 0.0608, acc: 97.4824, loss_bbox: 0.1019, loss: 0.1831
2021-01-08 22:21:09,268 - mmdet - INFO - Epoch [16][250/349]	lr: 2.000e-04, eta: 0:20:35, time: 0.481, data_time: 0.005, memory: 5683, loss_rpn_cls: 0.0103, loss_rpn_bbox: 0.0113, loss_cls: 0.0582, acc: 97.6387, loss_bbox: 0.1060, loss: 0.1858
2021-01-08 22:21:34,349 - mmdet - INFO - Epoch [16][300/349]	lr: 2.000e-04, eta: 0:20:15, time: 0.502, data_time: 0.005, memory: 5683, loss_rpn_cls: 0.0138, loss_rpn_bbox: 0.0139, loss_cls: 0.0650, acc: 97.3242, loss_bbox: 0.1157, loss: 0.2084
2021-01-08 22:21:58,190 - mmdet - INFO - Saving checkpoint at 16 epochs
2021-01-08 22:22:20,462 - mmdet - INFO - Evaluating bbox...
2021-01-08 22:22:20,770 - mmdet - INFO - Exp name: faster_rcnn_r101_fpn_1x_coco.py
2021-01-08 22:22:20,770 - mmdet - INFO - Epoch(val) [16][349]	bbox_mAP: 0.5110, bbox_mAP_50: 0.8770, bbox_mAP_75: 0.5620, bbox_mAP_s: 0.5030, bbox_mAP_m: 0.5260, bbox_mAP_l: 0.5290, bbox_mAP_copypaste: 0.511 0.877 0.562 0.503 0.526 0.529
2021-01-08 22:22:47,399 - mmdet - INFO - Epoch [17][50/349]	lr: 2.000e-04, eta: 0:19:25, time: 0.532, data_time: 0.051, memory: 5683, loss_rpn_cls: 0.0122, loss_rpn_bbox: 0.0133, loss_cls: 0.0596, acc: 97.6094, loss_bbox: 0.1095, loss: 0.1946
2021-01-08 22:23:11,444 - mmdet - INFO - Epoch [17][100/349]	lr: 2.000e-04, eta: 0:19:05, time: 0.481, data_time: 0.005, memory: 5683, loss_rpn_cls: 0.0086, loss_rpn_bbox: 0.0133, loss_cls: 0.0658, acc: 97.2559, loss_bbox: 0.1186, loss: 0.2064
2021-01-08 22:23:35,732 - mmdet - INFO - Epoch [17][150/349]	lr: 2.000e-04, eta: 0:18:46, time: 0.486, data_time: 0.005, memory: 5683, loss_rpn_cls: 0.0083, loss_rpn_bbox: 0.0126, loss_cls: 0.0573, acc: 97.5957, loss_bbox: 0.0890, loss: 0.1671
2021-01-08 22:23:59,719 - mmdet - INFO - Epoch [17][200/349]	lr: 2.000e-04, eta: 0:18:25, time: 0.480, data_time: 0.005, memory: 5683, loss_rpn_cls: 0.0066, loss_rpn_bbox: 0.0128, loss_cls: 0.0655, acc: 97.2305, loss_bbox: 0.1233, loss: 0.2081
2021-01-08 22:24:24,104 - mmdet - INFO - Epoch [17][250/349]	lr: 2.000e-04, eta: 0:18:05, time: 0.488, data_time: 0.005, memory: 5683, loss_rpn_cls: 0.0119, loss_rpn_bbox: 0.0144, loss_cls: 0.0633, acc: 97.4082, loss_bbox: 0.1079, loss: 0.1975
2021-01-08 22:24:48,671 - mmdet - INFO - Epoch [17][300/349]	lr: 2.000e-04, eta: 0:17:45, time: 0.491, data_time: 0.006, memory: 5683, loss_rpn_cls: 0.0139, loss_rpn_bbox: 0.0132, loss_cls: 0.0626, acc: 97.4883, loss_bbox: 0.1077, loss: 0.1975
2021-01-08 22:25:12,941 - mmdet - INFO - Saving checkpoint at 17 epochs
2021-01-08 22:25:35,166 - mmdet - INFO - Evaluating bbox...
2021-01-08 22:25:35,487 - mmdet - INFO - Exp name: faster_rcnn_r101_fpn_1x_coco.py
2021-01-08 22:25:35,487 - mmdet - INFO - Epoch(val) [17][349]	bbox_mAP: 0.5110, bbox_mAP_50: 0.8780, bbox_mAP_75: 0.5610, bbox_mAP_s: 0.5060, bbox_mAP_m: 0.5250, bbox_mAP_l: 0.4760, bbox_mAP_copypaste: 0.511 0.878 0.561 0.506 0.525 0.476
2021-01-08 22:26:01,813 - mmdet - INFO - Epoch [18][50/349]	lr: 2.000e-04, eta: 0:16:57, time: 0.526, data_time: 0.051, memory: 5683, loss_rpn_cls: 0.0094, loss_rpn_bbox: 0.0123, loss_cls: 0.0619, acc: 97.4941, loss_bbox: 0.1121, loss: 0.1957
2021-01-08 22:26:26,318 - mmdet - INFO - Epoch [18][100/349]	lr: 2.000e-04, eta: 0:16:37, time: 0.490, data_time: 0.006, memory: 5683, loss_rpn_cls: 0.0101, loss_rpn_bbox: 0.0102, loss_cls: 0.0589, acc: 97.5605, loss_bbox: 0.0992, loss: 0.1785
2021-01-08 22:26:50,853 - mmdet - INFO - Epoch [18][150/349]	lr: 2.000e-04, eta: 0:16:17, time: 0.491, data_time: 0.005, memory: 5683, loss_rpn_cls: 0.0103, loss_rpn_bbox: 0.0141, loss_cls: 0.0654, acc: 97.2461, loss_bbox: 0.1136, loss: 0.2034
2021-01-08 22:27:14,966 - mmdet - INFO - Epoch [18][200/349]	lr: 2.000e-04, eta: 0:15:56, time: 0.482, data_time: 0.005, memory: 5683, loss_rpn_cls: 0.0112, loss_rpn_bbox: 0.0107, loss_cls: 0.0618, acc: 97.5293, loss_bbox: 0.1005, loss: 0.1842
2021-01-08 22:27:39,233 - mmdet - INFO - Epoch [18][250/349]	lr: 2.000e-04, eta: 0:15:36, time: 0.485, data_time: 0.005, memory: 5683, loss_rpn_cls: 0.0109, loss_rpn_bbox: 0.0132, loss_cls: 0.0621, acc: 97.4082, loss_bbox: 0.1100, loss: 0.1962
2021-01-08 22:28:03,783 - mmdet - INFO - Epoch [18][300/349]	lr: 2.000e-04, eta: 0:15:16, time: 0.491, data_time: 0.005, memory: 5683, loss_rpn_cls: 0.0114, loss_rpn_bbox: 0.0136, loss_cls: 0.0628, acc: 97.3086, loss_bbox: 0.1083, loss: 0.1961
2021-01-08 22:28:27,339 - mmdet - INFO - Saving checkpoint at 18 epochs
2021-01-08 22:28:49,642 - mmdet - INFO - Evaluating bbox...
2021-01-08 22:28:49,952 - mmdet - INFO - Exp name: faster_rcnn_r101_fpn_1x_coco.py
2021-01-08 22:28:49,952 - mmdet - INFO - Epoch(val) [18][349]	bbox_mAP: 0.5110, bbox_mAP_50: 0.8780, bbox_mAP_75: 0.5540, bbox_mAP_s: 0.5050, bbox_mAP_m: 0.5280, bbox_mAP_l: 0.4790, bbox_mAP_copypaste: 0.511 0.878 0.554 0.505 0.528 0.479
2021-01-08 22:29:16,131 - mmdet - INFO - Epoch [19][50/349]	lr: 2.000e-04, eta: 0:14:28, time: 0.523, data_time: 0.050, memory: 5683, loss_rpn_cls: 0.0130, loss_rpn_bbox: 0.0126, loss_cls: 0.0578, acc: 97.5469, loss_bbox: 0.0984, loss: 0.1819
2021-01-08 22:29:40,830 - mmdet - INFO - Epoch [19][100/349]	lr: 2.000e-04, eta: 0:14:08, time: 0.494, data_time: 0.005, memory: 5683, loss_rpn_cls: 0.0096, loss_rpn_bbox: 0.0138, loss_cls: 0.0683, acc: 97.1387, loss_bbox: 0.1218, loss: 0.2135
2021-01-08 22:30:05,109 - mmdet - INFO - Epoch [19][150/349]	lr: 2.000e-04, eta: 0:13:48, time: 0.486, data_time: 0.005, memory: 5683, loss_rpn_cls: 0.0121, loss_rpn_bbox: 0.0126, loss_cls: 0.0627, acc: 97.3945, loss_bbox: 0.1109, loss: 0.1983
2021-01-08 22:30:29,040 - mmdet - INFO - Epoch [19][200/349]	lr: 2.000e-04, eta: 0:13:27, time: 0.479, data_time: 0.005, memory: 5683, loss_rpn_cls: 0.0101, loss_rpn_bbox: 0.0111, loss_cls: 0.0569, acc: 97.6621, loss_bbox: 0.0993, loss: 0.1773
2021-01-08 22:30:53,880 - mmdet - INFO - Epoch [19][250/349]	lr: 2.000e-04, eta: 0:13:07, time: 0.497, data_time: 0.005, memory: 5683, loss_rpn_cls: 0.0096, loss_rpn_bbox: 0.0149, loss_cls: 0.0671, acc: 97.2559, loss_bbox: 0.1168, loss: 0.2083
2021-01-08 22:31:17,833 - mmdet - INFO - Epoch [19][300/349]	lr: 2.000e-04, eta: 0:12:46, time: 0.479, data_time: 0.005, memory: 5683, loss_rpn_cls: 0.0089, loss_rpn_bbox: 0.0106, loss_cls: 0.0560, acc: 97.6738, loss_bbox: 0.1007, loss: 0.1763
2021-01-08 22:31:41,992 - mmdet - INFO - Saving checkpoint at 19 epochs
2021-01-08 22:32:04,466 - mmdet - INFO - Evaluating bbox...
2021-01-08 22:32:04,775 - mmdet - INFO - Exp name: faster_rcnn_r101_fpn_1x_coco.py
2021-01-08 22:32:04,775 - mmdet - INFO - Epoch(val) [19][349]	bbox_mAP: 0.5110, bbox_mAP_50: 0.8780, bbox_mAP_75: 0.5560, bbox_mAP_s: 0.5020, bbox_mAP_m: 0.5310, bbox_mAP_l: 0.4880, bbox_mAP_copypaste: 0.511 0.878 0.556 0.502 0.531 0.488
2021-01-08 22:32:31,031 - mmdet - INFO - Epoch [20][50/349]	lr: 2.000e-04, eta: 0:12:00, time: 0.525, data_time: 0.050, memory: 5683, loss_rpn_cls: 0.0130, loss_rpn_bbox: 0.0135, loss_cls: 0.0589, acc: 97.6367, loss_bbox: 0.0939, loss: 0.1793
2021-01-08 22:32:55,155 - mmdet - INFO - Epoch [20][100/349]	lr: 2.000e-04, eta: 0:11:39, time: 0.482, data_time: 0.005, memory: 5683, loss_rpn_cls: 0.0110, loss_rpn_bbox: 0.0132, loss_cls: 0.0652, acc: 97.2656, loss_bbox: 0.1105, loss: 0.2000
2021-01-08 22:33:19,308 - mmdet - INFO - Epoch [20][150/349]	lr: 2.000e-04, eta: 0:11:19, time: 0.483, data_time: 0.005, memory: 5683, loss_rpn_cls: 0.0096, loss_rpn_bbox: 0.0131, loss_cls: 0.0617, acc: 97.3418, loss_bbox: 0.1171, loss: 0.2015
2021-01-08 22:33:43,418 - mmdet - INFO - Epoch [20][200/349]	lr: 2.000e-04, eta: 0:10:58, time: 0.482, data_time: 0.005, memory: 5683, loss_rpn_cls: 0.0109, loss_rpn_bbox: 0.0122, loss_cls: 0.0644, acc: 97.3652, loss_bbox: 0.1060, loss: 0.1935
2021-01-08 22:34:07,587 - mmdet - INFO - Epoch [20][250/349]	lr: 2.000e-04, eta: 0:10:37, time: 0.483, data_time: 0.005, memory: 5683, loss_rpn_cls: 0.0137, loss_rpn_bbox: 0.0137, loss_cls: 0.0659, acc: 97.3770, loss_bbox: 0.1188, loss: 0.2121
2021-01-08 22:34:31,850 - mmdet - INFO - Epoch [20][300/349]	lr: 2.000e-04, eta: 0:10:17, time: 0.485, data_time: 0.005, memory: 5683, loss_rpn_cls: 0.0055, loss_rpn_bbox: 0.0115, loss_cls: 0.0525, acc: 97.8477, loss_bbox: 0.0903, loss: 0.1598
2021-01-08 22:34:56,185 - mmdet - INFO - Saving checkpoint at 20 epochs
2021-01-08 22:35:18,502 - mmdet - INFO - Evaluating bbox...
2021-01-08 22:35:18,804 - mmdet - INFO - Exp name: faster_rcnn_r101_fpn_1x_coco.py
2021-01-08 22:35:18,804 - mmdet - INFO - Epoch(val) [20][349]	bbox_mAP: 0.5130, bbox_mAP_50: 0.8790, bbox_mAP_75: 0.5540, bbox_mAP_s: 0.5040, bbox_mAP_m: 0.5340, bbox_mAP_l: 0.4950, bbox_mAP_copypaste: 0.513 0.879 0.554 0.504 0.534 0.495
2021-01-08 22:35:45,158 - mmdet - INFO - Epoch [21][50/349]	lr: 2.000e-04, eta: 0:09:31, time: 0.527, data_time: 0.051, memory: 5683, loss_rpn_cls: 0.0091, loss_rpn_bbox: 0.0114, loss_cls: 0.0572, acc: 97.6582, loss_bbox: 0.0962, loss: 0.1739
2021-01-08 22:36:09,876 - mmdet - INFO - Epoch [21][100/349]	lr: 2.000e-04, eta: 0:09:11, time: 0.494, data_time: 0.005, memory: 5683, loss_rpn_cls: 0.0141, loss_rpn_bbox: 0.0136, loss_cls: 0.0608, acc: 97.5547, loss_bbox: 0.1057, loss: 0.1943
2021-01-08 22:36:33,823 - mmdet - INFO - Epoch [21][150/349]	lr: 2.000e-04, eta: 0:08:50, time: 0.479, data_time: 0.005, memory: 5683, loss_rpn_cls: 0.0130, loss_rpn_bbox: 0.0125, loss_cls: 0.0635, acc: 97.3594, loss_bbox: 0.1159, loss: 0.2049
2021-01-08 22:36:58,206 - mmdet - INFO - Epoch [21][200/349]	lr: 2.000e-04, eta: 0:08:29, time: 0.488, data_time: 0.005, memory: 5683, loss_rpn_cls: 0.0102, loss_rpn_bbox: 0.0140, loss_cls: 0.0651, acc: 97.3184, loss_bbox: 0.1097, loss: 0.1990
2021-01-08 22:37:22,462 - mmdet - INFO - Epoch [21][250/349]	lr: 2.000e-04, eta: 0:08:08, time: 0.485, data_time: 0.005, memory: 5683, loss_rpn_cls: 0.0066, loss_rpn_bbox: 0.0081, loss_cls: 0.0515, acc: 97.8672, loss_bbox: 0.0850, loss: 0.1512
2021-01-08 22:37:46,592 - mmdet - INFO - Epoch [21][300/349]	lr: 2.000e-04, eta: 0:07:47, time: 0.483, data_time: 0.005, memory: 5683, loss_rpn_cls: 0.0069, loss_rpn_bbox: 0.0136, loss_cls: 0.0673, acc: 97.1777, loss_bbox: 0.1206, loss: 0.2085
2021-01-08 22:38:10,396 - mmdet - INFO - Saving checkpoint at 21 epochs
2021-01-08 22:38:32,715 - mmdet - INFO - Evaluating bbox...
2021-01-08 22:38:33,024 - mmdet - INFO - Exp name: faster_rcnn_r101_fpn_1x_coco.py
2021-01-08 22:38:33,025 - mmdet - INFO - Epoch(val) [21][349]	bbox_mAP: 0.5090, bbox_mAP_50: 0.8790, bbox_mAP_75: 0.5510, bbox_mAP_s: 0.5020, bbox_mAP_m: 0.5250, bbox_mAP_l: 0.4900, bbox_mAP_copypaste: 0.509 0.879 0.551 0.502 0.525 0.490
2021-01-08 22:38:59,352 - mmdet - INFO - Epoch [22][50/349]	lr: 2.000e-04, eta: 0:07:03, time: 0.526, data_time: 0.051, memory: 5683, loss_rpn_cls: 0.0115, loss_rpn_bbox: 0.0131, loss_cls: 0.0644, acc: 97.3047, loss_bbox: 0.1119, loss: 0.2010
2021-01-08 22:39:23,537 - mmdet - INFO - Epoch [22][100/349]	lr: 2.000e-04, eta: 0:06:42, time: 0.484, data_time: 0.005, memory: 5683, loss_rpn_cls: 0.0069, loss_rpn_bbox: 0.0122, loss_cls: 0.0581, acc: 97.5156, loss_bbox: 0.0979, loss: 0.1751
2021-01-08 22:39:47,965 - mmdet - INFO - Epoch [22][150/349]	lr: 2.000e-04, eta: 0:06:21, time: 0.489, data_time: 0.006, memory: 5683, loss_rpn_cls: 0.0065, loss_rpn_bbox: 0.0120, loss_cls: 0.0551, acc: 97.7090, loss_bbox: 0.1036, loss: 0.1773
2021-01-08 22:40:12,674 - mmdet - INFO - Epoch [22][200/349]	lr: 2.000e-04, eta: 0:06:00, time: 0.494, data_time: 0.006, memory: 5683, loss_rpn_cls: 0.0102, loss_rpn_bbox: 0.0117, loss_cls: 0.0577, acc: 97.6934, loss_bbox: 0.0944, loss: 0.1740
2021-01-08 22:40:37,089 - mmdet - INFO - Epoch [22][250/349]	lr: 2.000e-04, eta: 0:05:39, time: 0.488, data_time: 0.006, memory: 5683, loss_rpn_cls: 0.0073, loss_rpn_bbox: 0.0122, loss_cls: 0.0613, acc: 97.4277, loss_bbox: 0.1079, loss: 0.1887
2021-01-08 22:41:01,714 - mmdet - INFO - Epoch [22][300/349]	lr: 2.000e-04, eta: 0:05:18, time: 0.492, data_time: 0.006, memory: 5683, loss_rpn_cls: 0.0188, loss_rpn_bbox: 0.0134, loss_cls: 0.0658, acc: 97.3027, loss_bbox: 0.1086, loss: 0.2065
2021-01-08 22:41:25,546 - mmdet - INFO - Saving checkpoint at 22 epochs
2021-01-08 22:41:48,306 - mmdet - INFO - Evaluating bbox...
2021-01-08 22:41:48,619 - mmdet - INFO - Exp name: faster_rcnn_r101_fpn_1x_coco.py
2021-01-08 22:41:48,620 - mmdet - INFO - Epoch(val) [22][349]	bbox_mAP: 0.5140, bbox_mAP_50: 0.8790, bbox_mAP_75: 0.5640, bbox_mAP_s: 0.5060, bbox_mAP_m: 0.5310, bbox_mAP_l: 0.4950, bbox_mAP_copypaste: 0.514 0.879 0.564 0.506 0.531 0.495
2021-01-08 22:42:15,715 - mmdet - INFO - Epoch [23][50/349]	lr: 2.000e-04, eta: 0:04:35, time: 0.542, data_time: 0.051, memory: 5683, loss_rpn_cls: 0.0075, loss_rpn_bbox: 0.0118, loss_cls: 0.0577, acc: 97.5371, loss_bbox: 0.1032, loss: 0.1802
2021-01-08 22:42:40,502 - mmdet - INFO - Epoch [23][100/349]	lr: 2.000e-04, eta: 0:04:14, time: 0.496, data_time: 0.006, memory: 5683, loss_rpn_cls: 0.0135, loss_rpn_bbox: 0.0148, loss_cls: 0.0713, acc: 97.0664, loss_bbox: 0.1272, loss: 0.2267
2021-01-08 22:43:05,787 - mmdet - INFO - Epoch [23][150/349]	lr: 2.000e-04, eta: 0:03:53, time: 0.506, data_time: 0.006, memory: 5683, loss_rpn_cls: 0.0088, loss_rpn_bbox: 0.0130, loss_cls: 0.0588, acc: 97.6230, loss_bbox: 0.1094, loss: 0.1901
2021-01-08 22:43:30,601 - mmdet - INFO - Epoch [23][200/349]	lr: 2.000e-04, eta: 0:03:32, time: 0.496, data_time: 0.006, memory: 5683, loss_rpn_cls: 0.0094, loss_rpn_bbox: 0.0115, loss_cls: 0.0628, acc: 97.3965, loss_bbox: 0.1043, loss: 0.1879
2021-01-08 22:43:55,497 - mmdet - INFO - Epoch [23][250/349]	lr: 2.000e-04, eta: 0:03:11, time: 0.498, data_time: 0.006, memory: 5683, loss_rpn_cls: 0.0141, loss_rpn_bbox: 0.0136, loss_cls: 0.0633, acc: 97.5254, loss_bbox: 0.1027, loss: 0.1937
2021-01-08 22:44:20,179 - mmdet - INFO - Epoch [23][300/349]	lr: 2.000e-04, eta: 0:02:50, time: 0.494, data_time: 0.006, memory: 5683, loss_rpn_cls: 0.0122, loss_rpn_bbox: 0.0136, loss_cls: 0.0611, acc: 97.4043, loss_bbox: 0.1108, loss: 0.1978
2021-01-08 22:44:44,677 - mmdet - INFO - Saving checkpoint at 23 epochs
2021-01-08 22:45:07,256 - mmdet - INFO - Evaluating bbox...
2021-01-08 22:45:07,564 - mmdet - INFO - Exp name: faster_rcnn_r101_fpn_1x_coco.py
2021-01-08 22:45:07,564 - mmdet - INFO - Epoch(val) [23][349]	bbox_mAP: 0.5160, bbox_mAP_50: 0.8800, bbox_mAP_75: 0.5620, bbox_mAP_s: 0.5080, bbox_mAP_m: 0.5350, bbox_mAP_l: 0.4930, bbox_mAP_copypaste: 0.516 0.880 0.562 0.508 0.535 0.493
2021-01-08 22:45:34,422 - mmdet - INFO - Epoch [24][50/349]	lr: 2.000e-04, eta: 0:02:07, time: 0.537, data_time: 0.052, memory: 5683, loss_rpn_cls: 0.0100, loss_rpn_bbox: 0.0139, loss_cls: 0.0659, acc: 97.2246, loss_bbox: 0.1181, loss: 0.2079
2021-01-08 22:45:58,665 - mmdet - INFO - Epoch [24][100/349]	lr: 2.000e-04, eta: 0:01:45, time: 0.485, data_time: 0.007, memory: 5683, loss_rpn_cls: 0.0088, loss_rpn_bbox: 0.0146, loss_cls: 0.0665, acc: 97.2637, loss_bbox: 0.1103, loss: 0.2001
2021-01-08 22:46:23,408 - mmdet - INFO - Epoch [24][150/349]	lr: 2.000e-04, eta: 0:01:24, time: 0.495, data_time: 0.006, memory: 5683, loss_rpn_cls: 0.0102, loss_rpn_bbox: 0.0118, loss_cls: 0.0546, acc: 97.7910, loss_bbox: 0.0947, loss: 0.1713
2021-01-08 22:46:47,831 - mmdet - INFO - Epoch [24][200/349]	lr: 2.000e-04, eta: 0:01:03, time: 0.488, data_time: 0.006, memory: 5683, loss_rpn_cls: 0.0088, loss_rpn_bbox: 0.0125, loss_cls: 0.0573, acc: 97.5000, loss_bbox: 0.1089, loss: 0.1874
2021-01-08 22:47:12,440 - mmdet - INFO - Epoch [24][250/349]	lr: 2.000e-04, eta: 0:00:42, time: 0.492, data_time: 0.007, memory: 5683, loss_rpn_cls: 0.0128, loss_rpn_bbox: 0.0114, loss_cls: 0.0590, acc: 97.5840, loss_bbox: 0.0959, loss: 0.1790
2021-01-08 22:47:36,874 - mmdet - INFO - Epoch [24][300/349]	lr: 2.000e-04, eta: 0:00:20, time: 0.489, data_time: 0.006, memory: 5683, loss_rpn_cls: 0.0088, loss_rpn_bbox: 0.0122, loss_cls: 0.0615, acc: 97.3496, loss_bbox: 0.1057, loss: 0.1882
2021-01-08 22:48:01,084 - mmdet - INFO - Saving checkpoint at 24 epochs
2021-01-08 22:48:23,626 - mmdet - INFO - Evaluating bbox...
2021-01-08 22:48:23,951 - mmdet - INFO - Exp name: faster_rcnn_r101_fpn_1x_coco.py
2021-01-08 22:48:23,951 - mmdet - INFO - Epoch(val) [24][349]	bbox_mAP: 0.5110, bbox_mAP_50: 0.8800, bbox_mAP_75: 0.5530, bbox_mAP_s: 0.5020, bbox_mAP_m: 0.5310, bbox_mAP_l: 0.4910, bbox_mAP_copypaste: 0.511 0.880 0.553 0.502 0.531 0.491
