2021-01-08 17:01:21,256 - mmdet - INFO - Environment info:
------------------------------------------------------------
sys.platform: linux
Python: 3.7.4 (default, Aug 13 2019, 20:35:49) [GCC 7.3.0]
CUDA available: True
GPU 0,1,2,3,4,5,6,7: GeForce GTX 1080 Ti
CUDA_HOME: /usr/local/cuda-9.2
NVCC: Cuda compilation tools, release 9.2, V9.2.148
GCC: gcc (Ubuntu 7.5.0-3ubuntu1~18.04) 7.5.0
PyTorch: 1.3.1+cu92
PyTorch compiling details: PyTorch built with:
  - GCC 7.3
  - Intel(R) Math Kernel Library Version 2019.0.4 Product Build 20190411 for Intel(R) 64 architecture applications
  - Intel(R) MKL-DNN v0.20.5 (Git Hash 0125f28c61c1f822fd48570b4c1066f96fcb9b2e)
  - OpenMP 201511 (a.k.a. OpenMP 4.5)
  - NNPACK is enabled
  - CUDA Runtime 9.2
  - NVCC architecture flags: -gencode;arch=compute_37,code=sm_37;-gencode;arch=compute_50,code=sm_50;-gencode;arch=compute_60,code=sm_60;-gencode;arch=compute_61,code=sm_61;-gencode;arch=compute_70,code=sm_70;-gencode;arch=compute_37,code=compute_37
  - CuDNN 7.6.3
  - Magma 2.5.1
  - Build settings: BLAS=MKL, BUILD_NAMEDTENSOR=OFF, BUILD_TYPE=Release, CXX_FLAGS= -Wno-deprecated -fvisibility-inlines-hidden -fopenmp -DUSE_FBGEMM -DUSE_QNNPACK -DUSE_PYTORCH_QNNPACK -O2 -fPIC -Wno-narrowing -Wall -Wextra -Wno-missing-field-initializers -Wno-type-limits -Wno-array-bounds -Wno-unknown-pragmas -Wno-sign-compare -Wno-unused-parameter -Wno-unused-variable -Wno-unused-function -Wno-unused-result -Wno-strict-overflow -Wno-strict-aliasing -Wno-error=deprecated-declarations -Wno-stringop-overflow -Wno-error=pedantic -Wno-error=redundant-decls -Wno-error=old-style-cast -fdiagnostics-color=always -faligned-new -Wno-unused-but-set-variable -Wno-maybe-uninitialized -fno-math-errno -fno-trapping-math -Wno-stringop-overflow, DISABLE_NUMA=1, PERF_WITH_AVX=1, PERF_WITH_AVX2=1, PERF_WITH_AVX512=1, USE_CUDA=True, USE_EXCEPTION_PTR=1, USE_GFLAGS=OFF, USE_GLOG=OFF, USE_MKL=ON, USE_MKLDNN=ON, USE_MPI=OFF, USE_NCCL=ON, USE_NNPACK=ON, USE_OPENMP=ON, USE_STATIC_DISPATCH=OFF, 

TorchVision: 0.4.2+cu92
OpenCV: 4.1.0
MMCV: 1.2.2
MMCV Compiler: GCC 7.3
MMCV CUDA Compiler: 9.2
MMDetection: 2.7.0+fc0a9eb
------------------------------------------------------------

2021-01-08 17:01:21,582 - mmdet - INFO - Distributed training: False
2021-01-08 17:01:21,891 - mmdet - INFO - Config:
model = dict(
    type='FasterRCNN',
    pretrained='checkpoints/faster_rcnn_r101_fpn_1x_coco_20200130-f513f705.pth',
    backbone=dict(
        type='ResNet',
        depth=101,
        num_stages=4,
        out_indices=(0, 1, 2, 3),
        frozen_stages=1,
        norm_cfg=dict(type='BN', requires_grad=True),
        norm_eval=True,
        style='pytorch'),
    neck=dict(
        type='FPN',
        in_channels=[256, 512, 1024, 2048],
        out_channels=256,
        num_outs=5),
    rpn_head=dict(
        type='RPNHead',
        in_channels=256,
        feat_channels=256,
        anchor_generator=dict(
            type='AnchorGenerator',
            scales=[8],
            ratios=[0.5, 1.0, 2.0],
            strides=[4, 8, 16, 32, 64]),
        bbox_coder=dict(
            type='DeltaXYWHBBoxCoder',
            target_means=[0.0, 0.0, 0.0, 0.0],
            target_stds=[1.0, 1.0, 1.0, 1.0]),
        loss_cls=dict(
            type='CrossEntropyLoss', use_sigmoid=True, loss_weight=1.0),
        loss_bbox=dict(type='L1Loss', loss_weight=1.0)),
    roi_head=dict(
        type='StandardRoIHead',
        bbox_roi_extractor=dict(
            type='SingleRoIExtractor',
            roi_layer=dict(type='RoIAlign', output_size=7, sampling_ratio=0),
            out_channels=256,
            featmap_strides=[4, 8, 16, 32]),
        bbox_head=dict(
            type='Shared2FCBBoxHead',
            in_channels=256,
            fc_out_channels=1024,
            roi_feat_size=7,
            num_classes=1,
            bbox_coder=dict(
                type='DeltaXYWHBBoxCoder',
                target_means=[0.0, 0.0, 0.0, 0.0],
                target_stds=[0.1, 0.1, 0.2, 0.2]),
            reg_class_agnostic=False,
            loss_cls=dict(
                type='CrossEntropyLoss', use_sigmoid=False, loss_weight=1.0),
            loss_bbox=dict(type='L1Loss', loss_weight=1.0))))
train_cfg = dict(
    rpn=dict(
        assigner=dict(
            type='MaxIoUAssigner',
            pos_iou_thr=0.7,
            neg_iou_thr=0.3,
            min_pos_iou=0.3,
            match_low_quality=True,
            ignore_iof_thr=-1),
        sampler=dict(
            type='RandomSampler',
            num=256,
            pos_fraction=0.5,
            neg_pos_ub=-1,
            add_gt_as_proposals=False),
        allowed_border=-1,
        pos_weight=-1,
        debug=False),
    rpn_proposal=dict(
        nms_across_levels=False,
        nms_pre=2000,
        nms_post=1000,
        max_num=1000,
        nms_thr=0.7,
        min_bbox_size=0),
    rcnn=dict(
        assigner=dict(
            type='MaxIoUAssigner',
            pos_iou_thr=0.5,
            neg_iou_thr=0.5,
            min_pos_iou=0.5,
            match_low_quality=False,
            ignore_iof_thr=-1),
        sampler=dict(
            type='RandomSampler',
            num=512,
            pos_fraction=0.25,
            neg_pos_ub=-1,
            add_gt_as_proposals=True),
        pos_weight=-1,
        debug=False))
test_cfg = dict(
    rpn=dict(
        nms_across_levels=False,
        nms_pre=1000,
        nms_post=1000,
        max_num=1000,
        nms_thr=0.7,
        min_bbox_size=0),
    rcnn=dict(
        score_thr=0.05,
        nms=dict(type='nms', iou_threshold=0.5),
        max_per_img=100))
dataset_type = 'CocoDataset'
data_root = 'data/coco/SSDD/'
img_norm_cfg = dict(
    mean=[123.675, 116.28, 103.53], std=[58.395, 57.12, 57.375], to_rgb=True)
train_pipeline = [
    dict(type='LoadImageFromFile'),
    dict(type='LoadAnnotations', with_bbox=True),
    dict(type='Resize', img_scale=(1333, 800), keep_ratio=True),
    dict(type='RandomFlip', flip_ratio=0.5),
    dict(
        type='Normalize',
        mean=[123.675, 116.28, 103.53],
        std=[58.395, 57.12, 57.375],
        to_rgb=True),
    dict(type='Pad', size_divisor=32),
    dict(type='DefaultFormatBundle'),
    dict(type='Collect', keys=['img', 'gt_bboxes', 'gt_labels'])
]
test_pipeline = [
    dict(type='LoadImageFromFile'),
    dict(
        type='MultiScaleFlipAug',
        img_scale=(1333, 800),
        flip=False,
        transforms=[
            dict(type='Resize', keep_ratio=True),
            dict(type='RandomFlip'),
            dict(
                type='Normalize',
                mean=[123.675, 116.28, 103.53],
                std=[58.395, 57.12, 57.375],
                to_rgb=True),
            dict(type='Pad', size_divisor=32),
            dict(type='ImageToTensor', keys=['img']),
            dict(type='Collect', keys=['img'])
        ])
]
data = dict(
    samples_per_gpu=2,
    workers_per_gpu=2,
    train=dict(
        type='CocoDataset',
        ann_file='data/coco/SSDD/annotations/voc_2007_train.json',
        img_prefix='data/coco/SSDD/train2007/',
        pipeline=[
            dict(type='LoadImageFromFile'),
            dict(type='LoadAnnotations', with_bbox=True),
            dict(type='Resize', img_scale=(1333, 800), keep_ratio=True),
            dict(type='RandomFlip', flip_ratio=0.5),
            dict(
                type='Normalize',
                mean=[123.675, 116.28, 103.53],
                std=[58.395, 57.12, 57.375],
                to_rgb=True),
            dict(type='Pad', size_divisor=32),
            dict(type='DefaultFormatBundle'),
            dict(type='Collect', keys=['img', 'gt_bboxes', 'gt_labels'])
        ]),
    val=dict(
        type='CocoDataset',
        ann_file='data/coco/SSDD/annotations/voc_2007_val.json',
        img_prefix='data/coco/SSDD/val2007/',
        pipeline=[
            dict(type='LoadImageFromFile'),
            dict(
                type='MultiScaleFlipAug',
                img_scale=(1333, 800),
                flip=False,
                transforms=[
                    dict(type='Resize', keep_ratio=True),
                    dict(type='RandomFlip'),
                    dict(
                        type='Normalize',
                        mean=[123.675, 116.28, 103.53],
                        std=[58.395, 57.12, 57.375],
                        to_rgb=True),
                    dict(type='Pad', size_divisor=32),
                    dict(type='ImageToTensor', keys=['img']),
                    dict(type='Collect', keys=['img'])
                ])
        ]),
    test=dict(
        type='CocoDataset',
        ann_file='data/coco/SSDD/annotations/voc_2007_test.json',
        img_prefix='data/coco/SSDD/test2007/',
        pipeline=[
            dict(type='LoadImageFromFile'),
            dict(
                type='MultiScaleFlipAug',
                img_scale=(1333, 800),
                flip=False,
                transforms=[
                    dict(type='Resize', keep_ratio=True),
                    dict(type='RandomFlip'),
                    dict(
                        type='Normalize',
                        mean=[123.675, 116.28, 103.53],
                        std=[58.395, 57.12, 57.375],
                        to_rgb=True),
                    dict(type='Pad', size_divisor=32),
                    dict(type='ImageToTensor', keys=['img']),
                    dict(type='Collect', keys=['img'])
                ])
        ]))
evaluation = dict(interval=1, metric='bbox')
optimizer = dict(type='SGD', lr=0.02, momentum=0.9, weight_decay=0.0001)
optimizer_config = dict(grad_clip=None)
lr_config = dict(
    policy='step',
    warmup='linear',
    warmup_iters=500,
    warmup_ratio=0.001,
    step=[8, 11])
total_epochs = 12
checkpoint_config = dict(interval=1)
log_config = dict(interval=50, hooks=[dict(type='TextLoggerHook')])
dist_params = dict(backend='nccl')
log_level = 'INFO'
load_from = None
resume_from = None
workflow = [('train', 1)]
work_dir = 'output20210108'
gpu_ids = range(0, 1)

2021-01-08 17:01:22,397 - mmdet - INFO - load model from: checkpoints/faster_rcnn_r101_fpn_1x_coco_20200130-f513f705.pth
2021-01-08 17:01:22,561 - mmdet - WARNING - The model and loaded state dict do not match exactly

unexpected key in source state_dict: backbone.conv1.weight, backbone.bn1.weight, backbone.bn1.bias, backbone.bn1.running_mean, backbone.bn1.running_var, backbone.bn1.num_batches_tracked, backbone.layer1.0.conv1.weight, backbone.layer1.0.bn1.weight, backbone.layer1.0.bn1.bias, backbone.layer1.0.bn1.running_mean, backbone.layer1.0.bn1.running_var, backbone.layer1.0.bn1.num_batches_tracked, backbone.layer1.0.conv2.weight, backbone.layer1.0.bn2.weight, backbone.layer1.0.bn2.bias, backbone.layer1.0.bn2.running_mean, backbone.layer1.0.bn2.running_var, backbone.layer1.0.bn2.num_batches_tracked, backbone.layer1.0.conv3.weight, backbone.layer1.0.bn3.weight, backbone.layer1.0.bn3.bias, backbone.layer1.0.bn3.running_mean, backbone.layer1.0.bn3.running_var, backbone.layer1.0.bn3.num_batches_tracked, backbone.layer1.0.downsample.0.weight, backbone.layer1.0.downsample.1.weight, backbone.layer1.0.downsample.1.bias, backbone.layer1.0.downsample.1.running_mean, backbone.layer1.0.downsample.1.running_var, backbone.layer1.0.downsample.1.num_batches_tracked, backbone.layer1.1.conv1.weight, backbone.layer1.1.bn1.weight, backbone.layer1.1.bn1.bias, backbone.layer1.1.bn1.running_mean, backbone.layer1.1.bn1.running_var, backbone.layer1.1.bn1.num_batches_tracked, backbone.layer1.1.conv2.weight, backbone.layer1.1.bn2.weight, backbone.layer1.1.bn2.bias, backbone.layer1.1.bn2.running_mean, backbone.layer1.1.bn2.running_var, backbone.layer1.1.bn2.num_batches_tracked, backbone.layer1.1.conv3.weight, backbone.layer1.1.bn3.weight, backbone.layer1.1.bn3.bias, backbone.layer1.1.bn3.running_mean, backbone.layer1.1.bn3.running_var, backbone.layer1.1.bn3.num_batches_tracked, backbone.layer1.2.conv1.weight, backbone.layer1.2.bn1.weight, backbone.layer1.2.bn1.bias, backbone.layer1.2.bn1.running_mean, backbone.layer1.2.bn1.running_var, backbone.layer1.2.bn1.num_batches_tracked, backbone.layer1.2.conv2.weight, backbone.layer1.2.bn2.weight, backbone.layer1.2.bn2.bias, backbone.layer1.2.bn2.running_mean, backbone.layer1.2.bn2.running_var, backbone.layer1.2.bn2.num_batches_tracked, backbone.layer1.2.conv3.weight, backbone.layer1.2.bn3.weight, backbone.layer1.2.bn3.bias, backbone.layer1.2.bn3.running_mean, backbone.layer1.2.bn3.running_var, backbone.layer1.2.bn3.num_batches_tracked, backbone.layer2.0.conv1.weight, backbone.layer2.0.bn1.weight, backbone.layer2.0.bn1.bias, backbone.layer2.0.bn1.running_mean, backbone.layer2.0.bn1.running_var, backbone.layer2.0.bn1.num_batches_tracked, backbone.layer2.0.conv2.weight, backbone.layer2.0.bn2.weight, backbone.layer2.0.bn2.bias, backbone.layer2.0.bn2.running_mean, backbone.layer2.0.bn2.running_var, backbone.layer2.0.bn2.num_batches_tracked, backbone.layer2.0.conv3.weight, backbone.layer2.0.bn3.weight, backbone.layer2.0.bn3.bias, backbone.layer2.0.bn3.running_mean, backbone.layer2.0.bn3.running_var, backbone.layer2.0.bn3.num_batches_tracked, backbone.layer2.0.downsample.0.weight, backbone.layer2.0.downsample.1.weight, backbone.layer2.0.downsample.1.bias, backbone.layer2.0.downsample.1.running_mean, backbone.layer2.0.downsample.1.running_var, backbone.layer2.0.downsample.1.num_batches_tracked, backbone.layer2.1.conv1.weight, backbone.layer2.1.bn1.weight, backbone.layer2.1.bn1.bias, backbone.layer2.1.bn1.running_mean, backbone.layer2.1.bn1.running_var, backbone.layer2.1.bn1.num_batches_tracked, backbone.layer2.1.conv2.weight, backbone.layer2.1.bn2.weight, backbone.layer2.1.bn2.bias, backbone.layer2.1.bn2.running_mean, backbone.layer2.1.bn2.running_var, backbone.layer2.1.bn2.num_batches_tracked, backbone.layer2.1.conv3.weight, backbone.layer2.1.bn3.weight, backbone.layer2.1.bn3.bias, backbone.layer2.1.bn3.running_mean, backbone.layer2.1.bn3.running_var, backbone.layer2.1.bn3.num_batches_tracked, backbone.layer2.2.conv1.weight, backbone.layer2.2.bn1.weight, backbone.layer2.2.bn1.bias, backbone.layer2.2.bn1.running_mean, backbone.layer2.2.bn1.running_var, backbone.layer2.2.bn1.num_batches_tracked, backbone.layer2.2.conv2.weight, backbone.layer2.2.bn2.weight, backbone.layer2.2.bn2.bias, backbone.layer2.2.bn2.running_mean, backbone.layer2.2.bn2.running_var, backbone.layer2.2.bn2.num_batches_tracked, backbone.layer2.2.conv3.weight, backbone.layer2.2.bn3.weight, backbone.layer2.2.bn3.bias, backbone.layer2.2.bn3.running_mean, backbone.layer2.2.bn3.running_var, backbone.layer2.2.bn3.num_batches_tracked, backbone.layer2.3.conv1.weight, backbone.layer2.3.bn1.weight, backbone.layer2.3.bn1.bias, backbone.layer2.3.bn1.running_mean, backbone.layer2.3.bn1.running_var, backbone.layer2.3.bn1.num_batches_tracked, backbone.layer2.3.conv2.weight, backbone.layer2.3.bn2.weight, backbone.layer2.3.bn2.bias, backbone.layer2.3.bn2.running_mean, backbone.layer2.3.bn2.running_var, backbone.layer2.3.bn2.num_batches_tracked, backbone.layer2.3.conv3.weight, backbone.layer2.3.bn3.weight, backbone.layer2.3.bn3.bias, backbone.layer2.3.bn3.running_mean, backbone.layer2.3.bn3.running_var, backbone.layer2.3.bn3.num_batches_tracked, backbone.layer3.0.conv1.weight, backbone.layer3.0.bn1.weight, backbone.layer3.0.bn1.bias, backbone.layer3.0.bn1.running_mean, backbone.layer3.0.bn1.running_var, backbone.layer3.0.bn1.num_batches_tracked, backbone.layer3.0.conv2.weight, backbone.layer3.0.bn2.weight, backbone.layer3.0.bn2.bias, backbone.layer3.0.bn2.running_mean, backbone.layer3.0.bn2.running_var, backbone.layer3.0.bn2.num_batches_tracked, backbone.layer3.0.conv3.weight, backbone.layer3.0.bn3.weight, backbone.layer3.0.bn3.bias, backbone.layer3.0.bn3.running_mean, backbone.layer3.0.bn3.running_var, backbone.layer3.0.bn3.num_batches_tracked, backbone.layer3.0.downsample.0.weight, backbone.layer3.0.downsample.1.weight, backbone.layer3.0.downsample.1.bias, backbone.layer3.0.downsample.1.running_mean, backbone.layer3.0.downsample.1.running_var, backbone.layer3.0.downsample.1.num_batches_tracked, backbone.layer3.1.conv1.weight, backbone.layer3.1.bn1.weight, backbone.layer3.1.bn1.bias, backbone.layer3.1.bn1.running_mean, backbone.layer3.1.bn1.running_var, backbone.layer3.1.bn1.num_batches_tracked, backbone.layer3.1.conv2.weight, backbone.layer3.1.bn2.weight, backbone.layer3.1.bn2.bias, backbone.layer3.1.bn2.running_mean, backbone.layer3.1.bn2.running_var, backbone.layer3.1.bn2.num_batches_tracked, backbone.layer3.1.conv3.weight, backbone.layer3.1.bn3.weight, backbone.layer3.1.bn3.bias, backbone.layer3.1.bn3.running_mean, backbone.layer3.1.bn3.running_var, backbone.layer3.1.bn3.num_batches_tracked, backbone.layer3.2.conv1.weight, backbone.layer3.2.bn1.weight, backbone.layer3.2.bn1.bias, backbone.layer3.2.bn1.running_mean, backbone.layer3.2.bn1.running_var, backbone.layer3.2.bn1.num_batches_tracked, backbone.layer3.2.conv2.weight, backbone.layer3.2.bn2.weight, backbone.layer3.2.bn2.bias, backbone.layer3.2.bn2.running_mean, backbone.layer3.2.bn2.running_var, backbone.layer3.2.bn2.num_batches_tracked, backbone.layer3.2.conv3.weight, backbone.layer3.2.bn3.weight, backbone.layer3.2.bn3.bias, backbone.layer3.2.bn3.running_mean, backbone.layer3.2.bn3.running_var, backbone.layer3.2.bn3.num_batches_tracked, backbone.layer3.3.conv1.weight, backbone.layer3.3.bn1.weight, backbone.layer3.3.bn1.bias, backbone.layer3.3.bn1.running_mean, backbone.layer3.3.bn1.running_var, backbone.layer3.3.bn1.num_batches_tracked, backbone.layer3.3.conv2.weight, backbone.layer3.3.bn2.weight, backbone.layer3.3.bn2.bias, backbone.layer3.3.bn2.running_mean, backbone.layer3.3.bn2.running_var, backbone.layer3.3.bn2.num_batches_tracked, backbone.layer3.3.conv3.weight, backbone.layer3.3.bn3.weight, backbone.layer3.3.bn3.bias, backbone.layer3.3.bn3.running_mean, backbone.layer3.3.bn3.running_var, backbone.layer3.3.bn3.num_batches_tracked, backbone.layer3.4.conv1.weight, backbone.layer3.4.bn1.weight, backbone.layer3.4.bn1.bias, backbone.layer3.4.bn1.running_mean, backbone.layer3.4.bn1.running_var, backbone.layer3.4.bn1.num_batches_tracked, backbone.layer3.4.conv2.weight, backbone.layer3.4.bn2.weight, backbone.layer3.4.bn2.bias, backbone.layer3.4.bn2.running_mean, backbone.layer3.4.bn2.running_var, backbone.layer3.4.bn2.num_batches_tracked, backbone.layer3.4.conv3.weight, backbone.layer3.4.bn3.weight, backbone.layer3.4.bn3.bias, backbone.layer3.4.bn3.running_mean, backbone.layer3.4.bn3.running_var, backbone.layer3.4.bn3.num_batches_tracked, backbone.layer3.5.conv1.weight, backbone.layer3.5.bn1.weight, backbone.layer3.5.bn1.bias, backbone.layer3.5.bn1.running_mean, backbone.layer3.5.bn1.running_var, backbone.layer3.5.bn1.num_batches_tracked, backbone.layer3.5.conv2.weight, backbone.layer3.5.bn2.weight, backbone.layer3.5.bn2.bias, backbone.layer3.5.bn2.running_mean, backbone.layer3.5.bn2.running_var, backbone.layer3.5.bn2.num_batches_tracked, backbone.layer3.5.conv3.weight, backbone.layer3.5.bn3.weight, backbone.layer3.5.bn3.bias, backbone.layer3.5.bn3.running_mean, backbone.layer3.5.bn3.running_var, backbone.layer3.5.bn3.num_batches_tracked, backbone.layer3.6.conv1.weight, backbone.layer3.6.bn1.weight, backbone.layer3.6.bn1.bias, backbone.layer3.6.bn1.running_mean, backbone.layer3.6.bn1.running_var, backbone.layer3.6.bn1.num_batches_tracked, backbone.layer3.6.conv2.weight, backbone.layer3.6.bn2.weight, backbone.layer3.6.bn2.bias, backbone.layer3.6.bn2.running_mean, backbone.layer3.6.bn2.running_var, backbone.layer3.6.bn2.num_batches_tracked, backbone.layer3.6.conv3.weight, backbone.layer3.6.bn3.weight, backbone.layer3.6.bn3.bias, backbone.layer3.6.bn3.running_mean, backbone.layer3.6.bn3.running_var, backbone.layer3.6.bn3.num_batches_tracked, backbone.layer3.7.conv1.weight, backbone.layer3.7.bn1.weight, backbone.layer3.7.bn1.bias, backbone.layer3.7.bn1.running_mean, backbone.layer3.7.bn1.running_var, backbone.layer3.7.bn1.num_batches_tracked, backbone.layer3.7.conv2.weight, backbone.layer3.7.bn2.weight, backbone.layer3.7.bn2.bias, backbone.layer3.7.bn2.running_mean, backbone.layer3.7.bn2.running_var, backbone.layer3.7.bn2.num_batches_tracked, backbone.layer3.7.conv3.weight, backbone.layer3.7.bn3.weight, backbone.layer3.7.bn3.bias, backbone.layer3.7.bn3.running_mean, backbone.layer3.7.bn3.running_var, backbone.layer3.7.bn3.num_batches_tracked, backbone.layer3.8.conv1.weight, backbone.layer3.8.bn1.weight, backbone.layer3.8.bn1.bias, backbone.layer3.8.bn1.running_mean, backbone.layer3.8.bn1.running_var, backbone.layer3.8.bn1.num_batches_tracked, backbone.layer3.8.conv2.weight, backbone.layer3.8.bn2.weight, backbone.layer3.8.bn2.bias, backbone.layer3.8.bn2.running_mean, backbone.layer3.8.bn2.running_var, backbone.layer3.8.bn2.num_batches_tracked, backbone.layer3.8.conv3.weight, backbone.layer3.8.bn3.weight, backbone.layer3.8.bn3.bias, backbone.layer3.8.bn3.running_mean, backbone.layer3.8.bn3.running_var, backbone.layer3.8.bn3.num_batches_tracked, backbone.layer3.9.conv1.weight, backbone.layer3.9.bn1.weight, backbone.layer3.9.bn1.bias, backbone.layer3.9.bn1.running_mean, backbone.layer3.9.bn1.running_var, backbone.layer3.9.bn1.num_batches_tracked, backbone.layer3.9.conv2.weight, backbone.layer3.9.bn2.weight, backbone.layer3.9.bn2.bias, backbone.layer3.9.bn2.running_mean, backbone.layer3.9.bn2.running_var, backbone.layer3.9.bn2.num_batches_tracked, backbone.layer3.9.conv3.weight, backbone.layer3.9.bn3.weight, backbone.layer3.9.bn3.bias, backbone.layer3.9.bn3.running_mean, backbone.layer3.9.bn3.running_var, backbone.layer3.9.bn3.num_batches_tracked, backbone.layer3.10.conv1.weight, backbone.layer3.10.bn1.weight, backbone.layer3.10.bn1.bias, backbone.layer3.10.bn1.running_mean, backbone.layer3.10.bn1.running_var, backbone.layer3.10.bn1.num_batches_tracked, backbone.layer3.10.conv2.weight, backbone.layer3.10.bn2.weight, backbone.layer3.10.bn2.bias, backbone.layer3.10.bn2.running_mean, backbone.layer3.10.bn2.running_var, backbone.layer3.10.bn2.num_batches_tracked, backbone.layer3.10.conv3.weight, backbone.layer3.10.bn3.weight, backbone.layer3.10.bn3.bias, backbone.layer3.10.bn3.running_mean, backbone.layer3.10.bn3.running_var, backbone.layer3.10.bn3.num_batches_tracked, backbone.layer3.11.conv1.weight, backbone.layer3.11.bn1.weight, backbone.layer3.11.bn1.bias, backbone.layer3.11.bn1.running_mean, backbone.layer3.11.bn1.running_var, backbone.layer3.11.bn1.num_batches_tracked, backbone.layer3.11.conv2.weight, backbone.layer3.11.bn2.weight, backbone.layer3.11.bn2.bias, backbone.layer3.11.bn2.running_mean, backbone.layer3.11.bn2.running_var, backbone.layer3.11.bn2.num_batches_tracked, backbone.layer3.11.conv3.weight, backbone.layer3.11.bn3.weight, backbone.layer3.11.bn3.bias, backbone.layer3.11.bn3.running_mean, backbone.layer3.11.bn3.running_var, backbone.layer3.11.bn3.num_batches_tracked, backbone.layer3.12.conv1.weight, backbone.layer3.12.bn1.weight, backbone.layer3.12.bn1.bias, backbone.layer3.12.bn1.running_mean, backbone.layer3.12.bn1.running_var, backbone.layer3.12.bn1.num_batches_tracked, backbone.layer3.12.conv2.weight, backbone.layer3.12.bn2.weight, backbone.layer3.12.bn2.bias, backbone.layer3.12.bn2.running_mean, backbone.layer3.12.bn2.running_var, backbone.layer3.12.bn2.num_batches_tracked, backbone.layer3.12.conv3.weight, backbone.layer3.12.bn3.weight, backbone.layer3.12.bn3.bias, backbone.layer3.12.bn3.running_mean, backbone.layer3.12.bn3.running_var, backbone.layer3.12.bn3.num_batches_tracked, backbone.layer3.13.conv1.weight, backbone.layer3.13.bn1.weight, backbone.layer3.13.bn1.bias, backbone.layer3.13.bn1.running_mean, backbone.layer3.13.bn1.running_var, backbone.layer3.13.bn1.num_batches_tracked, backbone.layer3.13.conv2.weight, backbone.layer3.13.bn2.weight, backbone.layer3.13.bn2.bias, backbone.layer3.13.bn2.running_mean, backbone.layer3.13.bn2.running_var, backbone.layer3.13.bn2.num_batches_tracked, backbone.layer3.13.conv3.weight, backbone.layer3.13.bn3.weight, backbone.layer3.13.bn3.bias, backbone.layer3.13.bn3.running_mean, backbone.layer3.13.bn3.running_var, backbone.layer3.13.bn3.num_batches_tracked, backbone.layer3.14.conv1.weight, backbone.layer3.14.bn1.weight, backbone.layer3.14.bn1.bias, backbone.layer3.14.bn1.running_mean, backbone.layer3.14.bn1.running_var, backbone.layer3.14.bn1.num_batches_tracked, backbone.layer3.14.conv2.weight, backbone.layer3.14.bn2.weight, backbone.layer3.14.bn2.bias, backbone.layer3.14.bn2.running_mean, backbone.layer3.14.bn2.running_var, backbone.layer3.14.bn2.num_batches_tracked, backbone.layer3.14.conv3.weight, backbone.layer3.14.bn3.weight, backbone.layer3.14.bn3.bias, backbone.layer3.14.bn3.running_mean, backbone.layer3.14.bn3.running_var, backbone.layer3.14.bn3.num_batches_tracked, backbone.layer3.15.conv1.weight, backbone.layer3.15.bn1.weight, backbone.layer3.15.bn1.bias, backbone.layer3.15.bn1.running_mean, backbone.layer3.15.bn1.running_var, backbone.layer3.15.bn1.num_batches_tracked, backbone.layer3.15.conv2.weight, backbone.layer3.15.bn2.weight, backbone.layer3.15.bn2.bias, backbone.layer3.15.bn2.running_mean, backbone.layer3.15.bn2.running_var, backbone.layer3.15.bn2.num_batches_tracked, backbone.layer3.15.conv3.weight, backbone.layer3.15.bn3.weight, backbone.layer3.15.bn3.bias, backbone.layer3.15.bn3.running_mean, backbone.layer3.15.bn3.running_var, backbone.layer3.15.bn3.num_batches_tracked, backbone.layer3.16.conv1.weight, backbone.layer3.16.bn1.weight, backbone.layer3.16.bn1.bias, backbone.layer3.16.bn1.running_mean, backbone.layer3.16.bn1.running_var, backbone.layer3.16.bn1.num_batches_tracked, backbone.layer3.16.conv2.weight, backbone.layer3.16.bn2.weight, backbone.layer3.16.bn2.bias, backbone.layer3.16.bn2.running_mean, backbone.layer3.16.bn2.running_var, backbone.layer3.16.bn2.num_batches_tracked, backbone.layer3.16.conv3.weight, backbone.layer3.16.bn3.weight, backbone.layer3.16.bn3.bias, backbone.layer3.16.bn3.running_mean, backbone.layer3.16.bn3.running_var, backbone.layer3.16.bn3.num_batches_tracked, backbone.layer3.17.conv1.weight, backbone.layer3.17.bn1.weight, backbone.layer3.17.bn1.bias, backbone.layer3.17.bn1.running_mean, backbone.layer3.17.bn1.running_var, backbone.layer3.17.bn1.num_batches_tracked, backbone.layer3.17.conv2.weight, backbone.layer3.17.bn2.weight, backbone.layer3.17.bn2.bias, backbone.layer3.17.bn2.running_mean, backbone.layer3.17.bn2.running_var, backbone.layer3.17.bn2.num_batches_tracked, backbone.layer3.17.conv3.weight, backbone.layer3.17.bn3.weight, backbone.layer3.17.bn3.bias, backbone.layer3.17.bn3.running_mean, backbone.layer3.17.bn3.running_var, backbone.layer3.17.bn3.num_batches_tracked, backbone.layer3.18.conv1.weight, backbone.layer3.18.bn1.weight, backbone.layer3.18.bn1.bias, backbone.layer3.18.bn1.running_mean, backbone.layer3.18.bn1.running_var, backbone.layer3.18.bn1.num_batches_tracked, backbone.layer3.18.conv2.weight, backbone.layer3.18.bn2.weight, backbone.layer3.18.bn2.bias, backbone.layer3.18.bn2.running_mean, backbone.layer3.18.bn2.running_var, backbone.layer3.18.bn2.num_batches_tracked, backbone.layer3.18.conv3.weight, backbone.layer3.18.bn3.weight, backbone.layer3.18.bn3.bias, backbone.layer3.18.bn3.running_mean, backbone.layer3.18.bn3.running_var, backbone.layer3.18.bn3.num_batches_tracked, backbone.layer3.19.conv1.weight, backbone.layer3.19.bn1.weight, backbone.layer3.19.bn1.bias, backbone.layer3.19.bn1.running_mean, backbone.layer3.19.bn1.running_var, backbone.layer3.19.bn1.num_batches_tracked, backbone.layer3.19.conv2.weight, backbone.layer3.19.bn2.weight, backbone.layer3.19.bn2.bias, backbone.layer3.19.bn2.running_mean, backbone.layer3.19.bn2.running_var, backbone.layer3.19.bn2.num_batches_tracked, backbone.layer3.19.conv3.weight, backbone.layer3.19.bn3.weight, backbone.layer3.19.bn3.bias, backbone.layer3.19.bn3.running_mean, backbone.layer3.19.bn3.running_var, backbone.layer3.19.bn3.num_batches_tracked, backbone.layer3.20.conv1.weight, backbone.layer3.20.bn1.weight, backbone.layer3.20.bn1.bias, backbone.layer3.20.bn1.running_mean, backbone.layer3.20.bn1.running_var, backbone.layer3.20.bn1.num_batches_tracked, backbone.layer3.20.conv2.weight, backbone.layer3.20.bn2.weight, backbone.layer3.20.bn2.bias, backbone.layer3.20.bn2.running_mean, backbone.layer3.20.bn2.running_var, backbone.layer3.20.bn2.num_batches_tracked, backbone.layer3.20.conv3.weight, backbone.layer3.20.bn3.weight, backbone.layer3.20.bn3.bias, backbone.layer3.20.bn3.running_mean, backbone.layer3.20.bn3.running_var, backbone.layer3.20.bn3.num_batches_tracked, backbone.layer3.21.conv1.weight, backbone.layer3.21.bn1.weight, backbone.layer3.21.bn1.bias, backbone.layer3.21.bn1.running_mean, backbone.layer3.21.bn1.running_var, backbone.layer3.21.bn1.num_batches_tracked, backbone.layer3.21.conv2.weight, backbone.layer3.21.bn2.weight, backbone.layer3.21.bn2.bias, backbone.layer3.21.bn2.running_mean, backbone.layer3.21.bn2.running_var, backbone.layer3.21.bn2.num_batches_tracked, backbone.layer3.21.conv3.weight, backbone.layer3.21.bn3.weight, backbone.layer3.21.bn3.bias, backbone.layer3.21.bn3.running_mean, backbone.layer3.21.bn3.running_var, backbone.layer3.21.bn3.num_batches_tracked, backbone.layer3.22.conv1.weight, backbone.layer3.22.bn1.weight, backbone.layer3.22.bn1.bias, backbone.layer3.22.bn1.running_mean, backbone.layer3.22.bn1.running_var, backbone.layer3.22.bn1.num_batches_tracked, backbone.layer3.22.conv2.weight, backbone.layer3.22.bn2.weight, backbone.layer3.22.bn2.bias, backbone.layer3.22.bn2.running_mean, backbone.layer3.22.bn2.running_var, backbone.layer3.22.bn2.num_batches_tracked, backbone.layer3.22.conv3.weight, backbone.layer3.22.bn3.weight, backbone.layer3.22.bn3.bias, backbone.layer3.22.bn3.running_mean, backbone.layer3.22.bn3.running_var, backbone.layer3.22.bn3.num_batches_tracked, backbone.layer4.0.conv1.weight, backbone.layer4.0.bn1.weight, backbone.layer4.0.bn1.bias, backbone.layer4.0.bn1.running_mean, backbone.layer4.0.bn1.running_var, backbone.layer4.0.bn1.num_batches_tracked, backbone.layer4.0.conv2.weight, backbone.layer4.0.bn2.weight, backbone.layer4.0.bn2.bias, backbone.layer4.0.bn2.running_mean, backbone.layer4.0.bn2.running_var, backbone.layer4.0.bn2.num_batches_tracked, backbone.layer4.0.conv3.weight, backbone.layer4.0.bn3.weight, backbone.layer4.0.bn3.bias, backbone.layer4.0.bn3.running_mean, backbone.layer4.0.bn3.running_var, backbone.layer4.0.bn3.num_batches_tracked, backbone.layer4.0.downsample.0.weight, backbone.layer4.0.downsample.1.weight, backbone.layer4.0.downsample.1.bias, backbone.layer4.0.downsample.1.running_mean, backbone.layer4.0.downsample.1.running_var, backbone.layer4.0.downsample.1.num_batches_tracked, backbone.layer4.1.conv1.weight, backbone.layer4.1.bn1.weight, backbone.layer4.1.bn1.bias, backbone.layer4.1.bn1.running_mean, backbone.layer4.1.bn1.running_var, backbone.layer4.1.bn1.num_batches_tracked, backbone.layer4.1.conv2.weight, backbone.layer4.1.bn2.weight, backbone.layer4.1.bn2.bias, backbone.layer4.1.bn2.running_mean, backbone.layer4.1.bn2.running_var, backbone.layer4.1.bn2.num_batches_tracked, backbone.layer4.1.conv3.weight, backbone.layer4.1.bn3.weight, backbone.layer4.1.bn3.bias, backbone.layer4.1.bn3.running_mean, backbone.layer4.1.bn3.running_var, backbone.layer4.1.bn3.num_batches_tracked, backbone.layer4.2.conv1.weight, backbone.layer4.2.bn1.weight, backbone.layer4.2.bn1.bias, backbone.layer4.2.bn1.running_mean, backbone.layer4.2.bn1.running_var, backbone.layer4.2.bn1.num_batches_tracked, backbone.layer4.2.conv2.weight, backbone.layer4.2.bn2.weight, backbone.layer4.2.bn2.bias, backbone.layer4.2.bn2.running_mean, backbone.layer4.2.bn2.running_var, backbone.layer4.2.bn2.num_batches_tracked, backbone.layer4.2.conv3.weight, backbone.layer4.2.bn3.weight, backbone.layer4.2.bn3.bias, backbone.layer4.2.bn3.running_mean, backbone.layer4.2.bn3.running_var, backbone.layer4.2.bn3.num_batches_tracked, neck.lateral_convs.0.conv.weight, neck.lateral_convs.0.conv.bias, neck.lateral_convs.1.conv.weight, neck.lateral_convs.1.conv.bias, neck.lateral_convs.2.conv.weight, neck.lateral_convs.2.conv.bias, neck.lateral_convs.3.conv.weight, neck.lateral_convs.3.conv.bias, neck.fpn_convs.0.conv.weight, neck.fpn_convs.0.conv.bias, neck.fpn_convs.1.conv.weight, neck.fpn_convs.1.conv.bias, neck.fpn_convs.2.conv.weight, neck.fpn_convs.2.conv.bias, neck.fpn_convs.3.conv.weight, neck.fpn_convs.3.conv.bias, rpn_head.rpn_conv.weight, rpn_head.rpn_conv.bias, rpn_head.rpn_cls.weight, rpn_head.rpn_cls.bias, rpn_head.rpn_reg.weight, rpn_head.rpn_reg.bias, roi_head.bbox_head.fc_cls.weight, roi_head.bbox_head.fc_cls.bias, roi_head.bbox_head.fc_reg.weight, roi_head.bbox_head.fc_reg.bias, roi_head.bbox_head.shared_fcs.0.weight, roi_head.bbox_head.shared_fcs.0.bias, roi_head.bbox_head.shared_fcs.1.weight, roi_head.bbox_head.shared_fcs.1.bias

missing keys in source state_dict: conv1.weight, bn1.weight, bn1.bias, bn1.running_mean, bn1.running_var, layer1.0.conv1.weight, layer1.0.bn1.weight, layer1.0.bn1.bias, layer1.0.bn1.running_mean, layer1.0.bn1.running_var, layer1.0.conv2.weight, layer1.0.bn2.weight, layer1.0.bn2.bias, layer1.0.bn2.running_mean, layer1.0.bn2.running_var, layer1.0.conv3.weight, layer1.0.bn3.weight, layer1.0.bn3.bias, layer1.0.bn3.running_mean, layer1.0.bn3.running_var, layer1.0.downsample.0.weight, layer1.0.downsample.1.weight, layer1.0.downsample.1.bias, layer1.0.downsample.1.running_mean, layer1.0.downsample.1.running_var, layer1.1.conv1.weight, layer1.1.bn1.weight, layer1.1.bn1.bias, layer1.1.bn1.running_mean, layer1.1.bn1.running_var, layer1.1.conv2.weight, layer1.1.bn2.weight, layer1.1.bn2.bias, layer1.1.bn2.running_mean, layer1.1.bn2.running_var, layer1.1.conv3.weight, layer1.1.bn3.weight, layer1.1.bn3.bias, layer1.1.bn3.running_mean, layer1.1.bn3.running_var, layer1.2.conv1.weight, layer1.2.bn1.weight, layer1.2.bn1.bias, layer1.2.bn1.running_mean, layer1.2.bn1.running_var, layer1.2.conv2.weight, layer1.2.bn2.weight, layer1.2.bn2.bias, layer1.2.bn2.running_mean, layer1.2.bn2.running_var, layer1.2.conv3.weight, layer1.2.bn3.weight, layer1.2.bn3.bias, layer1.2.bn3.running_mean, layer1.2.bn3.running_var, layer2.0.conv1.weight, layer2.0.bn1.weight, layer2.0.bn1.bias, layer2.0.bn1.running_mean, layer2.0.bn1.running_var, layer2.0.conv2.weight, layer2.0.bn2.weight, layer2.0.bn2.bias, layer2.0.bn2.running_mean, layer2.0.bn2.running_var, layer2.0.conv3.weight, layer2.0.bn3.weight, layer2.0.bn3.bias, layer2.0.bn3.running_mean, layer2.0.bn3.running_var, layer2.0.downsample.0.weight, layer2.0.downsample.1.weight, layer2.0.downsample.1.bias, layer2.0.downsample.1.running_mean, layer2.0.downsample.1.running_var, layer2.1.conv1.weight, layer2.1.bn1.weight, layer2.1.bn1.bias, layer2.1.bn1.running_mean, layer2.1.bn1.running_var, layer2.1.conv2.weight, layer2.1.bn2.weight, layer2.1.bn2.bias, layer2.1.bn2.running_mean, layer2.1.bn2.running_var, layer2.1.conv3.weight, layer2.1.bn3.weight, layer2.1.bn3.bias, layer2.1.bn3.running_mean, layer2.1.bn3.running_var, layer2.2.conv1.weight, layer2.2.bn1.weight, layer2.2.bn1.bias, layer2.2.bn1.running_mean, layer2.2.bn1.running_var, layer2.2.conv2.weight, layer2.2.bn2.weight, layer2.2.bn2.bias, layer2.2.bn2.running_mean, layer2.2.bn2.running_var, layer2.2.conv3.weight, layer2.2.bn3.weight, layer2.2.bn3.bias, layer2.2.bn3.running_mean, layer2.2.bn3.running_var, layer2.3.conv1.weight, layer2.3.bn1.weight, layer2.3.bn1.bias, layer2.3.bn1.running_mean, layer2.3.bn1.running_var, layer2.3.conv2.weight, layer2.3.bn2.weight, layer2.3.bn2.bias, layer2.3.bn2.running_mean, layer2.3.bn2.running_var, layer2.3.conv3.weight, layer2.3.bn3.weight, layer2.3.bn3.bias, layer2.3.bn3.running_mean, layer2.3.bn3.running_var, layer3.0.conv1.weight, layer3.0.bn1.weight, layer3.0.bn1.bias, layer3.0.bn1.running_mean, layer3.0.bn1.running_var, layer3.0.conv2.weight, layer3.0.bn2.weight, layer3.0.bn2.bias, layer3.0.bn2.running_mean, layer3.0.bn2.running_var, layer3.0.conv3.weight, layer3.0.bn3.weight, layer3.0.bn3.bias, layer3.0.bn3.running_mean, layer3.0.bn3.running_var, layer3.0.downsample.0.weight, layer3.0.downsample.1.weight, layer3.0.downsample.1.bias, layer3.0.downsample.1.running_mean, layer3.0.downsample.1.running_var, layer3.1.conv1.weight, layer3.1.bn1.weight, layer3.1.bn1.bias, layer3.1.bn1.running_mean, layer3.1.bn1.running_var, layer3.1.conv2.weight, layer3.1.bn2.weight, layer3.1.bn2.bias, layer3.1.bn2.running_mean, layer3.1.bn2.running_var, layer3.1.conv3.weight, layer3.1.bn3.weight, layer3.1.bn3.bias, layer3.1.bn3.running_mean, layer3.1.bn3.running_var, layer3.2.conv1.weight, layer3.2.bn1.weight, layer3.2.bn1.bias, layer3.2.bn1.running_mean, layer3.2.bn1.running_var, layer3.2.conv2.weight, layer3.2.bn2.weight, layer3.2.bn2.bias, layer3.2.bn2.running_mean, layer3.2.bn2.running_var, layer3.2.conv3.weight, layer3.2.bn3.weight, layer3.2.bn3.bias, layer3.2.bn3.running_mean, layer3.2.bn3.running_var, layer3.3.conv1.weight, layer3.3.bn1.weight, layer3.3.bn1.bias, layer3.3.bn1.running_mean, layer3.3.bn1.running_var, layer3.3.conv2.weight, layer3.3.bn2.weight, layer3.3.bn2.bias, layer3.3.bn2.running_mean, layer3.3.bn2.running_var, layer3.3.conv3.weight, layer3.3.bn3.weight, layer3.3.bn3.bias, layer3.3.bn3.running_mean, layer3.3.bn3.running_var, layer3.4.conv1.weight, layer3.4.bn1.weight, layer3.4.bn1.bias, layer3.4.bn1.running_mean, layer3.4.bn1.running_var, layer3.4.conv2.weight, layer3.4.bn2.weight, layer3.4.bn2.bias, layer3.4.bn2.running_mean, layer3.4.bn2.running_var, layer3.4.conv3.weight, layer3.4.bn3.weight, layer3.4.bn3.bias, layer3.4.bn3.running_mean, layer3.4.bn3.running_var, layer3.5.conv1.weight, layer3.5.bn1.weight, layer3.5.bn1.bias, layer3.5.bn1.running_mean, layer3.5.bn1.running_var, layer3.5.conv2.weight, layer3.5.bn2.weight, layer3.5.bn2.bias, layer3.5.bn2.running_mean, layer3.5.bn2.running_var, layer3.5.conv3.weight, layer3.5.bn3.weight, layer3.5.bn3.bias, layer3.5.bn3.running_mean, layer3.5.bn3.running_var, layer3.6.conv1.weight, layer3.6.bn1.weight, layer3.6.bn1.bias, layer3.6.bn1.running_mean, layer3.6.bn1.running_var, layer3.6.conv2.weight, layer3.6.bn2.weight, layer3.6.bn2.bias, layer3.6.bn2.running_mean, layer3.6.bn2.running_var, layer3.6.conv3.weight, layer3.6.bn3.weight, layer3.6.bn3.bias, layer3.6.bn3.running_mean, layer3.6.bn3.running_var, layer3.7.conv1.weight, layer3.7.bn1.weight, layer3.7.bn1.bias, layer3.7.bn1.running_mean, layer3.7.bn1.running_var, layer3.7.conv2.weight, layer3.7.bn2.weight, layer3.7.bn2.bias, layer3.7.bn2.running_mean, layer3.7.bn2.running_var, layer3.7.conv3.weight, layer3.7.bn3.weight, layer3.7.bn3.bias, layer3.7.bn3.running_mean, layer3.7.bn3.running_var, layer3.8.conv1.weight, layer3.8.bn1.weight, layer3.8.bn1.bias, layer3.8.bn1.running_mean, layer3.8.bn1.running_var, layer3.8.conv2.weight, layer3.8.bn2.weight, layer3.8.bn2.bias, layer3.8.bn2.running_mean, layer3.8.bn2.running_var, layer3.8.conv3.weight, layer3.8.bn3.weight, layer3.8.bn3.bias, layer3.8.bn3.running_mean, layer3.8.bn3.running_var, layer3.9.conv1.weight, layer3.9.bn1.weight, layer3.9.bn1.bias, layer3.9.bn1.running_mean, layer3.9.bn1.running_var, layer3.9.conv2.weight, layer3.9.bn2.weight, layer3.9.bn2.bias, layer3.9.bn2.running_mean, layer3.9.bn2.running_var, layer3.9.conv3.weight, layer3.9.bn3.weight, layer3.9.bn3.bias, layer3.9.bn3.running_mean, layer3.9.bn3.running_var, layer3.10.conv1.weight, layer3.10.bn1.weight, layer3.10.bn1.bias, layer3.10.bn1.running_mean, layer3.10.bn1.running_var, layer3.10.conv2.weight, layer3.10.bn2.weight, layer3.10.bn2.bias, layer3.10.bn2.running_mean, layer3.10.bn2.running_var, layer3.10.conv3.weight, layer3.10.bn3.weight, layer3.10.bn3.bias, layer3.10.bn3.running_mean, layer3.10.bn3.running_var, layer3.11.conv1.weight, layer3.11.bn1.weight, layer3.11.bn1.bias, layer3.11.bn1.running_mean, layer3.11.bn1.running_var, layer3.11.conv2.weight, layer3.11.bn2.weight, layer3.11.bn2.bias, layer3.11.bn2.running_mean, layer3.11.bn2.running_var, layer3.11.conv3.weight, layer3.11.bn3.weight, layer3.11.bn3.bias, layer3.11.bn3.running_mean, layer3.11.bn3.running_var, layer3.12.conv1.weight, layer3.12.bn1.weight, layer3.12.bn1.bias, layer3.12.bn1.running_mean, layer3.12.bn1.running_var, layer3.12.conv2.weight, layer3.12.bn2.weight, layer3.12.bn2.bias, layer3.12.bn2.running_mean, layer3.12.bn2.running_var, layer3.12.conv3.weight, layer3.12.bn3.weight, layer3.12.bn3.bias, layer3.12.bn3.running_mean, layer3.12.bn3.running_var, layer3.13.conv1.weight, layer3.13.bn1.weight, layer3.13.bn1.bias, layer3.13.bn1.running_mean, layer3.13.bn1.running_var, layer3.13.conv2.weight, layer3.13.bn2.weight, layer3.13.bn2.bias, layer3.13.bn2.running_mean, layer3.13.bn2.running_var, layer3.13.conv3.weight, layer3.13.bn3.weight, layer3.13.bn3.bias, layer3.13.bn3.running_mean, layer3.13.bn3.running_var, layer3.14.conv1.weight, layer3.14.bn1.weight, layer3.14.bn1.bias, layer3.14.bn1.running_mean, layer3.14.bn1.running_var, layer3.14.conv2.weight, layer3.14.bn2.weight, layer3.14.bn2.bias, layer3.14.bn2.running_mean, layer3.14.bn2.running_var, layer3.14.conv3.weight, layer3.14.bn3.weight, layer3.14.bn3.bias, layer3.14.bn3.running_mean, layer3.14.bn3.running_var, layer3.15.conv1.weight, layer3.15.bn1.weight, layer3.15.bn1.bias, layer3.15.bn1.running_mean, layer3.15.bn1.running_var, layer3.15.conv2.weight, layer3.15.bn2.weight, layer3.15.bn2.bias, layer3.15.bn2.running_mean, layer3.15.bn2.running_var, layer3.15.conv3.weight, layer3.15.bn3.weight, layer3.15.bn3.bias, layer3.15.bn3.running_mean, layer3.15.bn3.running_var, layer3.16.conv1.weight, layer3.16.bn1.weight, layer3.16.bn1.bias, layer3.16.bn1.running_mean, layer3.16.bn1.running_var, layer3.16.conv2.weight, layer3.16.bn2.weight, layer3.16.bn2.bias, layer3.16.bn2.running_mean, layer3.16.bn2.running_var, layer3.16.conv3.weight, layer3.16.bn3.weight, layer3.16.bn3.bias, layer3.16.bn3.running_mean, layer3.16.bn3.running_var, layer3.17.conv1.weight, layer3.17.bn1.weight, layer3.17.bn1.bias, layer3.17.bn1.running_mean, layer3.17.bn1.running_var, layer3.17.conv2.weight, layer3.17.bn2.weight, layer3.17.bn2.bias, layer3.17.bn2.running_mean, layer3.17.bn2.running_var, layer3.17.conv3.weight, layer3.17.bn3.weight, layer3.17.bn3.bias, layer3.17.bn3.running_mean, layer3.17.bn3.running_var, layer3.18.conv1.weight, layer3.18.bn1.weight, layer3.18.bn1.bias, layer3.18.bn1.running_mean, layer3.18.bn1.running_var, layer3.18.conv2.weight, layer3.18.bn2.weight, layer3.18.bn2.bias, layer3.18.bn2.running_mean, layer3.18.bn2.running_var, layer3.18.conv3.weight, layer3.18.bn3.weight, layer3.18.bn3.bias, layer3.18.bn3.running_mean, layer3.18.bn3.running_var, layer3.19.conv1.weight, layer3.19.bn1.weight, layer3.19.bn1.bias, layer3.19.bn1.running_mean, layer3.19.bn1.running_var, layer3.19.conv2.weight, layer3.19.bn2.weight, layer3.19.bn2.bias, layer3.19.bn2.running_mean, layer3.19.bn2.running_var, layer3.19.conv3.weight, layer3.19.bn3.weight, layer3.19.bn3.bias, layer3.19.bn3.running_mean, layer3.19.bn3.running_var, layer3.20.conv1.weight, layer3.20.bn1.weight, layer3.20.bn1.bias, layer3.20.bn1.running_mean, layer3.20.bn1.running_var, layer3.20.conv2.weight, layer3.20.bn2.weight, layer3.20.bn2.bias, layer3.20.bn2.running_mean, layer3.20.bn2.running_var, layer3.20.conv3.weight, layer3.20.bn3.weight, layer3.20.bn3.bias, layer3.20.bn3.running_mean, layer3.20.bn3.running_var, layer3.21.conv1.weight, layer3.21.bn1.weight, layer3.21.bn1.bias, layer3.21.bn1.running_mean, layer3.21.bn1.running_var, layer3.21.conv2.weight, layer3.21.bn2.weight, layer3.21.bn2.bias, layer3.21.bn2.running_mean, layer3.21.bn2.running_var, layer3.21.conv3.weight, layer3.21.bn3.weight, layer3.21.bn3.bias, layer3.21.bn3.running_mean, layer3.21.bn3.running_var, layer3.22.conv1.weight, layer3.22.bn1.weight, layer3.22.bn1.bias, layer3.22.bn1.running_mean, layer3.22.bn1.running_var, layer3.22.conv2.weight, layer3.22.bn2.weight, layer3.22.bn2.bias, layer3.22.bn2.running_mean, layer3.22.bn2.running_var, layer3.22.conv3.weight, layer3.22.bn3.weight, layer3.22.bn3.bias, layer3.22.bn3.running_mean, layer3.22.bn3.running_var, layer4.0.conv1.weight, layer4.0.bn1.weight, layer4.0.bn1.bias, layer4.0.bn1.running_mean, layer4.0.bn1.running_var, layer4.0.conv2.weight, layer4.0.bn2.weight, layer4.0.bn2.bias, layer4.0.bn2.running_mean, layer4.0.bn2.running_var, layer4.0.conv3.weight, layer4.0.bn3.weight, layer4.0.bn3.bias, layer4.0.bn3.running_mean, layer4.0.bn3.running_var, layer4.0.downsample.0.weight, layer4.0.downsample.1.weight, layer4.0.downsample.1.bias, layer4.0.downsample.1.running_mean, layer4.0.downsample.1.running_var, layer4.1.conv1.weight, layer4.1.bn1.weight, layer4.1.bn1.bias, layer4.1.bn1.running_mean, layer4.1.bn1.running_var, layer4.1.conv2.weight, layer4.1.bn2.weight, layer4.1.bn2.bias, layer4.1.bn2.running_mean, layer4.1.bn2.running_var, layer4.1.conv3.weight, layer4.1.bn3.weight, layer4.1.bn3.bias, layer4.1.bn3.running_mean, layer4.1.bn3.running_var, layer4.2.conv1.weight, layer4.2.bn1.weight, layer4.2.bn1.bias, layer4.2.bn1.running_mean, layer4.2.bn1.running_var, layer4.2.conv2.weight, layer4.2.bn2.weight, layer4.2.bn2.bias, layer4.2.bn2.running_mean, layer4.2.bn2.running_var, layer4.2.conv3.weight, layer4.2.bn3.weight, layer4.2.bn3.bias, layer4.2.bn3.running_mean, layer4.2.bn3.running_var, custom_conv1_1.weight, custom_conv1_2.weight, custom_conv2_2.weight, custom_conv2_3.weight, custom_conv3_3.weight, custom_conv512_32.weight, custom_conv64_1024.weight, custom_conv96_1024.weight, custom_conv32_1024.weight

2021-01-08 17:01:22,856 - mmdet - INFO - Start running, host: kemove@kemove-SYS-4028GR-TR, work_dir: /home/kemove/nmq/20201224/mmdetection/output20210108
2021-01-08 17:01:22,856 - mmdet - INFO - workflow: [('train', 1)], max: 12 epochs
2021-01-08 17:01:54,230 - mmdet - INFO - Epoch [1][50/349]	lr: 1.978e-03, eta: 0:43:15, time: 0.627, data_time: 0.050, memory: 5674, loss_rpn_cls: 0.5566, loss_rpn_bbox: 0.0208, loss_cls: 0.3126, acc: 99.0996, loss_bbox: 0.0105, loss: 0.9005
2021-01-08 17:02:23,933 - mmdet - INFO - Epoch [1][100/349]	lr: 3.976e-03, eta: 0:41:36, time: 0.594, data_time: 0.005, memory: 5674, loss_rpn_cls: 0.1540, loss_rpn_bbox: 0.0233, loss_cls: 0.1454, acc: 99.3633, loss_bbox: 0.0072, loss: 0.3299
2021-01-08 17:02:53,993 - mmdet - INFO - Epoch [1][150/349]	lr: 5.974e-03, eta: 0:40:53, time: 0.601, data_time: 0.005, memory: 5674, loss_rpn_cls: 0.1275, loss_rpn_bbox: 0.0253, loss_cls: 0.1218, acc: 99.0137, loss_bbox: 0.0209, loss: 0.2954
2021-01-08 17:03:23,207 - mmdet - INFO - Epoch [1][200/349]	lr: 7.972e-03, eta: 0:39:59, time: 0.584, data_time: 0.005, memory: 5674, loss_rpn_cls: 0.0742, loss_rpn_bbox: 0.0177, loss_cls: 0.1049, acc: 98.2188, loss_bbox: 0.0617, loss: 0.2585
2021-01-08 17:03:52,910 - mmdet - INFO - Epoch [1][250/349]	lr: 9.970e-03, eta: 0:39:23, time: 0.594, data_time: 0.005, memory: 5674, loss_rpn_cls: 0.0679, loss_rpn_bbox: 0.0197, loss_cls: 0.1025, acc: 97.4844, loss_bbox: 0.0866, loss: 0.2766
2021-01-08 17:04:22,639 - mmdet - INFO - Epoch [1][300/349]	lr: 1.197e-02, eta: 0:38:49, time: 0.595, data_time: 0.005, memory: 5674, loss_rpn_cls: 0.0581, loss_rpn_bbox: 0.0211, loss_cls: 0.1061, acc: 96.9883, loss_bbox: 0.1095, loss: 0.2948
2021-01-08 17:04:52,461 - mmdet - INFO - Saving checkpoint at 1 epochs
2021-01-08 17:05:27,692 - mmdet - INFO - Evaluating bbox...
2021-01-08 17:05:28,597 - mmdet - INFO - Exp name: faster_rcnn_r101_fpn_1x_coco.py
2021-01-08 17:05:28,597 - mmdet - INFO - Epoch(val) [1][349]	bbox_mAP: 0.1290, bbox_mAP_50: 0.4260, bbox_mAP_75: 0.0290, bbox_mAP_s: 0.1650, bbox_mAP_m: 0.0890, bbox_mAP_l: 0.0330, bbox_mAP_copypaste: 0.129 0.426 0.029 0.165 0.089 0.033
2021-01-08 17:06:00,629 - mmdet - INFO - Epoch [2][50/349]	lr: 1.592e-02, eta: 0:33:31, time: 0.640, data_time: 0.051, memory: 5674, loss_rpn_cls: 0.0411, loss_rpn_bbox: 0.0212, loss_cls: 0.0879, acc: 97.0156, loss_bbox: 0.0948, loss: 0.2450
2021-01-08 17:06:29,744 - mmdet - INFO - Epoch [2][100/349]	lr: 1.792e-02, eta: 0:33:26, time: 0.582, data_time: 0.005, memory: 5674, loss_rpn_cls: 0.0385, loss_rpn_bbox: 0.0182, loss_cls: 0.1008, acc: 96.7480, loss_bbox: 0.0890, loss: 0.2464
2021-01-08 17:06:59,639 - mmdet - INFO - Epoch [2][150/349]	lr: 1.992e-02, eta: 0:33:21, time: 0.598, data_time: 0.005, memory: 5674, loss_rpn_cls: 0.0366, loss_rpn_bbox: 0.0196, loss_cls: 0.0728, acc: 97.5586, loss_bbox: 0.0850, loss: 0.2140
2021-01-08 17:07:29,955 - mmdet - INFO - Epoch [2][200/349]	lr: 2.000e-02, eta: 0:33:15, time: 0.606, data_time: 0.005, memory: 5674, loss_rpn_cls: 0.0386, loss_rpn_bbox: 0.0202, loss_cls: 0.0835, acc: 97.1699, loss_bbox: 0.0950, loss: 0.2374
2021-01-08 17:08:00,171 - mmdet - INFO - Epoch [2][250/349]	lr: 2.000e-02, eta: 0:33:05, time: 0.604, data_time: 0.005, memory: 5674, loss_rpn_cls: 0.0224, loss_rpn_bbox: 0.0207, loss_cls: 0.0912, acc: 96.5664, loss_bbox: 0.1105, loss: 0.2448
2021-01-08 17:08:30,217 - mmdet - INFO - Epoch [2][300/349]	lr: 2.000e-02, eta: 0:32:50, time: 0.601, data_time: 0.005, memory: 5674, loss_rpn_cls: 0.0319, loss_rpn_bbox: 0.0248, loss_cls: 0.1005, acc: 96.1211, loss_bbox: 0.1227, loss: 0.2799
2021-01-08 17:09:00,011 - mmdet - INFO - Saving checkpoint at 2 epochs
2021-01-08 17:09:35,241 - mmdet - INFO - Evaluating bbox...
2021-01-08 17:09:35,917 - mmdet - INFO - Exp name: faster_rcnn_r101_fpn_1x_coco.py
2021-01-08 17:09:35,918 - mmdet - INFO - Epoch(val) [2][349]	bbox_mAP: 0.2450, bbox_mAP_50: 0.6130, bbox_mAP_75: 0.1230, bbox_mAP_s: 0.2880, bbox_mAP_m: 0.1990, bbox_mAP_l: 0.2510, bbox_mAP_copypaste: 0.245 0.613 0.123 0.288 0.199 0.251
2021-01-08 17:10:08,004 - mmdet - INFO - Epoch [3][50/349]	lr: 2.000e-02, eta: 0:30:09, time: 0.641, data_time: 0.051, memory: 5674, loss_rpn_cls: 0.0366, loss_rpn_bbox: 0.0250, loss_cls: 0.0707, acc: 97.4121, loss_bbox: 0.0824, loss: 0.2147
2021-01-08 17:10:37,748 - mmdet - INFO - Epoch [3][100/349]	lr: 2.000e-02, eta: 0:29:57, time: 0.595, data_time: 0.005, memory: 5674, loss_rpn_cls: 0.0207, loss_rpn_bbox: 0.0189, loss_cls: 0.0942, acc: 96.4219, loss_bbox: 0.1122, loss: 0.2460
2021-01-08 17:11:07,952 - mmdet - INFO - Epoch [3][150/349]	lr: 2.000e-02, eta: 0:29:45, time: 0.604, data_time: 0.005, memory: 5674, loss_rpn_cls: 0.0243, loss_rpn_bbox: 0.0186, loss_cls: 0.0837, acc: 96.9238, loss_bbox: 0.0919, loss: 0.2185
2021-01-08 17:11:37,689 - mmdet - INFO - Epoch [3][200/349]	lr: 2.000e-02, eta: 0:29:30, time: 0.595, data_time: 0.005, memory: 5675, loss_rpn_cls: 0.0266, loss_rpn_bbox: 0.0258, loss_cls: 0.0729, acc: 97.1289, loss_bbox: 0.0940, loss: 0.2193
2021-01-08 17:12:07,223 - mmdet - INFO - Epoch [3][250/349]	lr: 2.000e-02, eta: 0:29:12, time: 0.591, data_time: 0.005, memory: 5675, loss_rpn_cls: 0.0359, loss_rpn_bbox: 0.0195, loss_cls: 0.0711, acc: 97.4004, loss_bbox: 0.0940, loss: 0.2205
2021-01-08 17:12:37,034 - mmdet - INFO - Epoch [3][300/349]	lr: 2.000e-02, eta: 0:28:53, time: 0.596, data_time: 0.005, memory: 5675, loss_rpn_cls: 0.0256, loss_rpn_bbox: 0.0197, loss_cls: 0.0839, acc: 96.7109, loss_bbox: 0.1149, loss: 0.2441
2021-01-08 17:13:06,717 - mmdet - INFO - Saving checkpoint at 3 epochs
2021-01-08 17:13:41,932 - mmdet - INFO - Evaluating bbox...
2021-01-08 17:13:42,446 - mmdet - INFO - Exp name: faster_rcnn_r101_fpn_1x_coco.py
2021-01-08 17:13:42,446 - mmdet - INFO - Epoch(val) [3][349]	bbox_mAP: 0.2790, bbox_mAP_50: 0.6580, bbox_mAP_75: 0.1600, bbox_mAP_s: 0.3210, bbox_mAP_m: 0.2290, bbox_mAP_l: 0.2710, bbox_mAP_copypaste: 0.279 0.658 0.160 0.321 0.229 0.271
2021-01-08 17:14:14,545 - mmdet - INFO - Epoch [4][50/349]	lr: 2.000e-02, eta: 0:26:58, time: 0.642, data_time: 0.050, memory: 5675, loss_rpn_cls: 0.0218, loss_rpn_bbox: 0.0191, loss_cls: 0.0792, acc: 97.1992, loss_bbox: 0.0909, loss: 0.2110
2021-01-08 17:14:44,735 - mmdet - INFO - Epoch [4][100/349]	lr: 2.000e-02, eta: 0:26:43, time: 0.604, data_time: 0.005, memory: 5675, loss_rpn_cls: 0.0210, loss_rpn_bbox: 0.0239, loss_cls: 0.0832, acc: 96.7617, loss_bbox: 0.1059, loss: 0.2340
2021-01-08 17:15:15,248 - mmdet - INFO - Epoch [4][150/349]	lr: 2.000e-02, eta: 0:26:27, time: 0.610, data_time: 0.005, memory: 5675, loss_rpn_cls: 0.0158, loss_rpn_bbox: 0.0169, loss_cls: 0.0690, acc: 97.4180, loss_bbox: 0.0932, loss: 0.1949
2021-01-08 17:15:46,073 - mmdet - INFO - Epoch [4][200/349]	lr: 2.000e-02, eta: 0:26:10, time: 0.616, data_time: 0.005, memory: 5675, loss_rpn_cls: 0.0143, loss_rpn_bbox: 0.0185, loss_cls: 0.0672, acc: 97.4141, loss_bbox: 0.0923, loss: 0.1923
2021-01-08 17:16:16,103 - mmdet - INFO - Epoch [4][250/349]	lr: 2.000e-02, eta: 0:25:51, time: 0.601, data_time: 0.005, memory: 5675, loss_rpn_cls: 0.0151, loss_rpn_bbox: 0.0186, loss_cls: 0.0784, acc: 96.7344, loss_bbox: 0.1098, loss: 0.2219
2021-01-08 17:16:46,445 - mmdet - INFO - Epoch [4][300/349]	lr: 2.000e-02, eta: 0:25:32, time: 0.607, data_time: 0.005, memory: 5675, loss_rpn_cls: 0.0382, loss_rpn_bbox: 0.0268, loss_cls: 0.0825, acc: 96.7578, loss_bbox: 0.1186, loss: 0.2661
2021-01-08 17:17:15,273 - mmdet - INFO - Saving checkpoint at 4 epochs
2021-01-08 17:17:50,699 - mmdet - INFO - Evaluating bbox...
2021-01-08 17:17:51,180 - mmdet - INFO - Exp name: faster_rcnn_r101_fpn_1x_coco.py
2021-01-08 17:17:51,180 - mmdet - INFO - Epoch(val) [4][349]	bbox_mAP: 0.3210, bbox_mAP_50: 0.7570, bbox_mAP_75: 0.1990, bbox_mAP_s: 0.3380, bbox_mAP_m: 0.3010, bbox_mAP_l: 0.2740, bbox_mAP_copypaste: 0.321 0.757 0.199 0.338 0.301 0.274
2021-01-08 17:18:23,338 - mmdet - INFO - Epoch [5][50/349]	lr: 2.000e-02, eta: 0:23:58, time: 0.643, data_time: 0.050, memory: 5675, loss_rpn_cls: 0.0187, loss_rpn_bbox: 0.0185, loss_cls: 0.0725, acc: 97.3027, loss_bbox: 0.0961, loss: 0.2058
2021-01-08 17:18:53,358 - mmdet - INFO - Epoch [5][100/349]	lr: 2.000e-02, eta: 0:23:39, time: 0.600, data_time: 0.005, memory: 5675, loss_rpn_cls: 0.0273, loss_rpn_bbox: 0.0208, loss_cls: 0.0628, acc: 97.6309, loss_bbox: 0.0861, loss: 0.1970
2021-01-08 17:19:24,054 - mmdet - INFO - Epoch [5][150/349]	lr: 2.000e-02, eta: 0:23:20, time: 0.614, data_time: 0.005, memory: 5675, loss_rpn_cls: 0.0186, loss_rpn_bbox: 0.0170, loss_cls: 0.0746, acc: 97.1367, loss_bbox: 0.0947, loss: 0.2049
2021-01-08 17:19:54,378 - mmdet - INFO - Epoch [5][200/349]	lr: 2.000e-02, eta: 0:22:59, time: 0.606, data_time: 0.005, memory: 5675, loss_rpn_cls: 0.0187, loss_rpn_bbox: 0.0215, loss_cls: 0.0853, acc: 96.6914, loss_bbox: 0.0932, loss: 0.2187
2021-01-08 17:20:23,711 - mmdet - INFO - Epoch [5][250/349]	lr: 2.000e-02, eta: 0:22:37, time: 0.587, data_time: 0.005, memory: 5675, loss_rpn_cls: 0.0165, loss_rpn_bbox: 0.0210, loss_cls: 0.0791, acc: 96.8145, loss_bbox: 0.1030, loss: 0.2195
2021-01-08 17:20:53,875 - mmdet - INFO - Epoch [5][300/349]	lr: 2.000e-02, eta: 0:22:15, time: 0.603, data_time: 0.006, memory: 5675, loss_rpn_cls: 0.0149, loss_rpn_bbox: 0.0155, loss_cls: 0.0706, acc: 97.2305, loss_bbox: 0.1059, loss: 0.2069
2021-01-08 17:21:23,123 - mmdet - INFO - Saving checkpoint at 5 epochs
2021-01-08 17:21:58,342 - mmdet - INFO - Evaluating bbox...
2021-01-08 17:21:58,878 - mmdet - INFO - Exp name: faster_rcnn_r101_fpn_1x_coco.py
2021-01-08 17:21:58,878 - mmdet - INFO - Epoch(val) [5][349]	bbox_mAP: 0.3270, bbox_mAP_50: 0.7100, bbox_mAP_75: 0.2170, bbox_mAP_s: 0.3470, bbox_mAP_m: 0.3000, bbox_mAP_l: 0.3410, bbox_mAP_copypaste: 0.327 0.710 0.217 0.347 0.300 0.341
2021-01-08 17:22:30,804 - mmdet - INFO - Epoch [6][50/349]	lr: 2.000e-02, eta: 0:20:54, time: 0.638, data_time: 0.050, memory: 5675, loss_rpn_cls: 0.0178, loss_rpn_bbox: 0.0185, loss_cls: 0.0782, acc: 97.0586, loss_bbox: 0.1083, loss: 0.2228
2021-01-08 17:23:00,853 - mmdet - INFO - Epoch [6][100/349]	lr: 2.000e-02, eta: 0:20:33, time: 0.601, data_time: 0.005, memory: 5675, loss_rpn_cls: 0.0275, loss_rpn_bbox: 0.0274, loss_cls: 0.0963, acc: 96.2637, loss_bbox: 0.1308, loss: 0.2820
2021-01-08 17:23:30,961 - mmdet - INFO - Epoch [6][150/349]	lr: 2.000e-02, eta: 0:20:11, time: 0.602, data_time: 0.005, memory: 5675, loss_rpn_cls: 0.0153, loss_rpn_bbox: 0.0176, loss_cls: 0.0827, acc: 96.6777, loss_bbox: 0.1036, loss: 0.2192
2021-01-08 17:24:01,177 - mmdet - INFO - Epoch [6][200/349]	lr: 2.000e-02, eta: 0:19:49, time: 0.604, data_time: 0.005, memory: 5675, loss_rpn_cls: 0.0131, loss_rpn_bbox: 0.0173, loss_cls: 0.0685, acc: 97.2031, loss_bbox: 0.1073, loss: 0.2062
2021-01-08 17:24:31,565 - mmdet - INFO - Epoch [6][250/349]	lr: 2.000e-02, eta: 0:19:27, time: 0.608, data_time: 0.005, memory: 5675, loss_rpn_cls: 0.0136, loss_rpn_bbox: 0.0167, loss_cls: 0.0789, acc: 96.9473, loss_bbox: 0.1128, loss: 0.2221
2021-01-08 17:25:01,193 - mmdet - INFO - Epoch [6][300/349]	lr: 2.000e-02, eta: 0:19:03, time: 0.593, data_time: 0.005, memory: 5675, loss_rpn_cls: 0.0127, loss_rpn_bbox: 0.0162, loss_cls: 0.0801, acc: 96.8047, loss_bbox: 0.1182, loss: 0.2271
2021-01-08 17:25:30,764 - mmdet - INFO - Saving checkpoint at 6 epochs
2021-01-08 17:26:06,111 - mmdet - INFO - Evaluating bbox...
2021-01-08 17:26:06,521 - mmdet - INFO - Exp name: faster_rcnn_r101_fpn_1x_coco.py
2021-01-08 17:26:06,521 - mmdet - INFO - Epoch(val) [6][349]	bbox_mAP: 0.3520, bbox_mAP_50: 0.7760, bbox_mAP_75: 0.2540, bbox_mAP_s: 0.3840, bbox_mAP_m: 0.3050, bbox_mAP_l: 0.3640, bbox_mAP_copypaste: 0.352 0.776 0.254 0.384 0.305 0.364
2021-01-08 17:26:39,196 - mmdet - INFO - Epoch [7][50/349]	lr: 2.000e-02, eta: 0:17:51, time: 0.653, data_time: 0.051, memory: 5675, loss_rpn_cls: 0.0175, loss_rpn_bbox: 0.0166, loss_cls: 0.0778, acc: 96.8965, loss_bbox: 0.1026, loss: 0.2145
2021-01-08 17:27:09,353 - mmdet - INFO - Epoch [7][100/349]	lr: 2.000e-02, eta: 0:17:29, time: 0.603, data_time: 0.005, memory: 5675, loss_rpn_cls: 0.0121, loss_rpn_bbox: 0.0158, loss_cls: 0.0779, acc: 96.8301, loss_bbox: 0.1201, loss: 0.2259
2021-01-08 17:27:39,125 - mmdet - INFO - Epoch [7][150/349]	lr: 2.000e-02, eta: 0:17:05, time: 0.595, data_time: 0.005, memory: 5675, loss_rpn_cls: 0.0147, loss_rpn_bbox: 0.0196, loss_cls: 0.0809, acc: 96.7852, loss_bbox: 0.1292, loss: 0.2445
2021-01-08 17:28:09,454 - mmdet - INFO - Epoch [7][200/349]	lr: 2.000e-02, eta: 0:16:42, time: 0.607, data_time: 0.005, memory: 5675, loss_rpn_cls: 0.0115, loss_rpn_bbox: 0.0189, loss_cls: 0.0813, acc: 96.6797, loss_bbox: 0.1264, loss: 0.2380
2021-01-08 17:28:39,209 - mmdet - INFO - Epoch [7][250/349]	lr: 2.000e-02, eta: 0:16:18, time: 0.595, data_time: 0.005, memory: 5675, loss_rpn_cls: 0.0118, loss_rpn_bbox: 0.0140, loss_cls: 0.0635, acc: 97.4883, loss_bbox: 0.0898, loss: 0.1790
2021-01-08 17:29:09,597 - mmdet - INFO - Epoch [7][300/349]	lr: 2.000e-02, eta: 0:15:55, time: 0.608, data_time: 0.005, memory: 5675, loss_rpn_cls: 0.0196, loss_rpn_bbox: 0.0184, loss_cls: 0.0731, acc: 97.0801, loss_bbox: 0.1152, loss: 0.2264
2021-01-08 17:29:39,163 - mmdet - INFO - Saving checkpoint at 7 epochs
2021-01-08 17:30:14,147 - mmdet - INFO - Evaluating bbox...
2021-01-08 17:30:14,536 - mmdet - INFO - Exp name: faster_rcnn_r101_fpn_1x_coco.py
2021-01-08 17:30:14,536 - mmdet - INFO - Epoch(val) [7][349]	bbox_mAP: 0.4400, bbox_mAP_50: 0.8420, bbox_mAP_75: 0.3960, bbox_mAP_s: 0.4420, bbox_mAP_m: 0.4330, bbox_mAP_l: 0.5050, bbox_mAP_copypaste: 0.440 0.842 0.396 0.442 0.433 0.505
2021-01-08 17:30:46,691 - mmdet - INFO - Epoch [8][50/349]	lr: 2.000e-02, eta: 0:14:48, time: 0.643, data_time: 0.051, memory: 5675, loss_rpn_cls: 0.0133, loss_rpn_bbox: 0.0166, loss_cls: 0.0725, acc: 97.0605, loss_bbox: 0.1171, loss: 0.2196
2021-01-08 17:31:16,748 - mmdet - INFO - Epoch [8][100/349]	lr: 2.000e-02, eta: 0:14:24, time: 0.601, data_time: 0.005, memory: 5675, loss_rpn_cls: 0.0126, loss_rpn_bbox: 0.0153, loss_cls: 0.0724, acc: 97.0762, loss_bbox: 0.1084, loss: 0.2087
2021-01-08 17:31:46,584 - mmdet - INFO - Epoch [8][150/349]	lr: 2.000e-02, eta: 0:14:00, time: 0.597, data_time: 0.005, memory: 5675, loss_rpn_cls: 0.0312, loss_rpn_bbox: 0.0281, loss_cls: 0.0739, acc: 97.1875, loss_bbox: 0.1046, loss: 0.2378
2021-01-08 17:32:16,313 - mmdet - INFO - Epoch [8][200/349]	lr: 2.000e-02, eta: 0:13:36, time: 0.595, data_time: 0.005, memory: 5675, loss_rpn_cls: 0.0148, loss_rpn_bbox: 0.0145, loss_cls: 0.0584, acc: 97.7520, loss_bbox: 0.0866, loss: 0.1744
2021-01-08 17:32:46,833 - mmdet - INFO - Epoch [8][250/349]	lr: 2.000e-02, eta: 0:13:12, time: 0.610, data_time: 0.006, memory: 5675, loss_rpn_cls: 0.0134, loss_rpn_bbox: 0.0171, loss_cls: 0.0795, acc: 96.9082, loss_bbox: 0.1162, loss: 0.2262
2021-01-08 17:33:17,253 - mmdet - INFO - Epoch [8][300/349]	lr: 2.000e-02, eta: 0:12:47, time: 0.608, data_time: 0.006, memory: 5675, loss_rpn_cls: 0.0143, loss_rpn_bbox: 0.0172, loss_cls: 0.0779, acc: 96.9746, loss_bbox: 0.1159, loss: 0.2253
2021-01-08 17:33:47,062 - mmdet - INFO - Saving checkpoint at 8 epochs
2021-01-08 17:34:22,638 - mmdet - INFO - Evaluating bbox...
2021-01-08 17:34:23,023 - mmdet - INFO - Exp name: faster_rcnn_r101_fpn_1x_coco.py
2021-01-08 17:34:23,023 - mmdet - INFO - Epoch(val) [8][349]	bbox_mAP: 0.3970, bbox_mAP_50: 0.8400, bbox_mAP_75: 0.2470, bbox_mAP_s: 0.4140, bbox_mAP_m: 0.3780, bbox_mAP_l: 0.3240, bbox_mAP_copypaste: 0.397 0.840 0.247 0.414 0.378 0.324
2021-01-08 17:34:55,970 - mmdet - INFO - Epoch [9][50/349]	lr: 2.000e-03, eta: 0:11:45, time: 0.659, data_time: 0.051, memory: 5675, loss_rpn_cls: 0.0169, loss_rpn_bbox: 0.0212, loss_cls: 0.0768, acc: 96.9258, loss_bbox: 0.1252, loss: 0.2401
2021-01-08 17:35:25,926 - mmdet - INFO - Epoch [9][100/349]	lr: 2.000e-03, eta: 0:11:21, time: 0.599, data_time: 0.005, memory: 5675, loss_rpn_cls: 0.0095, loss_rpn_bbox: 0.0143, loss_cls: 0.0651, acc: 97.3125, loss_bbox: 0.1026, loss: 0.1915
2021-01-08 17:35:57,173 - mmdet - INFO - Epoch [9][150/349]	lr: 2.000e-03, eta: 0:10:57, time: 0.625, data_time: 0.005, memory: 5675, loss_rpn_cls: 0.0108, loss_rpn_bbox: 0.0131, loss_cls: 0.0639, acc: 97.3359, loss_bbox: 0.1090, loss: 0.1968
2021-01-08 17:36:27,857 - mmdet - INFO - Epoch [9][200/349]	lr: 2.000e-03, eta: 0:10:32, time: 0.614, data_time: 0.005, memory: 5675, loss_rpn_cls: 0.0114, loss_rpn_bbox: 0.0116, loss_cls: 0.0691, acc: 97.1953, loss_bbox: 0.1111, loss: 0.2032
2021-01-08 17:36:58,659 - mmdet - INFO - Epoch [9][250/349]	lr: 2.000e-03, eta: 0:10:07, time: 0.616, data_time: 0.005, memory: 5675, loss_rpn_cls: 0.0119, loss_rpn_bbox: 0.0145, loss_cls: 0.0583, acc: 97.6699, loss_bbox: 0.0983, loss: 0.1830
2021-01-08 17:37:29,298 - mmdet - INFO - Epoch [9][300/349]	lr: 2.000e-03, eta: 0:09:42, time: 0.613, data_time: 0.005, memory: 5675, loss_rpn_cls: 0.0117, loss_rpn_bbox: 0.0157, loss_cls: 0.0704, acc: 97.0820, loss_bbox: 0.1112, loss: 0.2090
2021-01-08 17:37:59,866 - mmdet - INFO - Saving checkpoint at 9 epochs
2021-01-08 17:38:35,321 - mmdet - INFO - Evaluating bbox...
2021-01-08 17:38:35,646 - mmdet - INFO - Exp name: faster_rcnn_r101_fpn_1x_coco.py
2021-01-08 17:38:35,646 - mmdet - INFO - Epoch(val) [9][349]	bbox_mAP: 0.4830, bbox_mAP_50: 0.8600, bbox_mAP_75: 0.5020, bbox_mAP_s: 0.4830, bbox_mAP_m: 0.4880, bbox_mAP_l: 0.4920, bbox_mAP_copypaste: 0.483 0.860 0.502 0.483 0.488 0.492
2021-01-08 17:39:07,966 - mmdet - INFO - Epoch [10][50/349]	lr: 2.000e-03, eta: 0:08:43, time: 0.646, data_time: 0.050, memory: 5675, loss_rpn_cls: 0.0095, loss_rpn_bbox: 0.0141, loss_cls: 0.0636, acc: 97.3496, loss_bbox: 0.1103, loss: 0.1975
2021-01-08 17:39:38,153 - mmdet - INFO - Epoch [10][100/349]	lr: 2.000e-03, eta: 0:08:18, time: 0.604, data_time: 0.005, memory: 5675, loss_rpn_cls: 0.0144, loss_rpn_bbox: 0.0143, loss_cls: 0.0664, acc: 97.2168, loss_bbox: 0.1075, loss: 0.2026
2021-01-08 17:40:08,613 - mmdet - INFO - Epoch [10][150/349]	lr: 2.000e-03, eta: 0:07:53, time: 0.609, data_time: 0.005, memory: 5675, loss_rpn_cls: 0.0100, loss_rpn_bbox: 0.0141, loss_cls: 0.0656, acc: 97.2793, loss_bbox: 0.1056, loss: 0.1953
2021-01-08 17:40:39,089 - mmdet - INFO - Epoch [10][200/349]	lr: 2.000e-03, eta: 0:07:27, time: 0.610, data_time: 0.005, memory: 5675, loss_rpn_cls: 0.0103, loss_rpn_bbox: 0.0134, loss_cls: 0.0595, acc: 97.6328, loss_bbox: 0.1005, loss: 0.1837
2021-01-08 17:41:09,045 - mmdet - INFO - Epoch [10][250/349]	lr: 2.000e-03, eta: 0:07:02, time: 0.599, data_time: 0.005, memory: 5675, loss_rpn_cls: 0.0080, loss_rpn_bbox: 0.0127, loss_cls: 0.0614, acc: 97.3906, loss_bbox: 0.1041, loss: 0.1862
2021-01-08 17:41:39,415 - mmdet - INFO - Epoch [10][300/349]	lr: 2.000e-03, eta: 0:06:36, time: 0.607, data_time: 0.005, memory: 5675, loss_rpn_cls: 0.0074, loss_rpn_bbox: 0.0119, loss_cls: 0.0578, acc: 97.6270, loss_bbox: 0.0999, loss: 0.1770
2021-01-08 17:42:08,943 - mmdet - INFO - Saving checkpoint at 10 epochs
2021-01-08 17:42:44,376 - mmdet - INFO - Evaluating bbox...
2021-01-08 17:42:44,718 - mmdet - INFO - Exp name: faster_rcnn_r101_fpn_1x_coco.py
2021-01-08 17:42:44,718 - mmdet - INFO - Epoch(val) [10][349]	bbox_mAP: 0.4950, bbox_mAP_50: 0.8760, bbox_mAP_75: 0.5260, bbox_mAP_s: 0.4940, bbox_mAP_m: 0.5070, bbox_mAP_l: 0.4930, bbox_mAP_copypaste: 0.495 0.876 0.526 0.494 0.507 0.493
2021-01-08 17:43:17,479 - mmdet - INFO - Epoch [11][50/349]	lr: 2.000e-03, eta: 0:05:40, time: 0.655, data_time: 0.051, memory: 5675, loss_rpn_cls: 0.0129, loss_rpn_bbox: 0.0139, loss_cls: 0.0705, acc: 97.1367, loss_bbox: 0.1202, loss: 0.2174
2021-01-08 17:43:47,902 - mmdet - INFO - Epoch [11][100/349]	lr: 2.000e-03, eta: 0:05:14, time: 0.608, data_time: 0.005, memory: 5675, loss_rpn_cls: 0.0109, loss_rpn_bbox: 0.0144, loss_cls: 0.0616, acc: 97.4141, loss_bbox: 0.1088, loss: 0.1957
2021-01-08 17:44:18,724 - mmdet - INFO - Epoch [11][150/349]	lr: 2.000e-03, eta: 0:04:49, time: 0.616, data_time: 0.006, memory: 5675, loss_rpn_cls: 0.0103, loss_rpn_bbox: 0.0149, loss_cls: 0.0687, acc: 97.1875, loss_bbox: 0.1246, loss: 0.2185
2021-01-08 17:44:48,741 - mmdet - INFO - Epoch [11][200/349]	lr: 2.000e-03, eta: 0:04:23, time: 0.600, data_time: 0.006, memory: 5675, loss_rpn_cls: 0.0104, loss_rpn_bbox: 0.0122, loss_cls: 0.0573, acc: 97.7012, loss_bbox: 0.0965, loss: 0.1764
2021-01-08 17:45:18,678 - mmdet - INFO - Epoch [11][250/349]	lr: 2.000e-03, eta: 0:03:57, time: 0.599, data_time: 0.006, memory: 5675, loss_rpn_cls: 0.0074, loss_rpn_bbox: 0.0164, loss_cls: 0.0666, acc: 97.2168, loss_bbox: 0.1156, loss: 0.2060
2021-01-08 17:45:48,699 - mmdet - INFO - Epoch [11][300/349]	lr: 2.000e-03, eta: 0:03:31, time: 0.600, data_time: 0.006, memory: 5675, loss_rpn_cls: 0.0119, loss_rpn_bbox: 0.0125, loss_cls: 0.0610, acc: 97.5215, loss_bbox: 0.0871, loss: 0.1725
2021-01-08 17:46:18,571 - mmdet - INFO - Saving checkpoint at 11 epochs
2021-01-08 17:46:53,966 - mmdet - INFO - Evaluating bbox...
2021-01-08 17:46:54,289 - mmdet - INFO - Exp name: faster_rcnn_r101_fpn_1x_coco.py
2021-01-08 17:46:54,290 - mmdet - INFO - Epoch(val) [11][349]	bbox_mAP: 0.4920, bbox_mAP_50: 0.8770, bbox_mAP_75: 0.5260, bbox_mAP_s: 0.4840, bbox_mAP_m: 0.5150, bbox_mAP_l: 0.4460, bbox_mAP_copypaste: 0.492 0.877 0.526 0.484 0.515 0.446
2021-01-08 17:47:26,952 - mmdet - INFO - Epoch [12][50/349]	lr: 2.000e-04, eta: 0:02:37, time: 0.653, data_time: 0.051, memory: 5675, loss_rpn_cls: 0.0082, loss_rpn_bbox: 0.0131, loss_cls: 0.0633, acc: 97.3730, loss_bbox: 0.1089, loss: 0.1935
2021-01-08 17:47:57,363 - mmdet - INFO - Epoch [12][100/349]	lr: 2.000e-04, eta: 0:02:11, time: 0.608, data_time: 0.005, memory: 5675, loss_rpn_cls: 0.0059, loss_rpn_bbox: 0.0118, loss_cls: 0.0586, acc: 97.4941, loss_bbox: 0.1006, loss: 0.1768
2021-01-08 17:48:27,544 - mmdet - INFO - Epoch [12][150/349]	lr: 2.000e-04, eta: 0:01:44, time: 0.604, data_time: 0.005, memory: 5675, loss_rpn_cls: 0.0093, loss_rpn_bbox: 0.0120, loss_cls: 0.0551, acc: 97.8184, loss_bbox: 0.0906, loss: 0.1670
2021-01-08 17:48:57,456 - mmdet - INFO - Epoch [12][200/349]	lr: 2.000e-04, eta: 0:01:18, time: 0.598, data_time: 0.005, memory: 5675, loss_rpn_cls: 0.0100, loss_rpn_bbox: 0.0135, loss_cls: 0.0617, acc: 97.4531, loss_bbox: 0.1063, loss: 0.1915
2021-01-08 17:49:27,736 - mmdet - INFO - Epoch [12][250/349]	lr: 2.000e-04, eta: 0:00:52, time: 0.606, data_time: 0.005, memory: 5675, loss_rpn_cls: 0.0066, loss_rpn_bbox: 0.0086, loss_cls: 0.0542, acc: 97.6934, loss_bbox: 0.0889, loss: 0.1583
2021-01-08 17:49:58,492 - mmdet - INFO - Epoch [12][300/349]	lr: 2.000e-04, eta: 0:00:25, time: 0.615, data_time: 0.005, memory: 5675, loss_rpn_cls: 0.0117, loss_rpn_bbox: 0.0152, loss_cls: 0.0655, acc: 97.3730, loss_bbox: 0.1144, loss: 0.2068
2021-01-08 17:50:27,846 - mmdet - INFO - Saving checkpoint at 12 epochs
2021-01-08 17:51:03,462 - mmdet - INFO - Evaluating bbox...
2021-01-08 17:51:03,786 - mmdet - INFO - Exp name: faster_rcnn_r101_fpn_1x_coco.py
2021-01-08 17:51:03,786 - mmdet - INFO - Epoch(val) [12][349]	bbox_mAP: 0.5070, bbox_mAP_50: 0.8870, bbox_mAP_75: 0.5560, bbox_mAP_s: 0.5040, bbox_mAP_m: 0.5220, bbox_mAP_l: 0.4750, bbox_mAP_copypaste: 0.507 0.887 0.556 0.504 0.522 0.475
